{"C:\\Users\\pc\\Desktop\\SE2\\frontend\\src\\App.jsx": {"path":"C:\\Users\\pc\\Desktop\\SE2\\frontend\\src\\App.jsx","statementMap":{"0":{"start":{"line":9,"column":2},"end":{"line":35,"column":4}}},"fnMap":{"0":{"name":"App","decl":{"start":{"line":8,"column":9},"end":{"line":8,"column":12}},"loc":{"start":{"line":8,"column":15},"end":{"line":36,"column":1}},"line":8}},"branchMap":{},"s":{"0":0},"f":{"0":0},"b":{}}
,"C:\\Users\\pc\\Desktop\\SE2\\frontend\\src\\ProtectedRoute.jsx": {"path":"C:\\Users\\pc\\Desktop\\SE2\\frontend\\src\\ProtectedRoute.jsx","statementMap":{"0":{"start":{"line":5,"column":23},"end":{"line":26,"column":1}},"1":{"start":{"line":6,"column":26},"end":{"line":8,"column":3}},"2":{"start":{"line":7,"column":4},"end":{"line":7,"column":54}},"3":{"start":{"line":10,"column":22},"end":{"line":12,"column":3}},"4":{"start":{"line":11,"column":4},"end":{"line":11,"column":44}},"5":{"start":{"line":14,"column":2},"end":{"line":16,"column":3}},"6":{"start":{"line":15,"column":4},"end":{"line":15,"column":31}},"7":{"start":{"line":18,"column":19},"end":{"line":18,"column":32}},"8":{"start":{"line":21,"column":2},"end":{"line":23,"column":3}},"9":{"start":{"line":22,"column":4},"end":{"line":22,"column":31}},"10":{"start":{"line":25,"column":2},"end":{"line":25,"column":18}}},"fnMap":{"0":{"name":"(anonymous_0)","decl":{"start":{"line":5,"column":23},"end":{"line":5,"column":24}},"loc":{"start":{"line":5,"column":55},"end":{"line":26,"column":1}},"line":5},"1":{"name":"(anonymous_1)","decl":{"start":{"line":6,"column":26},"end":{"line":6,"column":27}},"loc":{"start":{"line":6,"column":32},"end":{"line":8,"column":3}},"line":6},"2":{"name":"(anonymous_2)","decl":{"start":{"line":10,"column":22},"end":{"line":10,"column":23}},"loc":{"start":{"line":10,"column":28},"end":{"line":12,"column":3}},"line":10}},"branchMap":{"0":{"loc":{"start":{"line":14,"column":2},"end":{"line":16,"column":3}},"type":"if","locations":[{"start":{"line":14,"column":2},"end":{"line":16,"column":3}},{"start":{},"end":{}}],"line":14},"1":{"loc":{"start":{"line":21,"column":2},"end":{"line":23,"column":3}},"type":"if","locations":[{"start":{"line":21,"column":2},"end":{"line":23,"column":3}},{"start":{},"end":{}}],"line":21}},"s":{"0":0,"1":0,"2":0,"3":0,"4":0,"5":0,"6":0,"7":0,"8":0,"9":0,"10":0},"f":{"0":0,"1":0,"2":0},"b":{"0":[0,0],"1":[0,0]}}
,"C:\\Users\\pc\\Desktop\\SE2\\frontend\\src\\main.jsx": {"path":"C:\\Users\\pc\\Desktop\\SE2\\frontend\\src\\main.jsx","statementMap":{"0":{"start":{"line":9,"column":0},"end":{"line":15,"column":2}}},"fnMap":{},"branchMap":{},"s":{"0":0},"f":{},"b":{}}
,"C:\\Users\\pc\\Desktop\\SE2\\frontend\\src\\components\\Admin\\AdminDashboard.jsx": {"path":"C:\\Users\\pc\\Desktop\\SE2\\frontend\\src\\components\\Admin\\AdminDashboard.jsx","statementMap":{"0":{"start":{"line":27,"column":21},"end":{"line":45,"column":1}},"1":{"start":{"line":28,"column":2},"end":{"line":44,"column":8}},"2":{"start":{"line":47,"column":23},"end":{"line":54,"column":1}},"3":{"start":{"line":48,"column":2},"end":{"line":53,"column":8}},"4":{"start":{"line":57,"column":42},"end":{"line":63,"column":4}},"5":{"start":{"line":64,"column":36},"end":{"line":71,"column":4}},"6":{"start":{"line":72,"column":32},"end":{"line":72,"column":46}},"7":{"start":{"line":73,"column":28},"end":{"line":73,"column":42}},"8":{"start":{"line":74,"column":36},"end":{"line":74,"column":52}},"9":{"start":{"line":76,"column":2},"end":{"line":104,"column":18}},"10":{"start":{"line":77,"column":22},"end":{"line":101,"column":5}},"11":{"start":{"line":78,"column":6},"end":{"line":100,"column":7}},"12":{"start":{"line":80,"column":10},"end":{"line":85,"column":12}},"13":{"start":{"line":81,"column":64},"end":{"line":81,"column":74}},"14":{"start":{"line":82,"column":61},"end":{"line":82,"column":71}},"15":{"start":{"line":83,"column":61},"end":{"line":83,"column":71}},"16":{"start":{"line":84,"column":58},"end":{"line":84,"column":68}},"17":{"start":{"line":87,"column":8},"end":{"line":94,"column":11}},"18":{"start":{"line":96,"column":8},"end":{"line":96,"column":26}},"19":{"start":{"line":98,"column":8},"end":{"line":98,"column":30}},"20":{"start":{"line":99,"column":8},"end":{"line":99,"column":26}},"21":{"start":{"line":103,"column":4},"end":{"line":103,"column":16}},"22":{"start":{"line":106,"column":2},"end":{"line":144,"column":9}},"23":{"start":{"line":107,"column":22},"end":{"line":141,"column":5}},"24":{"start":{"line":108,"column":6},"end":{"line":140,"column":7}},"25":{"start":{"line":110,"column":26},"end":{"line":110,"column":55}},"26":{"start":{"line":112,"column":27},"end":{"line":112,"column":57}},"27":{"start":{"line":114,"column":29},"end":{"line":114,"column":60}},"28":{"start":{"line":116,"column":22},"end":{"line":116,"column":36}},"29":{"start":{"line":117,"column":22},"end":{"line":117,"column":37}},"30":{"start":{"line":118,"column":24},"end":{"line":118,"column":41}},"31":{"start":{"line":119,"column":27},"end":{"line":119,"column":39}},"32":{"start":{"line":120,"column":28},"end":{"line":120,"column":40}},"33":{"start":{"line":121,"column":29},"end":{"line":121,"column":43}},"34":{"start":{"line":124,"column":36},"end":{"line":126,"column":9}},"35":{"start":{"line":129,"column":8},"end":{"line":134,"column":11}},"36":{"start":{"line":136,"column":8},"end":{"line":136,"column":26}},"37":{"start":{"line":138,"column":8},"end":{"line":138,"column":30}},"38":{"start":{"line":139,"column":8},"end":{"line":139,"column":26}},"39":{"start":{"line":143,"column":4},"end":{"line":143,"column":16}},"40":{"start":{"line":146,"column":2},"end":{"line":152,"column":3}},"41":{"start":{"line":147,"column":4},"end":{"line":151,"column":6}},"42":{"start":{"line":154,"column":22},"end":{"line":159,"column":3}},"43":{"start":{"line":161,"column":2},"end":{"line":335,"column":4}},"44":{"start":{"line":197,"column":29},"end":{"line":197,"column":57}},"45":{"start":{"line":300,"column":20},"end":{"line":310,"column":22}},"46":{"start":{"line":326,"column":20},"end":{"line":326,"column":69}}},"fnMap":{"0":{"name":"(anonymous_0)","decl":{"start":{"line":27,"column":21},"end":{"line":27,"column":22}},"loc":{"start":{"line":28,"column":2},"end":{"line":44,"column":8}},"line":28},"1":{"name":"(anonymous_1)","decl":{"start":{"line":47,"column":23},"end":{"line":47,"column":24}},"loc":{"start":{"line":48,"column":2},"end":{"line":53,"column":8}},"line":48},"2":{"name":"AdminDashboard","decl":{"start":{"line":56,"column":24},"end":{"line":56,"column":38}},"loc":{"start":{"line":56,"column":41},"end":{"line":336,"column":1}},"line":56},"3":{"name":"(anonymous_3)","decl":{"start":{"line":76,"column":12},"end":{"line":76,"column":13}},"loc":{"start":{"line":76,"column":18},"end":{"line":104,"column":3}},"line":76},"4":{"name":"(anonymous_4)","decl":{"start":{"line":77,"column":22},"end":{"line":77,"column":23}},"loc":{"start":{"line":77,"column":34},"end":{"line":101,"column":5}},"line":77},"5":{"name":"(anonymous_5)","decl":{"start":{"line":81,"column":55},"end":{"line":81,"column":56}},"loc":{"start":{"line":81,"column":64},"end":{"line":81,"column":74}},"line":81},"6":{"name":"(anonymous_6)","decl":{"start":{"line":82,"column":52},"end":{"line":82,"column":53}},"loc":{"start":{"line":82,"column":61},"end":{"line":82,"column":71}},"line":82},"7":{"name":"(anonymous_7)","decl":{"start":{"line":83,"column":52},"end":{"line":83,"column":53}},"loc":{"start":{"line":83,"column":61},"end":{"line":83,"column":71}},"line":83},"8":{"name":"(anonymous_8)","decl":{"start":{"line":84,"column":49},"end":{"line":84,"column":50}},"loc":{"start":{"line":84,"column":58},"end":{"line":84,"column":68}},"line":84},"9":{"name":"(anonymous_9)","decl":{"start":{"line":106,"column":12},"end":{"line":106,"column":13}},"loc":{"start":{"line":106,"column":18},"end":{"line":144,"column":3}},"line":106},"10":{"name":"(anonymous_10)","decl":{"start":{"line":107,"column":22},"end":{"line":107,"column":23}},"loc":{"start":{"line":107,"column":34},"end":{"line":141,"column":5}},"line":107},"11":{"name":"(anonymous_11)","decl":{"start":{"line":197,"column":22},"end":{"line":197,"column":23}},"loc":{"start":{"line":197,"column":29},"end":{"line":197,"column":57}},"line":197},"12":{"name":"(anonymous_12)","decl":{"start":{"line":299,"column":54},"end":{"line":299,"column":55}},"loc":{"start":{"line":300,"column":20},"end":{"line":310,"column":22}},"line":300},"13":{"name":"(anonymous_13)","decl":{"start":{"line":325,"column":29},"end":{"line":325,"column":30}},"loc":{"start":{"line":326,"column":20},"end":{"line":326,"column":69}},"line":326}},"branchMap":{"0":{"loc":{"start":{"line":34,"column":13},"end":{"line":38,"column":13}},"type":"cond-expr","locations":[{"start":{"line":35,"column":14},"end":{"line":35,"column":19}},{"start":{"line":37,"column":14},"end":{"line":37,"column":113}}],"line":34},"1":{"loc":{"start":{"line":146,"column":2},"end":{"line":152,"column":3}},"type":"if","locations":[{"start":{"line":146,"column":2},"end":{"line":152,"column":3}},{"start":{},"end":{}}],"line":146}},"s":{"0":0,"1":0,"2":0,"3":0,"4":0,"5":0,"6":0,"7":0,"8":0,"9":0,"10":0,"11":0,"12":0,"13":0,"14":0,"15":0,"16":0,"17":0,"18":0,"19":0,"20":0,"21":0,"22":0,"23":0,"24":0,"25":0,"26":0,"27":0,"28":0,"29":0,"30":0,"31":0,"32":0,"33":0,"34":0,"35":0,"36":0,"37":0,"38":0,"39":0,"40":0,"41":0,"42":0,"43":0,"44":0,"45":0,"46":0},"f":{"0":0,"1":0,"2":0,"3":0,"4":0,"5":0,"6":0,"7":0,"8":0,"9":0,"10":0,"11":0,"12":0,"13":0},"b":{"0":[0,0],"1":[0,0]}}
,"C:\\Users\\pc\\Desktop\\SE2\\frontend\\src\\components\\Admin\\AdminPages.jsx": {"path":"C:\\Users\\pc\\Desktop\\SE2\\frontend\\src\\components\\Admin\\AdminPages.jsx","statementMap":{"0":{"start":{"line":9,"column":2},"end":{"line":22,"column":4}}},"fnMap":{"0":{"name":"AdminPages","decl":{"start":{"line":8,"column":24},"end":{"line":8,"column":34}},"loc":{"start":{"line":8,"column":37},"end":{"line":23,"column":1}},"line":8}},"branchMap":{},"s":{"0":0},"f":{"0":0},"b":{}}
,"C:\\Users\\pc\\Desktop\\SE2\\frontend\\src\\components\\Admin\\AdminSidebar.jsx": {"path":"C:\\Users\\pc\\Desktop\\SE2\\frontend\\src\\components\\Admin\\AdminSidebar.jsx","statementMap":{"0":{"start":{"line":15,"column":21},"end":{"line":357,"column":1}},"1":{"start":{"line":16,"column":19},"end":{"line":16,"column":32}},"2":{"start":{"line":17,"column":19},"end":{"line":17,"column":32}},"3":{"start":{"line":18,"column":30},"end":{"line":18,"column":45}},"4":{"start":{"line":19,"column":34},"end":{"line":19,"column":46}},"5":{"start":{"line":20,"column":46},"end":{"line":20,"column":58}},"6":{"start":{"line":21,"column":38},"end":{"line":21,"column":53}},"7":{"start":{"line":22,"column":23},"end":{"line":22,"column":35}},"8":{"start":{"line":23,"column":2},"end":{"line":56,"column":9}},"9":{"start":{"line":24,"column":26},"end":{"line":24,"column":40}},"10":{"start":{"line":25,"column":4},"end":{"line":25,"column":39}},"11":{"start":{"line":28,"column":27},"end":{"line":44,"column":5}},"12":{"start":{"line":29,"column":6},"end":{"line":43,"column":7}},"13":{"start":{"line":30,"column":24},"end":{"line":30,"column":55}},"14":{"start":{"line":31,"column":8},"end":{"line":39,"column":9}},"15":{"start":{"line":32,"column":27},"end":{"line":37,"column":11}},"16":{"start":{"line":38,"column":10},"end":{"line":38,"column":58}},"17":{"start":{"line":41,"column":8},"end":{"line":41,"column":64}},"18":{"start":{"line":42,"column":8},"end":{"line":42,"column":58}},"19":{"start":{"line":46,"column":27},"end":{"line":46,"column":59}},"20":{"start":{"line":47,"column":4},"end":{"line":49,"column":5}},"21":{"start":{"line":48,"column":6},"end":{"line":48,"column":34}},"22":{"start":{"line":51,"column":4},"end":{"line":51,"column":21}},"23":{"start":{"line":53,"column":4},"end":{"line":55,"column":6}},"24":{"start":{"line":54,"column":6},"end":{"line":54,"column":37}},"25":{"start":{"line":58,"column":23},"end":{"line":102,"column":3}},"26":{"start":{"line":59,"column":4},"end":{"line":101,"column":5}},"27":{"start":{"line":60,"column":21},"end":{"line":70,"column":8}},"28":{"start":{"line":72,"column":6},"end":{"line":91,"column":7}},"29":{"start":{"line":73,"column":8},"end":{"line":73,"column":71}},"30":{"start":{"line":76,"column":8},"end":{"line":76,"column":43}},"31":{"start":{"line":77,"column":8},"end":{"line":77,"column":44}},"32":{"start":{"line":78,"column":8},"end":{"line":78,"column":45}},"33":{"start":{"line":80,"column":8},"end":{"line":90,"column":11}},"34":{"start":{"line":89,"column":10},"end":{"line":89,"column":29}},"35":{"start":{"line":93,"column":6},"end":{"line":93,"column":45}},"36":{"start":{"line":94,"column":6},"end":{"line":100,"column":9}},"37":{"start":{"line":104,"column":24},"end":{"line":106,"column":3}},"38":{"start":{"line":105,"column":4},"end":{"line":105,"column":23}},"39":{"start":{"line":108,"column":16},"end":{"line":129,"column":3}},"40":{"start":{"line":130,"column":37},"end":{"line":214,"column":3}},"41":{"start":{"line":131,"column":17},"end":{"line":131,"column":38}},"42":{"start":{"line":132,"column":4},"end":{"line":132,"column":22}},"43":{"start":{"line":132,"column":15},"end":{"line":132,"column":22}},"44":{"start":{"line":135,"column":25},"end":{"line":135,"column":65}},"45":{"start":{"line":136,"column":4},"end":{"line":145,"column":5}},"46":{"start":{"line":137,"column":6},"end":{"line":143,"column":9}},"47":{"start":{"line":144,"column":6},"end":{"line":144,"column":13}},"48":{"start":{"line":148,"column":4},"end":{"line":157,"column":5}},"49":{"start":{"line":149,"column":6},"end":{"line":155,"column":9}},"50":{"start":{"line":156,"column":6},"end":{"line":156,"column":13}},"51":{"start":{"line":160,"column":4},"end":{"line":170,"column":7}},"52":{"start":{"line":168,"column":8},"end":{"line":168,"column":27}},"53":{"start":{"line":172,"column":4},"end":{"line":213,"column":5}},"54":{"start":{"line":173,"column":23},"end":{"line":173,"column":37}},"55":{"start":{"line":174,"column":6},"end":{"line":174,"column":46}},"56":{"start":{"line":176,"column":22},"end":{"line":176,"column":53}},"57":{"start":{"line":177,"column":23},"end":{"line":186,"column":7}},"58":{"start":{"line":187,"column":6},"end":{"line":187,"column":48}},"59":{"start":{"line":189,"column":6},"end":{"line":193,"column":8}},"60":{"start":{"line":195,"column":6},"end":{"line":203,"column":9}},"61":{"start":{"line":205,"column":6},"end":{"line":205,"column":62}},"62":{"start":{"line":206,"column":6},"end":{"line":212,"column":9}},"63":{"start":{"line":215,"column":2},"end":{"line":356,"column":4}},"64":{"start":{"line":242,"column":25},"end":{"line":242,"column":41}},"65":{"start":{"line":269,"column":36},"end":{"line":269,"column":55}},"66":{"start":{"line":270,"column":36},"end":{"line":270,"column":56}},"67":{"start":{"line":271,"column":31},"end":{"line":271,"column":60}},"68":{"start":{"line":279,"column":20},"end":{"line":280,"column":79}},"69":{"start":{"line":312,"column":29},"end":{"line":312,"column":60}},"70":{"start":{"line":313,"column":12},"end":{"line":342,"column":14}}},"fnMap":{"0":{"name":"(anonymous_0)","decl":{"start":{"line":15,"column":21},"end":{"line":15,"column":22}},"loc":{"start":{"line":15,"column":27},"end":{"line":357,"column":1}},"line":15},"1":{"name":"(anonymous_1)","decl":{"start":{"line":23,"column":12},"end":{"line":23,"column":13}},"loc":{"start":{"line":23,"column":18},"end":{"line":56,"column":3}},"line":23},"2":{"name":"(anonymous_2)","decl":{"start":{"line":28,"column":27},"end":{"line":28,"column":28}},"loc":{"start":{"line":28,"column":39},"end":{"line":44,"column":5}},"line":28},"3":{"name":"(anonymous_3)","decl":{"start":{"line":53,"column":11},"end":{"line":53,"column":12}},"loc":{"start":{"line":53,"column":17},"end":{"line":55,"column":5}},"line":53},"4":{"name":"(anonymous_4)","decl":{"start":{"line":58,"column":23},"end":{"line":58,"column":24}},"loc":{"start":{"line":58,"column":35},"end":{"line":102,"column":3}},"line":58},"5":{"name":"(anonymous_5)","decl":{"start":{"line":88,"column":16},"end":{"line":88,"column":17}},"loc":{"start":{"line":88,"column":22},"end":{"line":90,"column":9}},"line":88},"6":{"name":"(anonymous_6)","decl":{"start":{"line":104,"column":24},"end":{"line":104,"column":25}},"loc":{"start":{"line":104,"column":30},"end":{"line":106,"column":3}},"line":104},"7":{"name":"(anonymous_7)","decl":{"start":{"line":130,"column":37},"end":{"line":130,"column":38}},"loc":{"start":{"line":130,"column":54},"end":{"line":214,"column":3}},"line":130},"8":{"name":"(anonymous_8)","decl":{"start":{"line":167,"column":16},"end":{"line":167,"column":17}},"loc":{"start":{"line":167,"column":22},"end":{"line":169,"column":7}},"line":167},"9":{"name":"(anonymous_9)","decl":{"start":{"line":242,"column":19},"end":{"line":242,"column":20}},"loc":{"start":{"line":242,"column":25},"end":{"line":242,"column":41}},"line":242},"10":{"name":"(anonymous_10)","decl":{"start":{"line":269,"column":30},"end":{"line":269,"column":31}},"loc":{"start":{"line":269,"column":36},"end":{"line":269,"column":55}},"line":269},"11":{"name":"(anonymous_11)","decl":{"start":{"line":270,"column":30},"end":{"line":270,"column":31}},"loc":{"start":{"line":270,"column":36},"end":{"line":270,"column":56}},"line":270},"12":{"name":"(anonymous_12)","decl":{"start":{"line":271,"column":25},"end":{"line":271,"column":26}},"loc":{"start":{"line":271,"column":31},"end":{"line":271,"column":60}},"line":271},"13":{"name":"(anonymous_13)","decl":{"start":{"line":278,"column":27},"end":{"line":278,"column":28}},"loc":{"start":{"line":278,"column":34},"end":{"line":281,"column":19}},"line":278},"14":{"name":"(anonymous_14)","decl":{"start":{"line":311,"column":21},"end":{"line":311,"column":22}},"loc":{"start":{"line":311,"column":38},"end":{"line":343,"column":11}},"line":311}},"branchMap":{"0":{"loc":{"start":{"line":31,"column":8},"end":{"line":39,"column":9}},"type":"if","locations":[{"start":{"line":31,"column":8},"end":{"line":39,"column":9}},{"start":{},"end":{}}],"line":31},"1":{"loc":{"start":{"line":47,"column":4},"end":{"line":49,"column":5}},"type":"if","locations":[{"start":{"line":47,"column":4},"end":{"line":49,"column":5}},{"start":{},"end":{}}],"line":47},"2":{"loc":{"start":{"line":72,"column":6},"end":{"line":91,"column":7}},"type":"if","locations":[{"start":{"line":72,"column":6},"end":{"line":91,"column":7}},{"start":{},"end":{}}],"line":72},"3":{"loc":{"start":{"line":132,"column":4},"end":{"line":132,"column":22}},"type":"if","locations":[{"start":{"line":132,"column":4},"end":{"line":132,"column":22}},{"start":{},"end":{}}],"line":132},"4":{"loc":{"start":{"line":136,"column":4},"end":{"line":145,"column":5}},"type":"if","locations":[{"start":{"line":136,"column":4},"end":{"line":145,"column":5}},{"start":{},"end":{}}],"line":136},"5":{"loc":{"start":{"line":148,"column":4},"end":{"line":157,"column":5}},"type":"if","locations":[{"start":{"line":148,"column":4},"end":{"line":157,"column":5}},{"start":{},"end":{}}],"line":148},"6":{"loc":{"start":{"line":190,"column":8},"end":{"line":192,"column":40}},"type":"cond-expr","locations":[{"start":{"line":191,"column":12},"end":{"line":191,"column":40}},{"start":{"line":192,"column":12},"end":{"line":192,"column":40}}],"line":190},"7":{"loc":{"start":{"line":223,"column":9},"end":{"line":227,"column":9}},"type":"cond-expr","locations":[{"start":{"line":224,"column":10},"end":{"line":224,"column":58}},{"start":{"line":226,"column":10},"end":{"line":226,"column":57}}],"line":223},"8":{"loc":{"start":{"line":239,"column":7},"end":{"line":244,"column":7}},"type":"binary-expr","locations":[{"start":{"line":239,"column":7},"end":{"line":239,"column":13}},{"start":{"line":240,"column":8},"end":{"line":243,"column":10}}],"line":239},"9":{"loc":{"start":{"line":249,"column":10},"end":{"line":249,"column":56}},"type":"cond-expr","locations":[{"start":{"line":249,"column":19},"end":{"line":249,"column":34}},{"start":{"line":249,"column":37},"end":{"line":249,"column":56}}],"line":249},"10":{"loc":{"start":{"line":275,"column":23},"end":{"line":275,"column":71}},"type":"binary-expr","locations":[{"start":{"line":275,"column":23},"end":{"line":275,"column":37}},{"start":{"line":275,"column":41},"end":{"line":275,"column":71}}],"line":275},"11":{"loc":{"start":{"line":287,"column":20},"end":{"line":287,"column":60}},"type":"cond-expr","locations":[{"start":{"line":287,"column":33},"end":{"line":287,"column":46}},{"start":{"line":287,"column":49},"end":{"line":287,"column":60}}],"line":287},"12":{"loc":{"start":{"line":307,"column":17},"end":{"line":307,"column":46}},"type":"cond-expr","locations":[{"start":{"line":307,"column":28},"end":{"line":307,"column":36}},{"start":{"line":307,"column":39},"end":{"line":307,"column":46}}],"line":307},"13":{"loc":{"start":{"line":322,"column":20},"end":{"line":324,"column":70}},"type":"cond-expr","locations":[{"start":{"line":323,"column":24},"end":{"line":323,"column":118}},{"start":{"line":324,"column":24},"end":{"line":324,"column":70}}],"line":322},"14":{"loc":{"start":{"line":328,"column":33},"end":{"line":328,"column":78}},"type":"cond-expr","locations":[{"start":{"line":328,"column":44},"end":{"line":328,"column":59}},{"start":{"line":328,"column":62},"end":{"line":328,"column":78}}],"line":328},"15":{"loc":{"start":{"line":333,"column":20},"end":{"line":333,"column":65}},"type":"cond-expr","locations":[{"start":{"line":333,"column":31},"end":{"line":333,"column":46}},{"start":{"line":333,"column":49},"end":{"line":333,"column":65}}],"line":333},"16":{"loc":{"start":{"line":338,"column":17},"end":{"line":340,"column":17}},"type":"binary-expr","locations":[{"start":{"line":338,"column":17},"end":{"line":338,"column":25}},{"start":{"line":339,"column":18},"end":{"line":339,"column":82}}],"line":338}},"s":{"0":0,"1":0,"2":0,"3":0,"4":0,"5":0,"6":0,"7":0,"8":0,"9":0,"10":0,"11":0,"12":0,"13":0,"14":0,"15":0,"16":0,"17":0,"18":0,"19":0,"20":0,"21":0,"22":0,"23":0,"24":0,"25":0,"26":0,"27":0,"28":0,"29":0,"30":0,"31":0,"32":0,"33":0,"34":0,"35":0,"36":0,"37":0,"38":0,"39":0,"40":0,"41":0,"42":0,"43":0,"44":0,"45":0,"46":0,"47":0,"48":0,"49":0,"50":0,"51":0,"52":0,"53":0,"54":0,"55":0,"56":0,"57":0,"58":0,"59":0,"60":0,"61":0,"62":0,"63":0,"64":0,"65":0,"66":0,"67":0,"68":0,"69":0,"70":0},"f":{"0":0,"1":0,"2":0,"3":0,"4":0,"5":0,"6":0,"7":0,"8":0,"9":0,"10":0,"11":0,"12":0,"13":0,"14":0},"b":{"0":[0,0],"1":[0,0],"2":[0,0],"3":[0,0],"4":[0,0],"5":[0,0],"6":[0,0],"7":[0,0],"8":[0,0],"9":[0,0],"10":[0,0],"11":[0,0],"12":[0,0],"13":[0,0],"14":[0,0],"15":[0,0],"16":[0,0]}}
,"C:\\Users\\pc\\Desktop\\SE2\\frontend\\src\\components\\Admin\\DashboardManager.jsx": {"path":"C:\\Users\\pc\\Desktop\\SE2\\frontend\\src\\components\\Admin\\DashboardManager.jsx","statementMap":{"0":{"start":{"line":14,"column":19},"end":{"line":21,"column":1}},"1":{"start":{"line":15,"column":2},"end":{"line":20,"column":11}},"2":{"start":{"line":23,"column":20},"end":{"line":38,"column":1}},"3":{"start":{"line":24,"column":2},"end":{"line":37,"column":4}},"4":{"start":{"line":31,"column":27},"end":{"line":31,"column":57}},"5":{"start":{"line":40,"column":21},"end":{"line":54,"column":1}},"6":{"start":{"line":41,"column":2},"end":{"line":53,"column":11}},"7":{"start":{"line":57,"column":19},"end":{"line":80,"column":1}},"8":{"start":{"line":58,"column":30},"end":{"line":58,"column":45}},"9":{"start":{"line":60,"column":21},"end":{"line":63,"column":3}},"10":{"start":{"line":61,"column":4},"end":{"line":61,"column":20}},"11":{"start":{"line":62,"column":4},"end":{"line":62,"column":44}},"12":{"start":{"line":62,"column":21},"end":{"line":62,"column":37}},"13":{"start":{"line":65,"column":2},"end":{"line":79,"column":4}},"14":{"start":{"line":81,"column":14},"end":{"line":169,"column":1}},"15":{"start":{"line":82,"column":2},"end":{"line":168,"column":4}},"16":{"start":{"line":91,"column":14},"end":{"line":116,"column":19}},"17":{"start":{"line":93,"column":31},"end":{"line":93,"column":45}},"18":{"start":{"line":123,"column":14},"end":{"line":153,"column":19}},"19":{"start":{"line":128,"column":18},"end":{"line":151,"column":23}},"20":{"start":{"line":144,"column":26},"end":{"line":145,"column":85}},"21":{"start":{"line":172,"column":25},"end":{"line":250,"column":1}},"22":{"start":{"line":183,"column":2},"end":{"line":249,"column":4}},"23":{"start":{"line":215,"column":30},"end":{"line":215,"column":52}},"24":{"start":{"line":221,"column":31},"end":{"line":221,"column":56}},"25":{"start":{"line":226,"column":31},"end":{"line":226,"column":56}},"26":{"start":{"line":232,"column":31},"end":{"line":232,"column":56}},"27":{"start":{"line":252,"column":0},"end":{"line":265,"column":2}},"28":{"start":{"line":267,"column":0},"end":{"line":269,"column":2}},"29":{"start":{"line":271,"column":0},"end":{"line":274,"column":2}},"30":{"start":{"line":275,"column":0},"end":{"line":283,"column":2}},"31":{"start":{"line":284,"column":0},"end":{"line":288,"column":2}},"32":{"start":{"line":289,"column":0},"end":{"line":297,"column":2}}},"fnMap":{"0":{"name":"(anonymous_0)","decl":{"start":{"line":14,"column":19},"end":{"line":14,"column":20}},"loc":{"start":{"line":15,"column":2},"end":{"line":20,"column":11}},"line":15},"1":{"name":"(anonymous_1)","decl":{"start":{"line":23,"column":20},"end":{"line":23,"column":21}},"loc":{"start":{"line":23,"column":72},"end":{"line":38,"column":1}},"line":23},"2":{"name":"(anonymous_2)","decl":{"start":{"line":23,"column":57},"end":{"line":23,"column":58}},"loc":{"start":{"line":23,"column":63},"end":{"line":23,"column":65}},"line":23},"3":{"name":"(anonymous_3)","decl":{"start":{"line":31,"column":20},"end":{"line":31,"column":21}},"loc":{"start":{"line":31,"column":27},"end":{"line":31,"column":57}},"line":31},"4":{"name":"(anonymous_4)","decl":{"start":{"line":40,"column":21},"end":{"line":40,"column":22}},"loc":{"start":{"line":41,"column":2},"end":{"line":53,"column":11}},"line":41},"5":{"name":"(anonymous_5)","decl":{"start":{"line":57,"column":19},"end":{"line":57,"column":20}},"loc":{"start":{"line":57,"column":34},"end":{"line":80,"column":1}},"line":57},"6":{"name":"(anonymous_6)","decl":{"start":{"line":60,"column":21},"end":{"line":60,"column":22}},"loc":{"start":{"line":60,"column":27},"end":{"line":63,"column":3}},"line":60},"7":{"name":"(anonymous_7)","decl":{"start":{"line":62,"column":15},"end":{"line":62,"column":16}},"loc":{"start":{"line":62,"column":21},"end":{"line":62,"column":37}},"line":62},"8":{"name":"(anonymous_8)","decl":{"start":{"line":81,"column":14},"end":{"line":81,"column":15}},"loc":{"start":{"line":81,"column":57},"end":{"line":169,"column":1}},"line":81},"9":{"name":"(anonymous_9)","decl":{"start":{"line":90,"column":25},"end":{"line":90,"column":26}},"loc":{"start":{"line":91,"column":14},"end":{"line":116,"column":19}},"line":91},"10":{"name":"(anonymous_10)","decl":{"start":{"line":93,"column":25},"end":{"line":93,"column":26}},"loc":{"start":{"line":93,"column":31},"end":{"line":93,"column":45}},"line":93},"11":{"name":"(anonymous_11)","decl":{"start":{"line":122,"column":21},"end":{"line":122,"column":22}},"loc":{"start":{"line":123,"column":14},"end":{"line":153,"column":19}},"line":123},"12":{"name":"(anonymous_12)","decl":{"start":{"line":127,"column":29},"end":{"line":127,"column":30}},"loc":{"start":{"line":128,"column":18},"end":{"line":151,"column":23}},"line":128},"13":{"name":"(anonymous_13)","decl":{"start":{"line":143,"column":33},"end":{"line":143,"column":34}},"loc":{"start":{"line":143,"column":40},"end":{"line":146,"column":25}},"line":143},"14":{"name":"(anonymous_14)","decl":{"start":{"line":172,"column":25},"end":{"line":172,"column":26}},"loc":{"start":{"line":182,"column":6},"end":{"line":250,"column":1}},"line":182},"15":{"name":"(anonymous_15)","decl":{"start":{"line":180,"column":11},"end":{"line":180,"column":12}},"loc":{"start":{"line":180,"column":17},"end":{"line":180,"column":19}},"line":180},"16":{"name":"(anonymous_16)","decl":{"start":{"line":215,"column":24},"end":{"line":215,"column":25}},"loc":{"start":{"line":215,"column":30},"end":{"line":215,"column":52}},"line":215},"17":{"name":"(anonymous_17)","decl":{"start":{"line":221,"column":25},"end":{"line":221,"column":26}},"loc":{"start":{"line":221,"column":31},"end":{"line":221,"column":56}},"line":221},"18":{"name":"(anonymous_18)","decl":{"start":{"line":226,"column":25},"end":{"line":226,"column":26}},"loc":{"start":{"line":226,"column":31},"end":{"line":226,"column":56}},"line":226},"19":{"name":"(anonymous_19)","decl":{"start":{"line":232,"column":25},"end":{"line":232,"column":26}},"loc":{"start":{"line":232,"column":31},"end":{"line":232,"column":56}},"line":232}},"branchMap":{"0":{"loc":{"start":{"line":23,"column":23},"end":{"line":23,"column":38}},"type":"default-arg","locations":[{"start":{"line":23,"column":36},"end":{"line":23,"column":38}}],"line":23},"1":{"loc":{"start":{"line":23,"column":40},"end":{"line":23,"column":65}},"type":"default-arg","locations":[{"start":{"line":23,"column":57},"end":{"line":23,"column":65}}],"line":23},"2":{"loc":{"start":{"line":40,"column":52},"end":{"line":40,"column":71}},"type":"default-arg","locations":[{"start":{"line":40,"column":62},"end":{"line":40,"column":71}}],"line":40},"3":{"loc":{"start":{"line":44,"column":6},"end":{"line":48,"column":38}},"type":"cond-expr","locations":[{"start":{"line":45,"column":10},"end":{"line":45,"column":41}},{"start":{"line":46,"column":10},"end":{"line":48,"column":38}}],"line":44},"4":{"loc":{"start":{"line":46,"column":10},"end":{"line":48,"column":38}},"type":"cond-expr","locations":[{"start":{"line":47,"column":10},"end":{"line":47,"column":36}},{"start":{"line":48,"column":10},"end":{"line":48,"column":38}}],"line":46},"5":{"loc":{"start":{"line":73,"column":7},"end":{"line":77,"column":7}},"type":"binary-expr","locations":[{"start":{"line":73,"column":7},"end":{"line":73,"column":13}},{"start":{"line":74,"column":8},"end":{"line":76,"column":14}}],"line":73},"6":{"loc":{"start":{"line":95,"column":18},"end":{"line":95,"column":52}},"type":"cond-expr","locations":[{"start":{"line":95,"column":32},"end":{"line":95,"column":47}},{"start":{"line":95,"column":50},"end":{"line":95,"column":52}}],"line":95},"7":{"loc":{"start":{"line":96,"column":20},"end":{"line":96,"column":71}},"type":"cond-expr","locations":[{"start":{"line":96,"column":51},"end":{"line":96,"column":66}},{"start":{"line":96,"column":69},"end":{"line":96,"column":71}}],"line":96},"8":{"loc":{"start":{"line":100,"column":19},"end":{"line":114,"column":19}},"type":"binary-expr","locations":[{"start":{"line":100,"column":19},"end":{"line":100,"column":44}},{"start":{"line":101,"column":20},"end":{"line":113,"column":27}}],"line":100},"9":{"loc":{"start":{"line":102,"column":23},"end":{"line":112,"column":23}},"type":"cond-expr","locations":[{"start":{"line":103,"column":24},"end":{"line":106,"column":26}},{"start":{"line":108,"column":24},"end":{"line":111,"column":26}}],"line":102},"10":{"loc":{"start":{"line":121,"column":11},"end":{"line":164,"column":11}},"type":"cond-expr","locations":[{"start":{"line":122,"column":12},"end":{"line":154,"column":14}},{"start":{"line":156,"column":12},"end":{"line":163,"column":17}}],"line":121},"11":{"loc":{"start":{"line":132,"column":21},"end":{"line":150,"column":21}},"type":"cond-expr","locations":[{"start":{"line":133,"column":22},"end":{"line":133,"column":56}},{"start":{"line":134,"column":24},"end":{"line":150,"column":21}}],"line":132},"12":{"loc":{"start":{"line":134,"column":24},"end":{"line":150,"column":21}},"type":"cond-expr","locations":[{"start":{"line":135,"column":22},"end":{"line":137,"column":29}},{"start":{"line":138,"column":24},"end":{"line":150,"column":21}}],"line":134},"13":{"loc":{"start":{"line":138,"column":24},"end":{"line":150,"column":21}},"type":"cond-expr","locations":[{"start":{"line":139,"column":22},"end":{"line":147,"column":24}},{"start":{"line":149,"column":22},"end":{"line":149,"column":33}}],"line":138},"14":{"loc":{"start":{"line":175,"column":2},"end":{"line":175,"column":19}},"type":"default-arg","locations":[{"start":{"line":175,"column":17},"end":{"line":175,"column":19}}],"line":175},"15":{"loc":{"start":{"line":176,"column":2},"end":{"line":176,"column":16}},"type":"default-arg","locations":[{"start":{"line":176,"column":14},"end":{"line":176,"column":16}}],"line":176},"16":{"loc":{"start":{"line":179,"column":2},"end":{"line":179,"column":48}},"type":"default-arg","locations":[{"start":{"line":179,"column":15},"end":{"line":179,"column":48}}],"line":179},"17":{"loc":{"start":{"line":180,"column":2},"end":{"line":180,"column":19}},"type":"default-arg","locations":[{"start":{"line":180,"column":11},"end":{"line":180,"column":19}}],"line":180},"18":{"loc":{"start":{"line":203,"column":18},"end":{"line":213,"column":19}},"type":"cond-expr","locations":[{"start":{"line":204,"column":20},"end":{"line":207,"column":26}},{"start":{"line":209,"column":20},"end":{"line":212,"column":26}}],"line":203}},"s":{"0":0,"1":0,"2":0,"3":0,"4":0,"5":0,"6":0,"7":0,"8":0,"9":0,"10":0,"11":0,"12":0,"13":0,"14":0,"15":0,"16":0,"17":0,"18":0,"19":0,"20":0,"21":0,"22":0,"23":0,"24":0,"25":0,"26":0,"27":0,"28":0,"29":0,"30":0,"31":0,"32":0},"f":{"0":0,"1":0,"2":0,"3":0,"4":0,"5":0,"6":0,"7":0,"8":0,"9":0,"10":0,"11":0,"12":0,"13":0,"14":0,"15":0,"16":0,"17":0,"18":0,"19":0},"b":{"0":[0],"1":[0],"2":[0],"3":[0,0],"4":[0,0],"5":[0,0],"6":[0,0],"7":[0,0],"8":[0,0],"9":[0,0],"10":[0,0],"11":[0,0],"12":[0,0],"13":[0,0],"14":[0],"15":[0],"16":[0],"17":[0],"18":[0,0]}}
,"C:\\Users\\pc\\Desktop\\SE2\\frontend\\src\\components\\Admin\\ManageAdmins\\ManageAdmins.jsx": {"path":"C:\\Users\\pc\\Desktop\\SE2\\frontend\\src\\components\\Admin\\ManageAdmins\\ManageAdmins.jsx","statementMap":{"0":{"start":{"line":7,"column":21},"end":{"line":179,"column":1}},"1":{"start":{"line":8,"column":40},"end":{"line":8,"column":55}},"2":{"start":{"line":9,"column":36},"end":{"line":9,"column":54}},"3":{"start":{"line":10,"column":36},"end":{"line":10,"column":48}},"4":{"start":{"line":11,"column":32},"end":{"line":11,"column":46}},"5":{"start":{"line":12,"column":28},"end":{"line":12,"column":42}},"6":{"start":{"line":13,"column":38},"end":{"line":13,"column":50}},"7":{"start":{"line":14,"column":38},"end":{"line":17,"column":4}},"8":{"start":{"line":18,"column":26},"end":{"line":21,"column":3}},"9":{"start":{"line":19,"column":4},"end":{"line":19,"column":23}},"10":{"start":{"line":20,"column":4},"end":{"line":20,"column":25}},"11":{"start":{"line":23,"column":27},"end":{"line":25,"column":3}},"12":{"start":{"line":24,"column":4},"end":{"line":24,"column":26}},"13":{"start":{"line":27,"column":25},"end":{"line":59,"column":8}},"14":{"start":{"line":28,"column":4},"end":{"line":28,"column":21}},"15":{"start":{"line":29,"column":4},"end":{"line":58,"column":5}},"16":{"start":{"line":30,"column":23},"end":{"line":30,"column":53}},"17":{"start":{"line":31,"column":30},"end":{"line":51,"column":9}},"18":{"start":{"line":31,"column":60},"end":{"line":51,"column":7}},"19":{"start":{"line":53,"column":6},"end":{"line":53,"column":36}},"20":{"start":{"line":55,"column":6},"end":{"line":55,"column":50}},"21":{"start":{"line":57,"column":6},"end":{"line":57,"column":24}},"22":{"start":{"line":61,"column":2},"end":{"line":63,"column":23}},"23":{"start":{"line":62,"column":4},"end":{"line":62,"column":21}},"24":{"start":{"line":65,"column":29},"end":{"line":67,"column":22}},"25":{"start":{"line":66,"column":4},"end":{"line":66,"column":21}},"26":{"start":{"line":69,"column":29},"end":{"line":71,"column":22}},"27":{"start":{"line":70,"column":4},"end":{"line":70,"column":21}},"28":{"start":{"line":73,"column":29},"end":{"line":75,"column":22}},"29":{"start":{"line":74,"column":4},"end":{"line":74,"column":21}},"30":{"start":{"line":77,"column":23},"end":{"line":85,"column":29}},"31":{"start":{"line":78,"column":4},"end":{"line":84,"column":6}},"32":{"start":{"line":79,"column":6},"end":{"line":83,"column":7}},"33":{"start":{"line":81,"column":10},"end":{"line":82,"column":75}},"34":{"start":{"line":88,"column":21},"end":{"line":105,"column":32}},"35":{"start":{"line":89,"column":24},"end":{"line":89,"column":41}},"36":{"start":{"line":90,"column":4},"end":{"line":103,"column":5}},"37":{"start":{"line":91,"column":6},"end":{"line":102,"column":9}},"38":{"start":{"line":92,"column":23},"end":{"line":92,"column":65}},"39":{"start":{"line":93,"column":23},"end":{"line":93,"column":65}},"40":{"start":{"line":95,"column":8},"end":{"line":97,"column":9}},"41":{"start":{"line":96,"column":10},"end":{"line":96,"column":57}},"42":{"start":{"line":98,"column":8},"end":{"line":100,"column":9}},"43":{"start":{"line":99,"column":10},"end":{"line":99,"column":57}},"44":{"start":{"line":101,"column":8},"end":{"line":101,"column":17}},"45":{"start":{"line":104,"column":4},"end":{"line":104,"column":25}},"46":{"start":{"line":108,"column":23},"end":{"line":110,"column":8}},"47":{"start":{"line":109,"column":4},"end":{"line":109,"column":24}},"48":{"start":{"line":112,"column":21},"end":{"line":120,"column":8}},"49":{"start":{"line":113,"column":4},"end":{"line":119,"column":8}},"50":{"start":{"line":113,"column":35},"end":{"line":119,"column":5}},"51":{"start":{"line":122,"column":2},"end":{"line":135,"column":3}},"52":{"start":{"line":123,"column":4},"end":{"line":134,"column":6}},"53":{"start":{"line":137,"column":2},"end":{"line":144,"column":3}},"54":{"start":{"line":138,"column":4},"end":{"line":143,"column":6}},"55":{"start":{"line":146,"column":2},"end":{"line":178,"column":4}}},"fnMap":{"0":{"name":"(anonymous_0)","decl":{"start":{"line":7,"column":21},"end":{"line":7,"column":22}},"loc":{"start":{"line":7,"column":27},"end":{"line":179,"column":1}},"line":7},"1":{"name":"(anonymous_1)","decl":{"start":{"line":18,"column":26},"end":{"line":18,"column":27}},"loc":{"start":{"line":18,"column":36},"end":{"line":21,"column":3}},"line":18},"2":{"name":"(anonymous_2)","decl":{"start":{"line":23,"column":27},"end":{"line":23,"column":28}},"loc":{"start":{"line":23,"column":33},"end":{"line":25,"column":3}},"line":23},"3":{"name":"(anonymous_3)","decl":{"start":{"line":27,"column":37},"end":{"line":27,"column":38}},"loc":{"start":{"line":27,"column":49},"end":{"line":59,"column":3}},"line":27},"4":{"name":"(anonymous_4)","decl":{"start":{"line":31,"column":48},"end":{"line":31,"column":49}},"loc":{"start":{"line":31,"column":60},"end":{"line":51,"column":7}},"line":31},"5":{"name":"(anonymous_5)","decl":{"start":{"line":61,"column":12},"end":{"line":61,"column":13}},"loc":{"start":{"line":61,"column":18},"end":{"line":63,"column":3}},"line":61},"6":{"name":"(anonymous_6)","decl":{"start":{"line":65,"column":41},"end":{"line":65,"column":42}},"loc":{"start":{"line":65,"column":47},"end":{"line":67,"column":3}},"line":65},"7":{"name":"(anonymous_7)","decl":{"start":{"line":69,"column":41},"end":{"line":69,"column":42}},"loc":{"start":{"line":69,"column":47},"end":{"line":71,"column":3}},"line":69},"8":{"name":"(anonymous_8)","decl":{"start":{"line":73,"column":41},"end":{"line":73,"column":42}},"loc":{"start":{"line":73,"column":47},"end":{"line":75,"column":3}},"line":73},"9":{"name":"(anonymous_9)","decl":{"start":{"line":77,"column":31},"end":{"line":77,"column":32}},"loc":{"start":{"line":77,"column":37},"end":{"line":85,"column":3}},"line":77},"10":{"name":"(anonymous_10)","decl":{"start":{"line":78,"column":28},"end":{"line":78,"column":29}},"loc":{"start":{"line":79,"column":6},"end":{"line":83,"column":7}},"line":79},"11":{"name":"(anonymous_11)","decl":{"start":{"line":80,"column":8},"end":{"line":80,"column":9}},"loc":{"start":{"line":81,"column":10},"end":{"line":82,"column":75}},"line":81},"12":{"name":"(anonymous_12)","decl":{"start":{"line":88,"column":29},"end":{"line":88,"column":30}},"loc":{"start":{"line":88,"column":35},"end":{"line":105,"column":3}},"line":88},"13":{"name":"(anonymous_13)","decl":{"start":{"line":91,"column":25},"end":{"line":91,"column":26}},"loc":{"start":{"line":91,"column":35},"end":{"line":102,"column":7}},"line":91},"14":{"name":"(anonymous_14)","decl":{"start":{"line":108,"column":35},"end":{"line":108,"column":36}},"loc":{"start":{"line":108,"column":45},"end":{"line":110,"column":3}},"line":108},"15":{"name":"(anonymous_15)","decl":{"start":{"line":112,"column":33},"end":{"line":112,"column":34}},"loc":{"start":{"line":112,"column":42},"end":{"line":120,"column":3}},"line":112},"16":{"name":"(anonymous_16)","decl":{"start":{"line":113,"column":18},"end":{"line":113,"column":19}},"loc":{"start":{"line":113,"column":35},"end":{"line":119,"column":5}},"line":113}},"branchMap":{"0":{"loc":{"start":{"line":42,"column":14},"end":{"line":42,"column":46}},"type":"cond-expr","locations":[{"start":{"line":42,"column":30},"end":{"line":42,"column":37}},{"start":{"line":42,"column":40},"end":{"line":42,"column":46}}],"line":42},"1":{"loc":{"start":{"line":81,"column":10},"end":{"line":82,"column":75}},"type":"binary-expr","locations":[{"start":{"line":81,"column":10},"end":{"line":81,"column":29}},{"start":{"line":82,"column":10},"end":{"line":82,"column":75}}],"line":81},"2":{"loc":{"start":{"line":90,"column":4},"end":{"line":103,"column":5}},"type":"if","locations":[{"start":{"line":90,"column":4},"end":{"line":103,"column":5}},{"start":{},"end":{}}],"line":90},"3":{"loc":{"start":{"line":95,"column":8},"end":{"line":97,"column":9}},"type":"if","locations":[{"start":{"line":95,"column":8},"end":{"line":97,"column":9}},{"start":{},"end":{}}],"line":95},"4":{"loc":{"start":{"line":96,"column":17},"end":{"line":96,"column":56}},"type":"cond-expr","locations":[{"start":{"line":96,"column":50},"end":{"line":96,"column":52}},{"start":{"line":96,"column":55},"end":{"line":96,"column":56}}],"line":96},"5":{"loc":{"start":{"line":98,"column":8},"end":{"line":100,"column":9}},"type":"if","locations":[{"start":{"line":98,"column":8},"end":{"line":100,"column":9}},{"start":{},"end":{}}],"line":98},"6":{"loc":{"start":{"line":99,"column":17},"end":{"line":99,"column":56}},"type":"cond-expr","locations":[{"start":{"line":99,"column":50},"end":{"line":99,"column":51}},{"start":{"line":99,"column":54},"end":{"line":99,"column":56}}],"line":99},"7":{"loc":{"start":{"line":116,"column":8},"end":{"line":118,"column":17}},"type":"cond-expr","locations":[{"start":{"line":117,"column":12},"end":{"line":117,"column":18}},{"start":{"line":118,"column":12},"end":{"line":118,"column":17}}],"line":116},"8":{"loc":{"start":{"line":116,"column":8},"end":{"line":116,"column":64}},"type":"binary-expr","locations":[{"start":{"line":116,"column":8},"end":{"line":116,"column":30}},{"start":{"line":116,"column":34},"end":{"line":116,"column":64}}],"line":116},"9":{"loc":{"start":{"line":122,"column":2},"end":{"line":135,"column":3}},"type":"if","locations":[{"start":{"line":122,"column":2},"end":{"line":135,"column":3}},{"start":{},"end":{}}],"line":122},"10":{"loc":{"start":{"line":137,"column":2},"end":{"line":144,"column":3}},"type":"if","locations":[{"start":{"line":137,"column":2},"end":{"line":144,"column":3}},{"start":{},"end":{}}],"line":137}},"s":{"0":0,"1":0,"2":0,"3":0,"4":0,"5":0,"6":0,"7":0,"8":0,"9":0,"10":0,"11":0,"12":0,"13":0,"14":0,"15":0,"16":0,"17":0,"18":0,"19":0,"20":0,"21":0,"22":0,"23":0,"24":0,"25":0,"26":0,"27":0,"28":0,"29":0,"30":0,"31":0,"32":0,"33":0,"34":0,"35":0,"36":0,"37":0,"38":0,"39":0,"40":0,"41":0,"42":0,"43":0,"44":0,"45":0,"46":0,"47":0,"48":0,"49":0,"50":0,"51":0,"52":0,"53":0,"54":0,"55":0},"f":{"0":0,"1":0,"2":0,"3":0,"4":0,"5":0,"6":0,"7":0,"8":0,"9":0,"10":0,"11":0,"12":0,"13":0,"14":0,"15":0,"16":0},"b":{"0":[0,0],"1":[0,0],"2":[0,0],"3":[0,0],"4":[0,0],"5":[0,0],"6":[0,0],"7":[0,0],"8":[0,0],"9":[0,0],"10":[0,0]}}
,"C:\\Users\\pc\\Desktop\\SE2\\frontend\\src\\components\\Admin\\ManageAdmins\\ManageAdminsModal.jsx": {"path":"C:\\Users\\pc\\Desktop\\SE2\\frontend\\src\\components\\Admin\\ManageAdmins\\ManageAdminsModal.jsx","statementMap":{"0":{"start":{"line":8,"column":21},"end":{"line":8,"column":34}},"1":{"start":{"line":11,"column":22},"end":{"line":80,"column":1}},"2":{"start":{"line":12,"column":2},"end":{"line":79,"column":3}},"3":{"start":{"line":14,"column":6},"end":{"line":14,"column":45}},"4":{"start":{"line":14,"column":35},"end":{"line":14,"column":45}},"5":{"start":{"line":15,"column":6},"end":{"line":15,"column":48}},"6":{"start":{"line":15,"column":18},"end":{"line":15,"column":48}},"7":{"start":{"line":16,"column":6},"end":{"line":17,"column":85}},"8":{"start":{"line":17,"column":8},"end":{"line":17,"column":85}},"9":{"start":{"line":18,"column":6},"end":{"line":18,"column":76}},"10":{"start":{"line":18,"column":28},"end":{"line":18,"column":76}},"11":{"start":{"line":19,"column":6},"end":{"line":19,"column":16}},"12":{"start":{"line":22,"column":6},"end":{"line":22,"column":49}},"13":{"start":{"line":22,"column":18},"end":{"line":22,"column":49}},"14":{"start":{"line":23,"column":6},"end":{"line":23,"column":77}},"15":{"start":{"line":23,"column":28},"end":{"line":23,"column":77}},"16":{"start":{"line":24,"column":6},"end":{"line":25,"column":85}},"17":{"start":{"line":25,"column":8},"end":{"line":25,"column":85}},"18":{"start":{"line":26,"column":6},"end":{"line":26,"column":16}},"19":{"start":{"line":29,"column":6},"end":{"line":29,"column":48}},"20":{"start":{"line":29,"column":18},"end":{"line":29,"column":48}},"21":{"start":{"line":30,"column":6},"end":{"line":30,"column":76}},"22":{"start":{"line":30,"column":28},"end":{"line":30,"column":76}},"23":{"start":{"line":31,"column":6},"end":{"line":31,"column":77}},"24":{"start":{"line":31,"column":29},"end":{"line":31,"column":77}},"25":{"start":{"line":32,"column":6},"end":{"line":33,"column":76}},"26":{"start":{"line":33,"column":8},"end":{"line":33,"column":76}},"27":{"start":{"line":34,"column":6},"end":{"line":34,"column":16}},"28":{"start":{"line":37,"column":6},"end":{"line":37,"column":45}},"29":{"start":{"line":37,"column":18},"end":{"line":37,"column":45}},"30":{"start":{"line":39,"column":25},"end":{"line":39,"column":53}},"31":{"start":{"line":40,"column":6},"end":{"line":40,"column":79}},"32":{"start":{"line":40,"column":35},"end":{"line":40,"column":79}},"33":{"start":{"line":41,"column":6},"end":{"line":41,"column":16}},"34":{"start":{"line":44,"column":6},"end":{"line":44,"column":55}},"35":{"start":{"line":44,"column":45},"end":{"line":44,"column":55}},"36":{"start":{"line":45,"column":6},"end":{"line":45,"column":48}},"37":{"start":{"line":45,"column":18},"end":{"line":45,"column":48}},"38":{"start":{"line":46,"column":6},"end":{"line":46,"column":76}},"39":{"start":{"line":46,"column":28},"end":{"line":46,"column":76}},"40":{"start":{"line":47,"column":6},"end":{"line":48,"column":69}},"41":{"start":{"line":48,"column":8},"end":{"line":48,"column":69}},"42":{"start":{"line":49,"column":6},"end":{"line":50,"column":69}},"43":{"start":{"line":50,"column":8},"end":{"line":50,"column":69}},"44":{"start":{"line":51,"column":6},"end":{"line":52,"column":59}},"45":{"start":{"line":52,"column":8},"end":{"line":52,"column":59}},"46":{"start":{"line":53,"column":6},"end":{"line":54,"column":81}},"47":{"start":{"line":54,"column":8},"end":{"line":54,"column":81}},"48":{"start":{"line":55,"column":6},"end":{"line":55,"column":16}},"49":{"start":{"line":58,"column":6},"end":{"line":58,"column":48}},"50":{"start":{"line":58,"column":18},"end":{"line":58,"column":48}},"51":{"start":{"line":59,"column":24},"end":{"line":59,"column":39}},"52":{"start":{"line":60,"column":20},"end":{"line":60,"column":30}},"53":{"start":{"line":62,"column":6},"end":{"line":62,"column":73}},"54":{"start":{"line":62,"column":38},"end":{"line":62,"column":73}},"55":{"start":{"line":63,"column":6},"end":{"line":63,"column":71}},"56":{"start":{"line":63,"column":29},"end":{"line":63,"column":71}},"57":{"start":{"line":66,"column":16},"end":{"line":66,"column":61}},"58":{"start":{"line":67,"column":24},"end":{"line":67,"column":63}},"59":{"start":{"line":68,"column":6},"end":{"line":73,"column":7}},"60":{"start":{"line":72,"column":8},"end":{"line":72,"column":14}},"61":{"start":{"line":74,"column":6},"end":{"line":74,"column":64}},"62":{"start":{"line":74,"column":20},"end":{"line":74,"column":64}},"63":{"start":{"line":75,"column":6},"end":{"line":75,"column":16}},"64":{"start":{"line":78,"column":6},"end":{"line":78,"column":16}},"65":{"start":{"line":82,"column":19},"end":{"line":147,"column":1}},"66":{"start":{"line":93,"column":2},"end":{"line":146,"column":8}},"67":{"start":{"line":148,"column":15},"end":{"line":156,"column":1}},"68":{"start":{"line":149,"column":2},"end":{"line":155,"column":11}},"69":{"start":{"line":158,"column":26},"end":{"line":475,"column":1}},"70":{"start":{"line":166,"column":34},"end":{"line":173,"column":4}},"71":{"start":{"line":174,"column":30},"end":{"line":174,"column":42}},"72":{"start":{"line":175,"column":32},"end":{"line":175,"column":44}},"73":{"start":{"line":176,"column":32},"end":{"line":176,"column":47}},"74":{"start":{"line":177,"column":42},"end":{"line":177,"column":57}},"75":{"start":{"line":178,"column":29},"end":{"line":180,"column":3}},"76":{"start":{"line":179,"column":4},"end":{"line":179,"column":35}},"77":{"start":{"line":182,"column":20},"end":{"line":193,"column":3}},"78":{"start":{"line":183,"column":4},"end":{"line":190,"column":7}},"79":{"start":{"line":191,"column":4},"end":{"line":191,"column":18}},"80":{"start":{"line":192,"column":4},"end":{"line":192,"column":19}},"81":{"start":{"line":195,"column":23},"end":{"line":224,"column":3}},"82":{"start":{"line":196,"column":22},"end":{"line":196,"column":24}},"83":{"start":{"line":199,"column":4},"end":{"line":204,"column":5}},"84":{"start":{"line":200,"column":20},"end":{"line":200,"column":68}},"85":{"start":{"line":201,"column":6},"end":{"line":201,"column":43}},"86":{"start":{"line":201,"column":17},"end":{"line":201,"column":43}},"87":{"start":{"line":202,"column":6},"end":{"line":202,"column":27}},"88":{"start":{"line":203,"column":6},"end":{"line":203,"column":49}},"89":{"start":{"line":207,"column":4},"end":{"line":220,"column":7}},"90":{"start":{"line":209,"column":6},"end":{"line":211,"column":7}},"91":{"start":{"line":210,"column":8},"end":{"line":210,"column":15}},"92":{"start":{"line":214,"column":6},"end":{"line":216,"column":7}},"93":{"start":{"line":215,"column":8},"end":{"line":215,"column":15}},"94":{"start":{"line":218,"column":20},"end":{"line":218,"column":59}},"95":{"start":{"line":219,"column":6},"end":{"line":219,"column":40}},"96":{"start":{"line":219,"column":17},"end":{"line":219,"column":40}},"97":{"start":{"line":222,"column":4},"end":{"line":222,"column":25}},"98":{"start":{"line":223,"column":4},"end":{"line":223,"column":47}},"99":{"start":{"line":225,"column":2},"end":{"line":229,"column":15}},"100":{"start":{"line":226,"column":4},"end":{"line":228,"column":5}},"101":{"start":{"line":227,"column":6},"end":{"line":227,"column":18}},"102":{"start":{"line":231,"column":2},"end":{"line":231,"column":27}},"103":{"start":{"line":231,"column":15},"end":{"line":231,"column":27}},"104":{"start":{"line":234,"column":28},"end":{"line":245,"column":3}},"105":{"start":{"line":235,"column":28},"end":{"line":235,"column":36}},"106":{"start":{"line":236,"column":4},"end":{"line":236,"column":56}},"107":{"start":{"line":236,"column":27},"end":{"line":236,"column":53}},"108":{"start":{"line":239,"column":4},"end":{"line":244,"column":5}},"109":{"start":{"line":240,"column":6},"end":{"line":243,"column":10}},"110":{"start":{"line":240,"column":27},"end":{"line":243,"column":7}},"111":{"start":{"line":246,"column":21},"end":{"line":253,"column":3}},"112":{"start":{"line":247,"column":28},"end":{"line":247,"column":36}},"113":{"start":{"line":248,"column":4},"end":{"line":248,"column":54}},"114":{"start":{"line":248,"column":26},"end":{"line":248,"column":51}},"115":{"start":{"line":249,"column":4},"end":{"line":252,"column":8}},"116":{"start":{"line":249,"column":25},"end":{"line":252,"column":5}},"117":{"start":{"line":255,"column":23},"end":{"line":341,"column":3}},"118":{"start":{"line":256,"column":4},"end":{"line":256,"column":23}},"119":{"start":{"line":259,"column":23},"end":{"line":265,"column":5}},"120":{"start":{"line":260,"column":21},"end":{"line":263,"column":7}},"121":{"start":{"line":266,"column":4},"end":{"line":266,"column":27}},"122":{"start":{"line":268,"column":4},"end":{"line":280,"column":5}},"123":{"start":{"line":269,"column":6},"end":{"line":278,"column":9}},"124":{"start":{"line":279,"column":6},"end":{"line":279,"column":13}},"125":{"start":{"line":282,"column":4},"end":{"line":282,"column":21}},"126":{"start":{"line":284,"column":23},"end":{"line":300,"column":5}},"127":{"start":{"line":302,"column":19},"end":{"line":302,"column":35}},"128":{"start":{"line":304,"column":4},"end":{"line":340,"column":5}},"129":{"start":{"line":305,"column":23},"end":{"line":309,"column":8}},"130":{"start":{"line":311,"column":6},"end":{"line":320,"column":9}},"131":{"start":{"line":322,"column":6},"end":{"line":322,"column":24}},"132":{"start":{"line":323,"column":6},"end":{"line":323,"column":16}},"133":{"start":{"line":324,"column":6},"end":{"line":324,"column":18}},"134":{"start":{"line":326,"column":6},"end":{"line":337,"column":9}},"135":{"start":{"line":339,"column":6},"end":{"line":339,"column":24}},"136":{"start":{"line":344,"column":21},"end":{"line":432,"column":3}},"137":{"start":{"line":345,"column":4},"end":{"line":431,"column":5}},"138":{"start":{"line":348,"column":8},"end":{"line":418,"column":10}},"139":{"start":{"line":420,"column":8},"end":{"line":428,"column":10}},"140":{"start":{"line":430,"column":8},"end":{"line":430,"column":20}},"141":{"start":{"line":434,"column":2},"end":{"line":474,"column":4}},"142":{"start":{"line":478,"column":0},"end":{"line":485,"column":2}},"143":{"start":{"line":486,"column":0},"end":{"line":491,"column":2}},"144":{"start":{"line":492,"column":0},"end":{"line":501,"column":2}}},"fnMap":{"0":{"name":"(anonymous_0)","decl":{"start":{"line":11,"column":22},"end":{"line":11,"column":23}},"loc":{"start":{"line":11,"column":51},"end":{"line":80,"column":1}},"line":11},"1":{"name":"(anonymous_1)","decl":{"start":{"line":82,"column":19},"end":{"line":82,"column":20}},"loc":{"start":{"line":93,"column":2},"end":{"line":146,"column":8}},"line":93},"2":{"name":"(anonymous_2)","decl":{"start":{"line":148,"column":15},"end":{"line":148,"column":16}},"loc":{"start":{"line":149,"column":2},"end":{"line":155,"column":11}},"line":149},"3":{"name":"(anonymous_3)","decl":{"start":{"line":158,"column":26},"end":{"line":158,"column":27}},"loc":{"start":{"line":165,"column":6},"end":{"line":475,"column":1}},"line":165},"4":{"name":"(anonymous_4)","decl":{"start":{"line":178,"column":29},"end":{"line":178,"column":30}},"loc":{"start":{"line":178,"column":35},"end":{"line":180,"column":3}},"line":178},"5":{"name":"(anonymous_5)","decl":{"start":{"line":182,"column":20},"end":{"line":182,"column":21}},"loc":{"start":{"line":182,"column":26},"end":{"line":193,"column":3}},"line":182},"6":{"name":"(anonymous_6)","decl":{"start":{"line":195,"column":23},"end":{"line":195,"column":24}},"loc":{"start":{"line":195,"column":29},"end":{"line":224,"column":3}},"line":195},"7":{"name":"(anonymous_7)","decl":{"start":{"line":207,"column":34},"end":{"line":207,"column":35}},"loc":{"start":{"line":207,"column":43},"end":{"line":220,"column":5}},"line":207},"8":{"name":"(anonymous_8)","decl":{"start":{"line":225,"column":12},"end":{"line":225,"column":13}},"loc":{"start":{"line":225,"column":18},"end":{"line":229,"column":3}},"line":225},"9":{"name":"(anonymous_9)","decl":{"start":{"line":234,"column":28},"end":{"line":234,"column":29}},"loc":{"start":{"line":234,"column":35},"end":{"line":245,"column":3}},"line":234},"10":{"name":"(anonymous_10)","decl":{"start":{"line":236,"column":16},"end":{"line":236,"column":17}},"loc":{"start":{"line":236,"column":27},"end":{"line":236,"column":53}},"line":236},"11":{"name":"(anonymous_11)","decl":{"start":{"line":240,"column":16},"end":{"line":240,"column":17}},"loc":{"start":{"line":240,"column":27},"end":{"line":243,"column":7}},"line":240},"12":{"name":"(anonymous_12)","decl":{"start":{"line":246,"column":21},"end":{"line":246,"column":22}},"loc":{"start":{"line":246,"column":28},"end":{"line":253,"column":3}},"line":246},"13":{"name":"(anonymous_13)","decl":{"start":{"line":248,"column":15},"end":{"line":248,"column":16}},"loc":{"start":{"line":248,"column":26},"end":{"line":248,"column":51}},"line":248},"14":{"name":"(anonymous_14)","decl":{"start":{"line":249,"column":14},"end":{"line":249,"column":15}},"loc":{"start":{"line":249,"column":25},"end":{"line":252,"column":5}},"line":249},"15":{"name":"(anonymous_15)","decl":{"start":{"line":255,"column":23},"end":{"line":255,"column":24}},"loc":{"start":{"line":255,"column":36},"end":{"line":341,"column":3}},"line":255},"16":{"name":"(anonymous_16)","decl":{"start":{"line":260,"column":6},"end":{"line":260,"column":7}},"loc":{"start":{"line":260,"column":21},"end":{"line":263,"column":7}},"line":260},"17":{"name":"(anonymous_17)","decl":{"start":{"line":344,"column":21},"end":{"line":344,"column":22}},"loc":{"start":{"line":344,"column":27},"end":{"line":432,"column":3}},"line":344}},"branchMap":{"0":{"loc":{"start":{"line":12,"column":2},"end":{"line":79,"column":3}},"type":"switch","locations":[{"start":{"line":13,"column":4},"end":{"line":19,"column":16}},{"start":{"line":21,"column":4},"end":{"line":26,"column":16}},{"start":{"line":28,"column":4},"end":{"line":34,"column":16}},{"start":{"line":36,"column":4},"end":{"line":41,"column":16}},{"start":{"line":43,"column":4},"end":{"line":55,"column":16}},{"start":{"line":57,"column":4},"end":{"line":75,"column":16}},{"start":{"line":77,"column":4},"end":{"line":78,"column":16}}],"line":12},"1":{"loc":{"start":{"line":14,"column":6},"end":{"line":14,"column":45}},"type":"if","locations":[{"start":{"line":14,"column":6},"end":{"line":14,"column":45}},{"start":{},"end":{}}],"line":14},"2":{"loc":{"start":{"line":15,"column":6},"end":{"line":15,"column":48}},"type":"if","locations":[{"start":{"line":15,"column":6},"end":{"line":15,"column":48}},{"start":{},"end":{}}],"line":15},"3":{"loc":{"start":{"line":16,"column":6},"end":{"line":17,"column":85}},"type":"if","locations":[{"start":{"line":16,"column":6},"end":{"line":17,"column":85}},{"start":{},"end":{}}],"line":16},"4":{"loc":{"start":{"line":18,"column":6},"end":{"line":18,"column":76}},"type":"if","locations":[{"start":{"line":18,"column":6},"end":{"line":18,"column":76}},{"start":{},"end":{}}],"line":18},"5":{"loc":{"start":{"line":22,"column":6},"end":{"line":22,"column":49}},"type":"if","locations":[{"start":{"line":22,"column":6},"end":{"line":22,"column":49}},{"start":{},"end":{}}],"line":22},"6":{"loc":{"start":{"line":23,"column":6},"end":{"line":23,"column":77}},"type":"if","locations":[{"start":{"line":23,"column":6},"end":{"line":23,"column":77}},{"start":{},"end":{}}],"line":23},"7":{"loc":{"start":{"line":24,"column":6},"end":{"line":25,"column":85}},"type":"if","locations":[{"start":{"line":24,"column":6},"end":{"line":25,"column":85}},{"start":{},"end":{}}],"line":24},"8":{"loc":{"start":{"line":29,"column":6},"end":{"line":29,"column":48}},"type":"if","locations":[{"start":{"line":29,"column":6},"end":{"line":29,"column":48}},{"start":{},"end":{}}],"line":29},"9":{"loc":{"start":{"line":30,"column":6},"end":{"line":30,"column":76}},"type":"if","locations":[{"start":{"line":30,"column":6},"end":{"line":30,"column":76}},{"start":{},"end":{}}],"line":30},"10":{"loc":{"start":{"line":31,"column":6},"end":{"line":31,"column":77}},"type":"if","locations":[{"start":{"line":31,"column":6},"end":{"line":31,"column":77}},{"start":{},"end":{}}],"line":31},"11":{"loc":{"start":{"line":32,"column":6},"end":{"line":33,"column":76}},"type":"if","locations":[{"start":{"line":32,"column":6},"end":{"line":33,"column":76}},{"start":{},"end":{}}],"line":32},"12":{"loc":{"start":{"line":37,"column":6},"end":{"line":37,"column":45}},"type":"if","locations":[{"start":{"line":37,"column":6},"end":{"line":37,"column":45}},{"start":{},"end":{}}],"line":37},"13":{"loc":{"start":{"line":40,"column":6},"end":{"line":40,"column":79}},"type":"if","locations":[{"start":{"line":40,"column":6},"end":{"line":40,"column":79}},{"start":{},"end":{}}],"line":40},"14":{"loc":{"start":{"line":44,"column":6},"end":{"line":44,"column":55}},"type":"if","locations":[{"start":{"line":44,"column":6},"end":{"line":44,"column":55}},{"start":{},"end":{}}],"line":44},"15":{"loc":{"start":{"line":44,"column":10},"end":{"line":44,"column":43}},"type":"binary-expr","locations":[{"start":{"line":44,"column":10},"end":{"line":44,"column":33}},{"start":{"line":44,"column":37},"end":{"line":44,"column":43}}],"line":44},"16":{"loc":{"start":{"line":45,"column":6},"end":{"line":45,"column":48}},"type":"if","locations":[{"start":{"line":45,"column":6},"end":{"line":45,"column":48}},{"start":{},"end":{}}],"line":45},"17":{"loc":{"start":{"line":46,"column":6},"end":{"line":46,"column":76}},"type":"if","locations":[{"start":{"line":46,"column":6},"end":{"line":46,"column":76}},{"start":{},"end":{}}],"line":46},"18":{"loc":{"start":{"line":47,"column":6},"end":{"line":48,"column":69}},"type":"if","locations":[{"start":{"line":47,"column":6},"end":{"line":48,"column":69}},{"start":{},"end":{}}],"line":47},"19":{"loc":{"start":{"line":49,"column":6},"end":{"line":50,"column":69}},"type":"if","locations":[{"start":{"line":49,"column":6},"end":{"line":50,"column":69}},{"start":{},"end":{}}],"line":49},"20":{"loc":{"start":{"line":51,"column":6},"end":{"line":52,"column":59}},"type":"if","locations":[{"start":{"line":51,"column":6},"end":{"line":52,"column":59}},{"start":{},"end":{}}],"line":51},"21":{"loc":{"start":{"line":53,"column":6},"end":{"line":54,"column":81}},"type":"if","locations":[{"start":{"line":53,"column":6},"end":{"line":54,"column":81}},{"start":{},"end":{}}],"line":53},"22":{"loc":{"start":{"line":58,"column":6},"end":{"line":58,"column":48}},"type":"if","locations":[{"start":{"line":58,"column":6},"end":{"line":58,"column":48}},{"start":{},"end":{}}],"line":58},"23":{"loc":{"start":{"line":62,"column":6},"end":{"line":62,"column":73}},"type":"if","locations":[{"start":{"line":62,"column":6},"end":{"line":62,"column":73}},{"start":{},"end":{}}],"line":62},"24":{"loc":{"start":{"line":63,"column":6},"end":{"line":63,"column":71}},"type":"if","locations":[{"start":{"line":63,"column":6},"end":{"line":63,"column":71}},{"start":{},"end":{}}],"line":63},"25":{"loc":{"start":{"line":68,"column":6},"end":{"line":73,"column":7}},"type":"if","locations":[{"start":{"line":68,"column":6},"end":{"line":73,"column":7}},{"start":{},"end":{}}],"line":68},"26":{"loc":{"start":{"line":69,"column":8},"end":{"line":70,"column":66}},"type":"binary-expr","locations":[{"start":{"line":69,"column":8},"end":{"line":69,"column":21}},{"start":{"line":70,"column":9},"end":{"line":70,"column":24}},{"start":{"line":70,"column":28},"end":{"line":70,"column":65}}],"line":69},"27":{"loc":{"start":{"line":74,"column":6},"end":{"line":74,"column":64}},"type":"if","locations":[{"start":{"line":74,"column":6},"end":{"line":74,"column":64}},{"start":{},"end":{}}],"line":74},"28":{"loc":{"start":{"line":88,"column":2},"end":{"line":88,"column":15}},"type":"default-arg","locations":[{"start":{"line":88,"column":9},"end":{"line":88,"column":15}}],"line":88},"29":{"loc":{"start":{"line":101,"column":7},"end":{"line":105,"column":7}},"type":"binary-expr","locations":[{"start":{"line":101,"column":7},"end":{"line":101,"column":12}},{"start":{"line":102,"column":8},"end":{"line":104,"column":15}}],"line":101},"30":{"loc":{"start":{"line":112,"column":14},"end":{"line":112,"column":79}},"type":"cond-expr","locations":[{"start":{"line":112,"column":37},"end":{"line":112,"column":71}},{"start":{"line":112,"column":75},"end":{"line":112,"column":79}}],"line":112},"31":{"loc":{"start":{"line":112,"column":37},"end":{"line":112,"column":71}},"type":"cond-expr","locations":[{"start":{"line":112,"column":52},"end":{"line":112,"column":58}},{"start":{"line":112,"column":61},"end":{"line":112,"column":71}}],"line":112},"32":{"loc":{"start":{"line":119,"column":21},"end":{"line":119,"column":67}},"type":"cond-expr","locations":[{"start":{"line":119,"column":29},"end":{"line":119,"column":46}},{"start":{"line":119,"column":49},"end":{"line":119,"column":67}}],"line":119},"33":{"loc":{"start":{"line":127,"column":12},"end":{"line":127,"column":69}},"type":"cond-expr","locations":[{"start":{"line":127,"column":20},"end":{"line":127,"column":43}},{"start":{"line":127,"column":46},"end":{"line":127,"column":69}}],"line":127},"34":{"loc":{"start":{"line":131,"column":7},"end":{"line":144,"column":7}},"type":"binary-expr","locations":[{"start":{"line":131,"column":7},"end":{"line":131,"column":26}},{"start":{"line":132,"column":8},"end":{"line":143,"column":17}}],"line":131},"35":{"loc":{"start":{"line":138,"column":11},"end":{"line":142,"column":11}},"type":"cond-expr","locations":[{"start":{"line":139,"column":12},"end":{"line":139,"column":61}},{"start":{"line":141,"column":12},"end":{"line":141,"column":56}}],"line":138},"36":{"loc":{"start":{"line":199,"column":4},"end":{"line":204,"column":5}},"type":"if","locations":[{"start":{"line":199,"column":4},"end":{"line":204,"column":5}},{"start":{},"end":{}}],"line":199},"37":{"loc":{"start":{"line":201,"column":6},"end":{"line":201,"column":43}},"type":"if","locations":[{"start":{"line":201,"column":6},"end":{"line":201,"column":43}},{"start":{},"end":{}}],"line":201},"38":{"loc":{"start":{"line":209,"column":6},"end":{"line":211,"column":7}},"type":"if","locations":[{"start":{"line":209,"column":6},"end":{"line":211,"column":7}},{"start":{},"end":{}}],"line":209},"39":{"loc":{"start":{"line":209,"column":10},"end":{"line":209,"column":67}},"type":"binary-expr","locations":[{"start":{"line":209,"column":10},"end":{"line":209,"column":27}},{"start":{"line":209,"column":31},"end":{"line":209,"column":49}},{"start":{"line":209,"column":53},"end":{"line":209,"column":67}}],"line":209},"40":{"loc":{"start":{"line":214,"column":6},"end":{"line":216,"column":7}},"type":"if","locations":[{"start":{"line":214,"column":6},"end":{"line":216,"column":7}},{"start":{},"end":{}}],"line":214},"41":{"loc":{"start":{"line":214,"column":10},"end":{"line":214,"column":48}},"type":"binary-expr","locations":[{"start":{"line":214,"column":10},"end":{"line":214,"column":27}},{"start":{"line":214,"column":31},"end":{"line":214,"column":48}}],"line":214},"42":{"loc":{"start":{"line":219,"column":6},"end":{"line":219,"column":40}},"type":"if","locations":[{"start":{"line":219,"column":6},"end":{"line":219,"column":40}},{"start":{},"end":{}}],"line":219},"43":{"loc":{"start":{"line":226,"column":4},"end":{"line":228,"column":5}},"type":"if","locations":[{"start":{"line":226,"column":4},"end":{"line":228,"column":5}},{"start":{},"end":{}}],"line":226},"44":{"loc":{"start":{"line":231,"column":2},"end":{"line":231,"column":27}},"type":"if","locations":[{"start":{"line":231,"column":2},"end":{"line":231,"column":27}},{"start":{},"end":{}}],"line":231},"45":{"loc":{"start":{"line":239,"column":4},"end":{"line":244,"column":5}},"type":"if","locations":[{"start":{"line":239,"column":4},"end":{"line":244,"column":5}},{"start":{},"end":{}}],"line":239},"46":{"loc":{"start":{"line":268,"column":4},"end":{"line":280,"column":5}},"type":"if","locations":[{"start":{"line":268,"column":4},"end":{"line":280,"column":5}},{"start":{},"end":{}}],"line":268},"47":{"loc":{"start":{"line":334,"column":10},"end":{"line":334,"column":56}},"type":"binary-expr","locations":[{"start":{"line":334,"column":10},"end":{"line":334,"column":33}},{"start":{"line":334,"column":37},"end":{"line":334,"column":56}}],"line":334},"48":{"loc":{"start":{"line":345,"column":4},"end":{"line":431,"column":5}},"type":"switch","locations":[{"start":{"line":346,"column":6},"end":{"line":346,"column":20}},{"start":{"line":347,"column":6},"end":{"line":418,"column":10}},{"start":{"line":419,"column":6},"end":{"line":428,"column":10}},{"start":{"line":429,"column":6},"end":{"line":430,"column":20}}],"line":345},"49":{"loc":{"start":{"line":350,"column":13},"end":{"line":362,"column":13}},"type":"binary-expr","locations":[{"start":{"line":350,"column":13},"end":{"line":350,"column":30}},{"start":{"line":352,"column":14},"end":{"line":361,"column":16}}],"line":350},"50":{"loc":{"start":{"line":450,"column":11},"end":{"line":470,"column":11}},"type":"cond-expr","locations":[{"start":{"line":451,"column":12},"end":{"line":453,"column":18}},{"start":{"line":455,"column":12},"end":{"line":469,"column":19}}],"line":450},"51":{"loc":{"start":{"line":461,"column":20},"end":{"line":463,"column":55}},"type":"cond-expr","locations":[{"start":{"line":462,"column":24},"end":{"line":462,"column":52}},{"start":{"line":463,"column":24},"end":{"line":463,"column":55}}],"line":461}},"s":{"0":0,"1":0,"2":0,"3":0,"4":0,"5":0,"6":0,"7":0,"8":0,"9":0,"10":0,"11":0,"12":0,"13":0,"14":0,"15":0,"16":0,"17":0,"18":0,"19":0,"20":0,"21":0,"22":0,"23":0,"24":0,"25":0,"26":0,"27":0,"28":0,"29":0,"30":0,"31":0,"32":0,"33":0,"34":0,"35":0,"36":0,"37":0,"38":0,"39":0,"40":0,"41":0,"42":0,"43":0,"44":0,"45":0,"46":0,"47":0,"48":0,"49":0,"50":0,"51":0,"52":0,"53":0,"54":0,"55":0,"56":0,"57":0,"58":0,"59":0,"60":0,"61":0,"62":0,"63":0,"64":0,"65":0,"66":0,"67":0,"68":0,"69":0,"70":0,"71":0,"72":0,"73":0,"74":0,"75":0,"76":0,"77":0,"78":0,"79":0,"80":0,"81":0,"82":0,"83":0,"84":0,"85":0,"86":0,"87":0,"88":0,"89":0,"90":0,"91":0,"92":0,"93":0,"94":0,"95":0,"96":0,"97":0,"98":0,"99":0,"100":0,"101":0,"102":0,"103":0,"104":0,"105":0,"106":0,"107":0,"108":0,"109":0,"110":0,"111":0,"112":0,"113":0,"114":0,"115":0,"116":0,"117":0,"118":0,"119":0,"120":0,"121":0,"122":0,"123":0,"124":0,"125":0,"126":0,"127":0,"128":0,"129":0,"130":0,"131":0,"132":0,"133":0,"134":0,"135":0,"136":0,"137":0,"138":0,"139":0,"140":0,"141":0,"142":0,"143":0,"144":0},"f":{"0":0,"1":0,"2":0,"3":0,"4":0,"5":0,"6":0,"7":0,"8":0,"9":0,"10":0,"11":0,"12":0,"13":0,"14":0,"15":0,"16":0,"17":0},"b":{"0":[0,0,0,0,0,0,0],"1":[0,0],"2":[0,0],"3":[0,0],"4":[0,0],"5":[0,0],"6":[0,0],"7":[0,0],"8":[0,0],"9":[0,0],"10":[0,0],"11":[0,0],"12":[0,0],"13":[0,0],"14":[0,0],"15":[0,0],"16":[0,0],"17":[0,0],"18":[0,0],"19":[0,0],"20":[0,0],"21":[0,0],"22":[0,0],"23":[0,0],"24":[0,0],"25":[0,0],"26":[0,0,0],"27":[0,0],"28":[0],"29":[0,0],"30":[0,0],"31":[0,0],"32":[0,0],"33":[0,0],"34":[0,0],"35":[0,0],"36":[0,0],"37":[0,0],"38":[0,0],"39":[0,0,0],"40":[0,0],"41":[0,0],"42":[0,0],"43":[0,0],"44":[0,0],"45":[0,0],"46":[0,0],"47":[0,0],"48":[0,0,0,0],"49":[0,0],"50":[0,0],"51":[0,0]}}
,"C:\\Users\\pc\\Desktop\\SE2\\frontend\\src\\components\\Admin\\ManageQuiz\\ManageQuizzes.jsx": {"path":"C:\\Users\\pc\\Desktop\\SE2\\frontend\\src\\components\\Admin\\ManageQuiz\\ManageQuizzes.jsx","statementMap":{"0":{"start":{"line":7,"column":22},"end":{"line":165,"column":1}},"1":{"start":{"line":8,"column":40},"end":{"line":8,"column":55}},"2":{"start":{"line":9,"column":36},"end":{"line":9,"column":54}},"3":{"start":{"line":10,"column":34},"end":{"line":10,"column":46}},"4":{"start":{"line":11,"column":32},"end":{"line":11,"column":46}},"5":{"start":{"line":12,"column":28},"end":{"line":12,"column":42}},"6":{"start":{"line":13,"column":38},"end":{"line":13,"column":50}},"7":{"start":{"line":14,"column":38},"end":{"line":17,"column":4}},"8":{"start":{"line":18,"column":26},"end":{"line":21,"column":3}},"9":{"start":{"line":19,"column":4},"end":{"line":19,"column":23}},"10":{"start":{"line":20,"column":4},"end":{"line":20,"column":25}},"11":{"start":{"line":23,"column":27},"end":{"line":25,"column":3}},"12":{"start":{"line":24,"column":4},"end":{"line":24,"column":26}},"13":{"start":{"line":27,"column":24},"end":{"line":49,"column":8}},"14":{"start":{"line":28,"column":4},"end":{"line":28,"column":21}},"15":{"start":{"line":29,"column":4},"end":{"line":48,"column":5}},"16":{"start":{"line":30,"column":23},"end":{"line":30,"column":54}},"17":{"start":{"line":32,"column":30},"end":{"line":41,"column":9}},"18":{"start":{"line":32,"column":59},"end":{"line":41,"column":7}},"19":{"start":{"line":43,"column":6},"end":{"line":43,"column":35}},"20":{"start":{"line":45,"column":6},"end":{"line":45,"column":50}},"21":{"start":{"line":47,"column":6},"end":{"line":47,"column":24}},"22":{"start":{"line":51,"column":2},"end":{"line":53,"column":22}},"23":{"start":{"line":52,"column":4},"end":{"line":52,"column":20}},"24":{"start":{"line":55,"column":28},"end":{"line":57,"column":21}},"25":{"start":{"line":56,"column":4},"end":{"line":56,"column":20}},"26":{"start":{"line":59,"column":28},"end":{"line":61,"column":21}},"27":{"start":{"line":60,"column":4},"end":{"line":60,"column":20}},"28":{"start":{"line":63,"column":28},"end":{"line":65,"column":21}},"29":{"start":{"line":64,"column":4},"end":{"line":64,"column":20}},"30":{"start":{"line":67,"column":23},"end":{"line":75,"column":28}},"31":{"start":{"line":68,"column":4},"end":{"line":74,"column":6}},"32":{"start":{"line":69,"column":6},"end":{"line":73,"column":7}},"33":{"start":{"line":71,"column":10},"end":{"line":72,"column":75}},"34":{"start":{"line":78,"column":21},"end":{"line":95,"column":32}},"35":{"start":{"line":79,"column":24},"end":{"line":79,"column":41}},"36":{"start":{"line":80,"column":4},"end":{"line":93,"column":5}},"37":{"start":{"line":81,"column":6},"end":{"line":92,"column":9}},"38":{"start":{"line":82,"column":23},"end":{"line":82,"column":46}},"39":{"start":{"line":83,"column":23},"end":{"line":83,"column":46}},"40":{"start":{"line":85,"column":8},"end":{"line":87,"column":9}},"41":{"start":{"line":86,"column":10},"end":{"line":86,"column":57}},"42":{"start":{"line":88,"column":8},"end":{"line":90,"column":9}},"43":{"start":{"line":89,"column":10},"end":{"line":89,"column":57}},"44":{"start":{"line":91,"column":8},"end":{"line":91,"column":17}},"45":{"start":{"line":94,"column":4},"end":{"line":94,"column":25}},"46":{"start":{"line":98,"column":23},"end":{"line":100,"column":8}},"47":{"start":{"line":99,"column":4},"end":{"line":99,"column":24}},"48":{"start":{"line":102,"column":21},"end":{"line":110,"column":8}},"49":{"start":{"line":103,"column":4},"end":{"line":109,"column":8}},"50":{"start":{"line":103,"column":35},"end":{"line":109,"column":5}},"51":{"start":{"line":112,"column":2},"end":{"line":121,"column":3}},"52":{"start":{"line":113,"column":4},"end":{"line":120,"column":6}},"53":{"start":{"line":123,"column":2},"end":{"line":130,"column":3}},"54":{"start":{"line":124,"column":4},"end":{"line":129,"column":6}},"55":{"start":{"line":132,"column":2},"end":{"line":164,"column":4}}},"fnMap":{"0":{"name":"(anonymous_0)","decl":{"start":{"line":7,"column":22},"end":{"line":7,"column":23}},"loc":{"start":{"line":7,"column":28},"end":{"line":165,"column":1}},"line":7},"1":{"name":"(anonymous_1)","decl":{"start":{"line":18,"column":26},"end":{"line":18,"column":27}},"loc":{"start":{"line":18,"column":36},"end":{"line":21,"column":3}},"line":18},"2":{"name":"(anonymous_2)","decl":{"start":{"line":23,"column":27},"end":{"line":23,"column":28}},"loc":{"start":{"line":23,"column":33},"end":{"line":25,"column":3}},"line":23},"3":{"name":"(anonymous_3)","decl":{"start":{"line":27,"column":36},"end":{"line":27,"column":37}},"loc":{"start":{"line":27,"column":48},"end":{"line":49,"column":3}},"line":27},"4":{"name":"(anonymous_4)","decl":{"start":{"line":32,"column":48},"end":{"line":32,"column":49}},"loc":{"start":{"line":32,"column":59},"end":{"line":41,"column":7}},"line":32},"5":{"name":"(anonymous_5)","decl":{"start":{"line":51,"column":12},"end":{"line":51,"column":13}},"loc":{"start":{"line":51,"column":18},"end":{"line":53,"column":3}},"line":51},"6":{"name":"(anonymous_6)","decl":{"start":{"line":55,"column":40},"end":{"line":55,"column":41}},"loc":{"start":{"line":55,"column":46},"end":{"line":57,"column":3}},"line":55},"7":{"name":"(anonymous_7)","decl":{"start":{"line":59,"column":40},"end":{"line":59,"column":41}},"loc":{"start":{"line":59,"column":46},"end":{"line":61,"column":3}},"line":59},"8":{"name":"(anonymous_8)","decl":{"start":{"line":63,"column":40},"end":{"line":63,"column":41}},"loc":{"start":{"line":63,"column":46},"end":{"line":65,"column":3}},"line":63},"9":{"name":"(anonymous_9)","decl":{"start":{"line":67,"column":31},"end":{"line":67,"column":32}},"loc":{"start":{"line":67,"column":37},"end":{"line":75,"column":3}},"line":67},"10":{"name":"(anonymous_10)","decl":{"start":{"line":68,"column":27},"end":{"line":68,"column":28}},"loc":{"start":{"line":69,"column":6},"end":{"line":73,"column":7}},"line":69},"11":{"name":"(anonymous_11)","decl":{"start":{"line":70,"column":8},"end":{"line":70,"column":9}},"loc":{"start":{"line":71,"column":10},"end":{"line":72,"column":75}},"line":71},"12":{"name":"(anonymous_12)","decl":{"start":{"line":78,"column":29},"end":{"line":78,"column":30}},"loc":{"start":{"line":78,"column":35},"end":{"line":95,"column":3}},"line":78},"13":{"name":"(anonymous_13)","decl":{"start":{"line":81,"column":25},"end":{"line":81,"column":26}},"loc":{"start":{"line":81,"column":35},"end":{"line":92,"column":7}},"line":81},"14":{"name":"(anonymous_14)","decl":{"start":{"line":98,"column":35},"end":{"line":98,"column":36}},"loc":{"start":{"line":98,"column":45},"end":{"line":100,"column":3}},"line":98},"15":{"name":"(anonymous_15)","decl":{"start":{"line":102,"column":33},"end":{"line":102,"column":34}},"loc":{"start":{"line":102,"column":42},"end":{"line":110,"column":3}},"line":102},"16":{"name":"(anonymous_16)","decl":{"start":{"line":103,"column":18},"end":{"line":103,"column":19}},"loc":{"start":{"line":103,"column":35},"end":{"line":109,"column":5}},"line":103}},"branchMap":{"0":{"loc":{"start":{"line":71,"column":10},"end":{"line":72,"column":75}},"type":"binary-expr","locations":[{"start":{"line":71,"column":10},"end":{"line":71,"column":29}},{"start":{"line":72,"column":10},"end":{"line":72,"column":75}}],"line":71},"1":{"loc":{"start":{"line":80,"column":4},"end":{"line":93,"column":5}},"type":"if","locations":[{"start":{"line":80,"column":4},"end":{"line":93,"column":5}},{"start":{},"end":{}}],"line":80},"2":{"loc":{"start":{"line":82,"column":23},"end":{"line":82,"column":46}},"type":"binary-expr","locations":[{"start":{"line":82,"column":23},"end":{"line":82,"column":40}},{"start":{"line":82,"column":44},"end":{"line":82,"column":46}}],"line":82},"3":{"loc":{"start":{"line":83,"column":23},"end":{"line":83,"column":46}},"type":"binary-expr","locations":[{"start":{"line":83,"column":23},"end":{"line":83,"column":40}},{"start":{"line":83,"column":44},"end":{"line":83,"column":46}}],"line":83},"4":{"loc":{"start":{"line":85,"column":8},"end":{"line":87,"column":9}},"type":"if","locations":[{"start":{"line":85,"column":8},"end":{"line":87,"column":9}},{"start":{},"end":{}}],"line":85},"5":{"loc":{"start":{"line":86,"column":17},"end":{"line":86,"column":56}},"type":"cond-expr","locations":[{"start":{"line":86,"column":50},"end":{"line":86,"column":52}},{"start":{"line":86,"column":55},"end":{"line":86,"column":56}}],"line":86},"6":{"loc":{"start":{"line":88,"column":8},"end":{"line":90,"column":9}},"type":"if","locations":[{"start":{"line":88,"column":8},"end":{"line":90,"column":9}},{"start":{},"end":{}}],"line":88},"7":{"loc":{"start":{"line":89,"column":17},"end":{"line":89,"column":56}},"type":"cond-expr","locations":[{"start":{"line":89,"column":50},"end":{"line":89,"column":51}},{"start":{"line":89,"column
[...]
xpr","locations":[{"start":{"line":58,"column":35},"end":{"line":58,"column":36}},{"start":{"line":58,"column":39},"end":{"line":58,"column":40}}],"line":58},"12":{"loc":{"start":{"line":59,"column":17},"end":{"line":61,"column":33}},"type":"cond-expr","locations":[{"start":{"line":60,"column":14},"end":{"line":60,"column":33}},{"start":{"line":61,"column":14},"end":{"line":61,"column":33}}],"line":59},"13":{"loc":{"start":{"line":71,"column":4},"end":{"line":73,"column":5}},"type":"if","locations":[{"start":{"line":71,"column":4},"end":{"line":73,"column":5}},{"start":{},"end":{}}],"line":71},"14":{"loc":{"start":{"line":71,"column":8},"end":{"line":71,"column":65}},"type":"binary-expr","locations":[{"start":{"line":71,"column":8},"end":{"line":71,"column":30}},{"start":{"line":71,"column":34},"end":{"line":71,"column":65}}],"line":71},"15":{"loc":{"start":{"line":81,"column":24},"end":{"line":81,"column":42}},"type":"binary-expr","locations":[{"start":{"line":81,"column":24},"end":{"line":81,"column":36}},{"start":{"line":81,"column":40},"end":{"line":81,"column":42}}],"line":81},"16":{"loc":{"start":{"line":88,"column":4},"end":{"line":88,"column":45}},"type":"if","locations":[{"start":{"line":88,"column":4},"end":{"line":88,"column":45}},{"start":{},"end":{}}],"line":88},"17":{"loc":{"start":{"line":90,"column":4},"end":{"line":92,"column":5}},"type":"if","locations":[{"start":{"line":90,"column":4},"end":{"line":92,"column":5}},{"start":{},"end":{}}],"line":90},"18":{"loc":{"start":{"line":97,"column":4},"end":{"line":99,"column":5}},"type":"if","locations":[{"start":{"line":97,"column":4},"end":{"line":99,"column":5}},{"start":{},"end":{}}],"line":97},"19":{"loc":{"start":{"line":105,"column":2},"end":{"line":107,"column":3}},"type":"if","locations":[{"start":{"line":105,"column":2},"end":{"line":107,"column":3}},{"start":{},"end":{}}],"line":105},"20":{"loc":{"start":{"line":123,"column":9},"end":{"line":297,"column":9}},"type":"cond-expr","locations":[{"start":{"line":124,"column":10},"end":{"line":292,"column":16}},{"start":{"line":294,"column":10},"end":{"line":296,"column":16}}],"line":123},"21":{"loc":{"start":{"line":157,"column":21},"end":{"line":162,"column":24}},"type":"binary-expr","locations":[{"start":{"line":157,"column":21},"end":{"line":157,"column":48}},{"start":{"line":158,"column":23},"end":{"line":162,"column":23}}],"line":157},"22":{"loc":{"start":{"line":158,"column":23},"end":{"line":162,"column":23}},"type":"cond-expr","locations":[{"start":{"line":159,"column":24},"end":{"line":159,"column":49}},{"start":{"line":161,"column":24},"end":{"line":161,"column":47}}],"line":158},"23":{"loc":{"start":{"line":171,"column":19},"end":{"line":176,"column":22}},"type":"binary-expr","locations":[{"start":{"line":171,"column":19},"end":{"line":171,"column":49}},{"start":{"line":172,"column":21},"end":{"line":176,"column":21}}],"line":171},"24":{"loc":{"start":{"line":172,"column":21},"end":{"line":176,"column":21}},"type":"cond-expr","locations":[{"start":{"line":173,"column":22},"end":{"line":173,"column":47}},{"start":{"line":175,"column":22},"end":{"line":175,"column":45}}],"line":172},"25":{"loc":{"start":{"line":184,"column":19},"end":{"line":189,"column":22}},"type":"binary-expr","locations":[{"start":{"line":184,"column":19},"end":{"line":184,"column":50}},{"start":{"line":185,"column":21},"end":{"line":189,"column":21}}],"line":184},"26":{"loc":{"start":{"line":185,"column":21},"end":{"line":189,"column":21}},"type":"cond-expr","locations":[{"start":{"line":186,"column":22},"end":{"line":186,"column":47}},{"start":{"line":188,"column":22},"end":{"line":188,"column":45}}],"line":185},"27":{"loc":{"start":{"line":204,"column":17},"end":{"line":209,"column":17}},"type":"binary-expr","locations":[{"start":{"line":204,"column":17},"end":{"line":204,"column":31}},{"start":{"line":205,"column":18},"end":{"line":208,"column":25}}],"line":204},"28":{"loc":{"start":{"line":207,"column":21},"end":{"line":207,"column":64}},"type":"cond-expr","locations":[{"start":{"line":207,"column":55},"end":{"line":207,"column":58}},{"start":{"line":207,"column":61},"end":{"line":207,"column":64}}],"line":207},"29":{"loc":{"start":{"line":214,"column":13},"end":{"line":218,"column":13}},"type":"binary-expr","locations":[{"start":{"line":214,"column":13},"end":{"line":214,"column":42}},{"start":{"line":215,"column":14},"end":{"line":217,"column":20}}],"line":214},"30":{"loc":{"start":{"line":226,"column":20},"end":{"line":226,"column":69}},"type":"cond-expr","locations":[{"start":{"line":226,"column":37},"end":{"line":226,"column":53}},{"start":{"line":226,"column":56},"end":{"line":226,"column":69}}],"line":226},"31":{"loc":{"start":{"line":241,"column":25},"end":{"line":241,"column":53}},"type":"binary-expr","locations":[{"start":{"line":241,"column":25},"end":{"line":241,"column":48}},{"start":{"line":241,"column":52},"end":{"line":241,"column":53}}],"line":241},"32":{"loc":{"start":{"line":250,"column":41},"end":{"line":250,"column":65}},"type":"binary-expr","locations":[{"start":{"line":250,"column":41},"end":{"line":250,"column":60}},{"start":{"line":250,"column":64},"end":{"line":250,"column":65}}],"line":250},"33":{"loc":{"start":{"line":255,"column":24},"end":{"line":257,"column":56}},"type":"cond-expr","locations":[{"start":{"line":256,"column":28},"end":{"line":256,"column":60}},{"start":{"line":257,"column":28},"end":{"line":257,"column":56}}],"line":255},"34":{"loc":{"start":{"line":261,"column":25},"end":{"line":261,"column":72}},"type":"cond-expr","locations":[{"start":{"line":261,"column":42},"end":{"line":261,"column":55}},{"start":{"line":261,"column":58},"end":{"line":261,"column":72}}],"line":261},"35":{"loc":{"start":{"line":265,"column":23},"end":{"line":274,"column":43}},"type":"cond-expr","locations":[{"start":{"line":266,"column":26},"end":{"line":273,"column":27}},{"start":{"line":274,"column":26},"end":{"line":274,"column":43}}],"line":265},"36":{"loc":{"start":{"line":275,"column":23},"end":{"line":286,"column":23}},"type":"binary-expr","locations":[{"start":{"line":275,"column":23},"end":{"line":275,"column":43}},{"start":{"line":276,"column":24},"end":{"line":285,"column":27}}],"line":275}},"s":{"0":0,"1":0,"2":0,"3":0,"4":0,"5":0,"6":0,"7":0,"8":0,"9":0,"10":0,"11":0,"12":0,"13":0,"14":0,"15":0,"16":0,"17":0,"18":0,"19":0,"20":0,"21":0,"22":0,"23":0,"24":0,"25":0,"26":0,"27":0,"28":0,"29":0,"30":0,"31":0,"32":0,"33":0,"34":0,"35":0,"36":0,"37":0,"38":0,"39":0,"40":0,"41":0,"42":0,"43":0,"44":0,"45":0,"46":0,"47":0,"48":0,"49":0,"50":0,"51":0,"52":0,"53":0,"54":0,"55":0,"56":0,"57":0,"58":0,"59":1},"f":{"0":0,"1":0,"2":0,"3":0,"4":0,"5":0,"6":0,"7":0,"8":0,"9":0,"10":0,"11":0,"12":0,"13":0,"14":0},"b":{"0":[0,0],"1":[0,0],"2":[0,0],"3":[0,0,0,0,0,0],"4":[0,0],"5":[0,0],"6":[0,0],"7":[0,0],"8":[0,0],"9":[0,0],"10":[0,0],"11":[0,0],"12":[0,0],"13":[0,0],"14":[0,0],"15":[0,0],"16":[0,0],"17":[0,0],"18":[0,0],"19":[0,0],"20":[0,0],"21":[0,0],"22":[0,0],"23":[0,0],"24":[0,0],"25":[0,0],"26":[0,0],"27":[0,0],"28":[0,0],"29":[0,0],"30":[0,0],"31":[0,0],"32":[0,0],"33":[0,0],"34":[0,0],"35":[0,0],"36":[0,0]},"_coverageSchema":"1a1c01bbd47fc00a2c39e90264f33305004495a9","hash":"217b7e865926362b928f00b0ba81d77489dde3ac"}
,"C:\\Users\\pc\\Desktop\\SE2\\frontend\\src\\components\\User\\components\\Sidebar\\RankingDisplay.jsx": {"path":"C:\\Users\\pc\\Desktop\\SE2\\frontend\\src\\components\\User\\components\\Sidebar\\RankingDisplay.jsx","statementMap":{"0":{"start":{"line":14,"column":34},"end":{"line":20,"column":4}},"1":{"start":{"line":21,"column":36},"end":{"line":21,"column":62}},"2":{"start":{"line":22,"column":19},"end":{"line":22,"column":28}},"3":{"start":{"line":23,"column":2},"end":{"line":44,"column":9}},"4":{"start":{"line":24,"column":26},"end":{"line":41,"column":5}},"5":{"start":{"line":25,"column":6},"end":{"line":40,"column":7}},"6":{"start":{"line":26,"column":25},"end":{"line":26,"column":62}},"7":{"start":{"line":27,"column":21},"end":{"line":27,"column":42}},"8":{"start":{"line":29,"column":34},"end":{"line":35,"column":9}},"9":{"start":{"line":37,"column":8},"end":{"line":37,"column":39}},"10":{"start":{"line":39,"column":8},"end":{"line":39,"column":57}},"11":{"start":{"line":43,"column":4},"end":{"line":43,"column":20}},"12":{"start":{"line":46,"column":25},"end":{"line":70,"column":3}},"13":{"start":{"line":47,"column":36},"end":{"line":47,"column":51}},"14":{"start":{"line":49,"column":4},"end":{"line":58,"column":5}},"15":{"start":{"line":50,"column":6},"end":{"line":57,"column":8}},"16":{"start":{"line":60,"column":4},"end":{"line":69,"column":6}},"17":{"start":{"line":66,"column":25},"end":{"line":66,"column":42}},"18":{"start":{"line":72,"column":28},"end":{"line":132,"column":3}},"19":{"start":{"line":73,"column":4},"end":{"line":131,"column":6}},"20":{"start":{"line":76,"column":32},"end":{"line":76,"column":64}},"21":{"start":{"line":78,"column":10},"end":{"line":128,"column":12}},"22":{"start":{"line":134,"column":28},"end":{"line":170,"column":3}},"23":{"start":{"line":140,"column":30},"end":{"line":140,"column":48}},"24":{"start":{"line":147,"column":29},"end":{"line":147,"column":54}},"25":{"start":{"line":154,"column":30},"end":{"line":154,"column":46}},"26":{"start":{"line":161,"column":29},"end":{"line":161,"column":43}},"27":{"start":{"line":168,"column":29},"end":{"line":168,"column":58}},"28":{"start":{"line":172,"column":2},"end":{"line":238,"column":4}},"29":{"start":{"line":197,"column":14},"end":{"line":210,"column":23}},"30":{"start":{"line":199,"column":31},"end":{"line":199,"column":48}},"31":{"start":{"line":217,"column":14},"end":{"line":232,"column":20}}},"fnMap":{"0":{"name":"RankingsDisplay","decl":{"start":{"line":13,"column":24},"end":{"line":13,"column":39}},"loc":{"start":{"line":13,"column":53},"end":{"line":239,"column":1}},"line":13},"1":{"name":"(anonymous_1)","decl":{"start":{"line":23,"column":12},"end":{"line":23,"column":13}},"loc":{"start":{"line":23,"column":18},"end":{"line":44,"column":3}},"line":23},"2":{"name":"(anonymous_2)","decl":{"start":{"line":24,"column":26},"end":{"line":24,"column":27}},"loc":{"start":{"line":24,"column":38},"end":{"line":41,"column":5}},"line":24},"3":{"name":"(anonymous_3)","decl":{"start":{"line":46,"column":25},"end":{"line":46,"column":26}},"loc":{"start":{"line":46,"column":51},"end":{"line":70,"column":3}},"line":46},"4":{"name":"(anonymous_4)","decl":{"start":{"line":66,"column":19},"end":{"line":66,"column":20}},"loc":{"start":{"line":66,"column":25},"end":{"line":66,"column":42}},"line":66},"5":{"name":"(anonymous_5)","decl":{"start":{"line":72,"column":28},"end":{"line":72,"column":29}},"loc":{"start":{"line":72,"column":61},"end":{"line":132,"column":3}},"line":72},"6":{"name":"(anonymous_6)","decl":{"start":{"line":75,"column":25},"end":{"line":75,"column":26}},"loc":{"start":{"line":75,"column":46},"end":{"line":129,"column":9}},"line":75},"7":{"name":"(anonymous_7)","decl":{"start":{"line":140,"column":19},"end":{"line":140,"column":20}},"loc":{"start":{"line":140,"column":30},"end":{"line":140,"column":48}},"line":140},"8":{"name":"(anonymous_8)","decl":{"start":{"line":147,"column":19},"end":{"line":147,"column":20}},"loc":{"start":{"line":147,"column":29},"end":{"line":147,"column":54}},"line":147},"9":{"name":"(anonymous_9)","decl":{"start":{"line":154,"column":19},"end":{"line":154,"column":20}},"loc":{"start":{"line":154,"column":30},"end":{"line":154,"column":46}},"line":154},"10":{"name":"(anonymous_10)","decl":{"start":{"line":161,"column":19},"end":{"line":161,"column":20}},"loc":{"start":{"line":161,"column":29},"end":{"line":161,"column":43}},"line":161},"11":{"name":"(anonymous_11)","decl":{"start":{"line":168,"column":19},"end":{"line":168,"column":20}},"loc":{"start":{"line":168,"column":29},"end":{"line":168,"column":58}},"line":168},"12":{"name":"(anonymous_12)","decl":{"start":{"line":196,"column":51},"end":{"line":196,"column":52}},"loc":{"start":{"line":197,"column":14},"end":{"line":210,"column":23}},"line":197},"13":{"name":"(anonymous_13)","decl":{"start":{"line":199,"column":25},"end":{"line":199,"column":26}},"loc":{"start":{"line":199,"column":31},"end":{"line":199,"column":48}},"line":199},"14":{"name":"(anonymous_14)","decl":{"start":{"line":216,"column":51},"end":{"line":216,"column":52}},"loc":{"start":{"line":217,"column":14},"end":{"line":232,"column":20}},"line":217}},"branchMap":{"0":{"loc":{"start":{"line":49,"column":4},"end":{"line":58,"column":5}},"type":"if","locations":[{"start":{"line":49,"column":4},"end":{"line":58,"column":5}},{"start":{},"end":{}}],"line":49},"1":{"loc":{"start":{"line":83,"column":18},"end":{"line":85,"column":54}},"type":"cond-expr","locations":[{"start":{"line":84,"column":22},"end":{"line":84,"column":56}},{"start":{"line":85,"column":22},"end":{"line":85,"column":54}}],"line":83},"2":{"loc":{"start":{"line":91,"column":19},"end":{"line":104,"column":19}},"type":"cond-expr","locations":[{"start":{"line":92,"column":20},"end":{"line":101,"column":22}},{"start":{"line":103,"column":20},"end":{"line":103,"column":71}}],"line":91},"3":{"loc":{"start":{"line":95,"column":24},"end":{"line":99,"column":45}},"type":"cond-expr","locations":[{"start":{"line":96,"column":28},"end":{"line":96,"column":45}},{"start":{"line":97,"column":28},"end":{"line":99,"column":45}}],"line":95},"4":{"loc":{"start":{"line":97,"column":28},"end":{"line":99,"column":45}},"type":"cond-expr","locations":[{"start":{"line":98,"column":28},"end":{"line":98,"column":43}},{"start":{"line":99,"column":28},"end":{"line":99,"column":45}}],"line":97},"5":{"loc":{"start":{"line":113,"column":20},"end":{"line":113,"column":76}},"type":"cond-expr","locations":[{"start":{"line":113,"column":36},"end":{"line":113,"column":61}},{"start":{"line":113,"column":64},"end":{"line":113,"column":76}}],"line":113},"6":{"loc":{"start":{"line":201,"column":18},"end":{"line":203,"column":91}},"type":"cond-expr","locations":[{"start":{"line":202,"column":22},"end":{"line":202,"column":66}},{"start":{"line":203,"column":22},"end":{"line":203,"column":91}}],"line":201},"7":{"loc":{"start":{"line":220,"column":18},"end":{"line":220,"column":69}},"type":"cond-expr","locations":[{"start":{"line":220,"column":38},"end":{"line":220,"column":58}},{"start":{"line":220,"column":61},"end":{"line":220,"column":69}}],"line":220}},"s":{"0":0,"1":0,"2":0,"3":0,"4":0,"5":0,"6":0,"7":0,"8":0,"9":0,"10":0,"11":0,"12":0,"13":0,"14":0,"15":0,"16":0,"17":0,"18":0,"19":0,"20":0,"21":0,"22":0,"23":0,"24":0,"25":0,"26":0,"27":0,"28":0,"29":0,"30":0,"31":0},"f":{"0":0,"1":0,"2":0,"3":0,"4":0,"5":0,"6":0,"7":0,"8":0,"9":0,"10":0,"11":0,"12":0,"13":0,"14":0},"b":{"0":[0,0],"1":[0,0],"2":[0,0],"3":[0,0],"4":[0,0],"5":[0,0],"6":[0,0],"7":[0,0]},"_coverageSchema":"1a1c01bbd47fc00a2c39e90264f33305004495a9","hash":"853ebacb0a972a06096aab4018b1b9f587174b54"}
,"C:\\Users\\pc\\Desktop\\SE2\\frontend\\src\\components\\User\\components\\Sidebar\\Title.jsx": {"path":"C:\\Users\\pc\\Desktop\\SE2\\frontend\\src\\components\\User\\components\\Sidebar\\Title.jsx","statementMap":{"0":{"start":{"line":4,"column":2},"end":{"line":33,"column":4}}},"fnMap":{"0":{"name":"Title","decl":{"start":{"line":3,"column":24},"end":{"line":3,"column":29}},"loc":{"start":{"line":3,"column":48},"end":{"line":34,"column":1}},"line":3}},"branchMap":{},"s":{"0":7},"f":{"0":7},"b":{},"_coverageSchema":"1a1c01bbd47fc00a2c39e90264f33305004495a9","hash":"893a25763b3c15d1fc671566feb7b5def0d11e0c"}
,"C:\\Users\\pc\\Desktop\\SE2\\frontend\\src\\components\\User\\components\\Sidebar\\UserInfo.jsx": {"path":"C:\\Users\\pc\\Desktop\\SE2\\frontend\\src\\components\\User\\components\\Sidebar\\UserInfo.jsx","statementMap":{"0":{"start":{"line":17,"column":17},"end":{"line":17,"column":30}},"1":{"start":{"line":18,"column":40},"end":{"line":18,"column":55}},"2":{"start":{"line":19,"column":46},"end":{"line":19,"column":60}},"3":{"start":{"line":21,"column":4},"end":{"line":21,"column":60}},"4":{"start":{"line":23,"column":2},"end":{"line":50,"column":15}},"5":{"start":{"line":24,"column":29},"end":{"line":47,"column":5}},"6":{"start":{"line":25,"column":6},"end":{"line":25,"column":26}},"7":{"start":{"line":25,"column":19},"end":{"line":25,"column":26}},"8":{"start":{"line":27,"column":6},"end":{"line":46,"column":7}},"9":{"start":{"line":29,"column":25},"end":{"line":35,"column":9}},"10":{"start":{"line":38,"column":25},"end":{"line":38,"column":59}},"11":{"start":{"line":39,"column":8},"end":{"line":39,"column":36}},"12":{"start":{"line":42,"column":8},"end":{"line":42,"column":51}},"13":{"start":{"line":42,"column":21},"end":{"line":42,"column":50}},"14":{"start":{"line":44,"column":8},"end":{"line":44,"column":58}},"15":{"start":{"line":45,"column":8},"end":{"line":45,"column":45}},"16":{"start":{"line":49,"column":4},"end":{"line":49,"column":23}},"17":{"start":{"line":52,"column":30},"end":{"line":61,"column":3}},"18":{"start":{"line":53,"column":4},"end":{"line":53,"column":34}},"19":{"start":{"line":55,"column":4},"end":{"line":60,"column":5}},"20":{"start":{"line":56,"column":6},"end":{"line":59,"column":9}},"21":{"start":{"line":63,"column":2},"end":{"line":166,"column":4}},"22":{"start":{"line":80,"column":29},"end":{"line":80,"column":49}},"23":{"start":{"line":89,"column":22},"end":{"line":89,"column":63}},"24":{"start":{"line":90,"column":22},"end":{"line":91,"column":81}},"25":{"start":{"line":160,"column":23},"end":{"line":160,"column":44}},"26":{"start":{"line":168,"column":0},"end":{"line":173,"column":2}}},"fnMap":{"0":{"name":"UserInfo","decl":{"start":{"line":7,"column":24},"end":{"line":7,"column":32}},"loc":{"start":{"line":16,"column":3},"end":{"line":167,"column":1}},"line":16},"1":{"name":"(anonymous_1)","decl":{"start":{"line":23,"column":12},"end":{"line":23,"column":13}},"loc":{"start":{"line":23,"column":18},"end":{"line":50,"column":3}},"line":23},"2":{"name":"(anonymous_2)","decl":{"start":{"line":24,"column":29},"end":{"line":24,"column":30}},"loc":{"start":{"line":24,"column":41},"end":{"line":47,"column":5}},"line":24},"3":{"name":"(anonymous_3)","decl":{"start":{"line":42,"column":15},"end":{"line":42,"column":16}},"loc":{"start":{"line":42,"column":21},"end":{"line":42,"column":50}},"line":42},"4":{"name":"(anonymous_4)","decl":{"start":{"line":52,"column":30},"end":{"line":52,"column":31}},"loc":{"start":{"line":52,"column":46},"end":{"line":61,"column":3}},"line":52},"5":{"name":"(anonymous_5)","decl":{"start":{"line":80,"column":23},"end":{"line":80,"column":24}},"loc":{"start":{"line":80,"column":29},"end":{"line":80,"column":49}},"line":80},"6":{"name":"(anonymous_6)","decl":{"start":{"line":88,"column":29},"end":{"line":88,"column":30}},"loc":{"start":{"line":88,"column":36},"end":{"line":92,"column":21}},"line":88},"7":{"name":"(anonymous_7)","decl":{"start":{"line":160,"column":17},"end":{"line":160,"column":18}},"loc":{"start":{"line":160,"column":23},"end":{"line":160,"column":44}},"line":160}},"branchMap":{"0":{"loc":{"start":{"line":25,"column":6},"end":{"line":25,"column":26}},"type":"if","locations":[{"start":{"line":25,"column":6},"end":{"line":25,"column":26}},{"start":{},"end":{}}],"line":25},"1":{"loc":{"start":{"line":55,"column":4},"end":{"line":60,"column":5}},"type":"if","locations":[{"start":{"line":55,"column":4},"end":{"line":60,"column":5}},{"start":{},"end":{}}],"line":55},"2":{"loc":{"start":{"line":85,"column":25},"end":{"line":85,"column":60}},"type":"binary-expr","locations":[{"start":{"line":85,"column":25},"end":{"line":85,"column":39}},{"start":{"line":85,"column":43},"end":{"line":85,"column":60}}],"line":85}},"s":{"0":0,"1":0,"2":0,"3":0,"4":0,"5":0,"6":0,"7":0,"8":0,"9":0,"10":0,"11":0,"12":0,"13":0,"14":0,"15":0,"16":0,"17":0,"18":0,"19":0,"20":0,"21":0,"22":0,"23":0,"24":0,"25":0,"26":0},"f":{"0":0,"1":0,"2":0,"3":0,"4":0,"5":0,"6":0,"7":0},"b":{"0":[0,0],"1":[0,0],"2":[0,0]}}
}
