{"C:\\Users\\pc\\Desktop\\SE2\\frontend\\src\\App.jsx": {"path":"C:\\Users\\pc\\Desktop\\SE2\\frontend\\src\\App.jsx","statementMap":{"0":{"start":{"line":8,"column":2},"end":{"line":32,"column":4}}},"fnMap":{"0":{"name":"App","decl":{"start":{"line":7,"column":9},"end":{"line":7,"column":12}},"loc":{"start":{"line":7,"column":15},"end":{"line":33,"column":1}},"line":7}},"branchMap":{},"s":{"0":0},"f":{"0":0},"b":{}}
,"C:\\Users\\pc\\Desktop\\SE2\\frontend\\src\\ProtectedRoute.jsx": {"path":"C:\\Users\\pc\\Desktop\\SE2\\frontend\\src\\ProtectedRoute.jsx","statementMap":{"0":{"start":{"line":5,"column":23},"end":{"line":26,"column":1}},"1":{"start":{"line":6,"column":26},"end":{"line":8,"column":3}},"2":{"start":{"line":7,"column":4},"end":{"line":7,"column":54}},"3":{"start":{"line":10,"column":22},"end":{"line":12,"column":3}},"4":{"start":{"line":11,"column":4},"end":{"line":11,"column":44}},"5":{"start":{"line":14,"column":2},"end":{"line":16,"column":3}},"6":{"start":{"line":15,"column":4},"end":{"line":15,"column":31}},"7":{"start":{"line":18,"column":19},"end":{"line":18,"column":32}},"8":{"start":{"line":21,"column":2},"end":{"line":23,"column":3}},"9":{"start":{"line":22,"column":4},"end":{"line":22,"column":31}},"10":{"start":{"line":25,"column":2},"end":{"line":25,"column":18}}},"fnMap":{"0":{"name":"(anonymous_0)","decl":{"start":{"line":5,"column":23},"end":{"line":5,"column":24}},"loc":{"start":{"line":5,"column":55},"end":{"line":26,"column":1}},"line":5},"1":{"name":"(anonymous_1)","decl":{"start":{"line":6,"column":26},"end":{"line":6,"column":27}},"loc":{"start":{"line":6,"column":32},"end":{"line":8,"column":3}},"line":6},"2":{"name":"(anonymous_2)","decl":{"start":{"line":10,"column":22},"end":{"line":10,"column":23}},"loc":{"start":{"line":10,"column":28},"end":{"line":12,"column":3}},"line":10}},"branchMap":{"0":{"loc":{"start":{"line":14,"column":2},"end":{"line":16,"column":3}},"type":"if","locations":[{"start":{"line":14,"column":2},"end":{"line":16,"column":3}},{"start":{},"end":{}}],"line":14},"1":{"loc":{"start":{"line":21,"column":2},"end":{"line":23,"column":3}},"type":"if","locations":[{"start":{"line":21,"column":2},"end":{"line":23,"column":3}},{"start":{},"end":{}}],"line":21}},"s":{"0":0,"1":0,"2":0,"3":0,"4":0,"5":0,"6":0,"7":0,"8":0,"9":0,"10":0},"f":{"0":0,"1":0,"2":0},"b":{"0":[0,0],"1":[0,0]}}
,"C:\\Users\\pc\\Desktop\\SE2\\frontend\\src\\main.jsx": {"path":"C:\\Users\\pc\\Desktop\\SE2\\frontend\\src\\main.jsx","statementMap":{"0":{"start":{"line":7,"column":0},"end":{"line":13,"column":2}}},"fnMap":{},"branchMap":{},"s":{"0":0},"f":{},"b":{}}
,"C:\\Users\\pc\\Desktop\\SE2\\frontend\\src\\components\\Pages.jsx": {"path":"C:\\Users\\pc\\Desktop\\SE2\\frontend\\src\\components\\Pages.jsx","statementMap":{"0":{"start":{"line":10,"column":2},"end":{"line":36,"column":4}}},"fnMap":{"0":{"name":"Pages","decl":{"start":{"line":9,"column":24},"end":{"line":9,"column":29}},"loc":{"start":{"line":9,"column":32},"end":{"line":37,"column":1}},"line":9}},"branchMap":{},"s":{"0":0},"f":{"0":0},"b":{}}
,"C:\\Users\\pc\\Desktop\\SE2\\frontend\\src\\components\\Admin\\AdminDashboard.jsx": {"path":"C:\\Users\\pc\\Desktop\\SE2\\frontend\\src\\components\\Admin\\AdminDashboard.jsx","statementMap":{"0":{"start":{"line":12,"column":21},"end":{"line":22,"column":1}},"1":{"start":{"line":13,"column":2},"end":{"line":21,"column":8}},"2":{"start":{"line":24,"column":0},"end":{"line":28,"column":2}},"3":{"start":{"line":31,"column":25},"end":{"line":35,"column":1}},"4":{"start":{"line":32,"column":2},"end":{"line":34,"column":8}},"5":{"start":{"line":37,"column":0},"end":{"line":39,"column":2}},"6":{"start":{"line":42,"column":42},"end":{"line":47,"column":4}},"7":{"start":{"line":48,"column":32},"end":{"line":48,"column":46}},"8":{"start":{"line":49,"column":28},"end":{"line":49,"column":42}},"9":{"start":{"line":52,"column":2},"end":{"line":88,"column":9}},"10":{"start":{"line":53,"column":22},"end":{"line":85,"column":5}},"11":{"start":{"line":54,"column":6},"end":{"line":84,"column":7}},"12":{"start":{"line":56,"column":26},"end":{"line":56,"column":76}},"13":{"start":{"line":58,"column":27},"end":{"line":58,"column":78}},"14":{"start":{"line":60,"column":29},"end":{"line":62,"column":9}},"15":{"start":{"line":63,"column":22},"end":{"line":63,"column":36}},"16":{"start":{"line":64,"column":22},"end":{"line":64,"column":37}},"17":{"start":{"line":65,"column":24},"end":{"line":65,"column":41}},"18":{"start":{"line":66,"column":27},"end":{"line":66,"column":39}},"19":{"start":{"line":67,"column":28},"end":{"line":67,"column":40}},"20":{"start":{"line":68,"column":29},"end":{"line":68,"column":43}},"21":{"start":{"line":69,"column":31},"end":{"line":72,"column":13}},"22":{"start":{"line":71,"column":10},"end":{"line":71,"column":49}},"23":{"start":{"line":74,"column":8},"end":{"line":79,"column":11}},"24":{"start":{"line":80,"column":8},"end":{"line":80,"column":26}},"25":{"start":{"line":82,"column":8},"end":{"line":82,"column":30}},"26":{"start":{"line":83,"column":8},"end":{"line":83,"column":26}},"27":{"start":{"line":87,"column":4},"end":{"line":87,"column":16}},"28":{"start":{"line":90,"column":2},"end":{"line":105,"column":3}},"29":{"start":{"line":91,"column":4},"end":{"line":104,"column":6}},"30":{"start":{"line":106,"column":2},"end":{"line":113,"column":3}},"31":{"start":{"line":107,"column":4},"end":{"line":112,"column":6}},"32":{"start":{"line":115,"column":2},"end":{"line":158,"column":4}}},"fnMap":{"0":{"name":"(anonymous_0)","decl":{"start":{"line":12,"column":21},"end":{"line":12,"column":22}},"loc":{"start":{"line":13,"column":2},"end":{"line":21,"column":8}},"line":13},"1":{"name":"(anonymous_1)","decl":{"start":{"line":31,"column":25},"end":{"line":31,"column":26}},"loc":{"start":{"line":32,"column":2},"end":{"line":34,"column":8}},"line":32},"2":{"name":"AdminDashboard","decl":{"start":{"line":41,"column":24},"end":{"line":41,"column":38}},"loc":{"start":{"line":41,"column":41},"end":{"line":159,"column":1}},"line":41},"3":{"name":"(anonymous_3)","decl":{"start":{"line":52,"column":12},"end":{"line":52,"column":13}},"loc":{"start":{"line":52,"column":18},"end":{"line":88,"column":3}},"line":52},"4":{"name":"(anonymous_4)","decl":{"start":{"line":53,"column":22},"end":{"line":53,"column":23}},"loc":{"start":{"line":53,"column":34},"end":{"line":85,"column":5}},"line":53},"5":{"name":"(anonymous_5)","decl":{"start":{"line":69,"column":46},"end":{"line":69,"column":47}},"loc":{"start":{"line":69,"column":63},"end":{"line":72,"column":9}},"line":69}},"branchMap":{"0":{"loc":{"start":{"line":71,"column":26},"end":{"line":71,"column":47}},"type":"cond-expr","locations":[{"start":{"line":71,"column":42},"end":{"line":71,"column":43}},{"start":{"line":71,"column":46},"end":{"line":71,"column":47}}],"line":71},"1":{"loc":{"start":{"line":90,"column":2},"end":{"line":105,"column":3}},"type":"if","locations":[{"start":{"line":90,"column":2},"end":{"line":105,"column":3}},{"start":{},"end":{}}],"line":90},"2":{"loc":{"start":{"line":106,"column":2},"end":{"line":113,"column":3}},"type":"if","locations":[{"start":{"line":106,"column":2},"end":{"line":113,"column":3}},{"start":{},"end":{}}],"line":106}},"s":{"0":0,"1":0,"2":0,"3":0,"4":0,"5":0,"6":0,"7":0,"8":0,"9":0,"10":0,"11":0,"12":0,"13":0,"14":0,"15":0,"16":0,"17":0,"18":0,"19":0,"20":0,"21":0,"22":0,"23":0,"24":0,"25":0,"26":0,"27":0,"28":0,"29":0,"30":0,"31":0,"32":0},"f":{"0":0,"1":0,"2":0,"3":0,"4":0,"5":0},"b":{"0":[0,0],"1":[0,0],"2":[0,0]}}
,"C:\\Users\\pc\\Desktop\\SE2\\frontend\\src\\components\\Admin\\AdminPages.jsx": {"path":"C:\\Users\\pc\\Desktop\\SE2\\frontend\\src\\components\\Admin\\AdminPages.jsx","statementMap":{"0":{"start":{"line":9,"column":2},"end":{"line":22,"column":4}}},"fnMap":{"0":{"name":"AdminPages","decl":{"start":{"line":8,"column":24},"end":{"line":8,"column":34}},"loc":{"start":{"line":8,"column":37},"end":{"line":23,"column":1}},"line":8}},"branchMap":{},"s":{"0":0},"f":{"0":0},"b":{}}
,"C:\\Users\\pc\\Desktop\\SE2\\frontend\\src\\components\\Admin\\AdminSidebar.jsx": {"path":"C:\\Users\\pc\\Desktop\\SE2\\frontend\\src\\components\\Admin\\AdminSidebar.jsx","statementMap":{"0":{"start":{"line":6,"column":21},"end":{"line":72,"column":1}},"1":{"start":{"line":7,"column":19},"end":{"line":7,"column":32}},"2":{"start":{"line":9,"column":23},"end":{"line":14,"column":3}},"3":{"start":{"line":11,"column":4},"end":{"line":11,"column":41}},"4":{"start":{"line":13,"column":4},"end":{"line":13,"column":18}},"5":{"start":{"line":16,"column":16},"end":{"line":37,"column":3}},"6":{"start":{"line":39,"column":2},"end":{"line":71,"column":4}},"7":{"start":{"line":50,"column":10},"end":{"line":58,"column":15}}},"fnMap":{"0":{"name":"(anonymous_0)","decl":{"start":{"line":6,"column":21},"end":{"line":6,"column":22}},"loc":{"start":{"line":6,"column":27},"end":{"line":72,"column":1}},"line":6},"1":{"name":"(anonymous_1)","decl":{"start":{"line":9,"column":23},"end":{"line":9,"column":24}},"loc":{"start":{"line":9,"column":29},"end":{"line":14,"column":3}},"line":9},"2":{"name":"(anonymous_2)","decl":{"start":{"line":49,"column":19},"end":{"line":49,"column":20}},"loc":{"start":{"line":50,"column":10},"end":{"line":58,"column":15}},"line":50}},"branchMap":{},"s":{"0":0,"1":0,"2":0,"3":0,"4":0,"5":0,"6":0,"7":0},"f":{"0":0,"1":0,"2":0},"b":{}}
,"C:\\Users\\pc\\Desktop\\SE2\\frontend\\src\\components\\Admin\\DashboardManager.jsx": {"path":"C:\\Users\\pc\\Desktop\\SE2\\frontend\\src\\components\\Admin\\DashboardManager.jsx","statementMap":{"0":{"start":{"line":7,"column":19},"end":{"line":16,"column":1}},"1":{"start":{"line":8,"column":2},"end":{"line":15,"column":11}},"2":{"start":{"line":18,"column":22},"end":{"line":55,"column":1}},"3":{"start":{"line":24,"column":2},"end":{"line":54,"column":4}},"4":{"start":{"line":30,"column":27},"end":{"line":30,"column":57}},"5":{"start":{"line":50,"column":22},"end":{"line":50,"column":44}},"6":{"start":{"line":58,"column":15},"end":{"line":65,"column":1}},"7":{"start":{"line":59,"column":2},"end":{"line":64,"column":11}},"8":{"start":{"line":68,"column":17},"end":{"line":76,"column":1}},"9":{"start":{"line":69,"column":2},"end":{"line":75,"column":7}},"10":{"start":{"line":71,"column":6},"end":{"line":73,"column":11}},"11":{"start":{"line":79,"column":19},"end":{"line":109,"column":1}},"12":{"start":{"line":80,"column":30},"end":{"line":80,"column":45}},"13":{"start":{"line":82,"column":21},"end":{"line":85,"column":3}},"14":{"start":{"line":83,"column":4},"end":{"line":83,"column":20}},"15":{"start":{"line":84,"column":4},"end":{"line":84,"column":45}},"16":{"start":{"line":84,"column":21},"end":{"line":84,"column":37}},"17":{"start":{"line":87,"column":2},"end":{"line":108,"column":4}},"18":{"start":{"line":112,"column":14},"end":{"line":146,"column":1}},"19":{"start":{"line":113,"column":2},"end":{"line":145,"column":4}},"20":{"start":{"line":118,"column":12},"end":{"line":127,"column":17}},"21":{"start":{"line":121,"column":29},"end":{"line":121,"column":43}},"22":{"start":{"line":134,"column":12},"end":{"line":134,"column":64}},"23":{"start":{"line":149,"column":25},"end":{"line":193,"column":1}},"24":{"start":{"line":159,"column":2},"end":{"line":192,"column":4}},"25":{"start":{"line":177,"column":47},"end":{"line":177,"column":72}},"26":{"start":{"line":178,"column":47},"end":{"line":178,"column":72}},"27":{"start":{"line":179,"column":47},"end":{"line":179,"column":72}},"28":{"start":{"line":195,"column":0},"end":{"line":207,"column":2}},"29":{"start":{"line":209,"column":0},"end":{"line":217,"column":2}},"30":{"start":{"line":219,"column":0},"end":{"line":221,"column":2}},"31":{"start":{"line":223,"column":0},"end":{"line":226,"column":2}},"32":{"start":{"line":228,"column":0},"end":{"line":231,"column":2}},"33":{"start":{"line":233,"column":0},"end":{"line":241,"column":2}},"34":{"start":{"line":243,"column":0},"end":{"line":247,"column":2}}},"fnMap":{"0":{"name":"(anonymous_0)","decl":{"start":{"line":7,"column":19},"end":{"line":7,"column":20}},"loc":{"start":{"line":8,"column":2},"end":{"line":15,"column":11}},"line":8},"1":{"name":"(anonymous_1)","decl":{"start":{"line":18,"column":22},"end":{"line":18,"column":23}},"loc":{"start":{"line":23,"column":6},"end":{"line":55,"column":1}},"line":23},"2":{"name":"(anonymous_2)","decl":{"start":{"line":20,"column":19},"end":{"line":20,"column":20}},"loc":{"start":{"line":20,"column":25},"end":{"line":20,"column":27}},"line":20},"3":{"name":"(anonymous_3)","decl":{"start":{"line":22,"column":11},"end":{"line":22,"column":12}},"loc":{"start":{"line":22,"column":17},"end":{"line":22,"column":19}},"line":22},"4":{"name":"(anonymous_4)","decl":{"start":{"line":30,"column":20},"end":{"line":30,"column":21}},"loc":{"start":{"line":30,"column":27},"end":{"line":30,"column":57}},"line":30},"5":{"name":"(anonymous_5)","decl":{"start":{"line":50,"column":16},"end":{"line":50,"column":17}},"loc":{"start":{"line":50,"column":22},"end":{"line":50,"column":44}},"line":50},"6":{"name":"(anonymous_6)","decl":{"start":{"line":58,"column":15},"end":{"line":58,"column":16}},"loc":{"start":{"line":59,"column":2},"end":{"line":64,"column":11}},"line":59},"7":{"name":"(anonymous_7)","decl":{"start":{"line":68,"column":17},"end":{"line":68,"column":18}},"loc":{"start":{"line":69,"column":2},"end":{"line":75,"column":7}},"line":69},"8":{"name":"(anonymous_8)","decl":{"start":{"line":70,"column":17},"end":{"line":70,"column":18}},"loc":{"start":{"line":71,"column":6},"end":{"line":73,"column":11}},"line":71},"9":{"name":"(anonymous_9)","decl":{"start":{"line":79,"column":19},"end":{"line":79,"column":20}},"loc":{"start":{"line":79,"column":34},"end":{"line":109,"column":1}},"line":79},"10":{"name":"(anonymous_10)","decl":{"start":{"line":82,"column":21},"end":{"line":82,"column":22}},"loc":{"start":{"line":82,"column":27},"end":{"line":85,"column":3}},"line":82},"11":{"name":"(anonymous_11)","decl":{"start":{"line":84,"column":15},"end":{"line":84,"column":16}},"loc":{"start":{"line":84,"column":21},"end":{"line":84,"column":37}},"line":84},"12":{"name":"(anonymous_12)","decl":{"start":{"line":112,"column":14},"end":{"line":112,"column":15}},"loc":{"start":{"line":112,"column":57},"end":{"line":146,"column":1}},"line":112},"13":{"name":"(anonymous_13)","decl":{"start":{"line":117,"column":23},"end":{"line":117,"column":24}},"loc":{"start":{"line":118,"column":12},"end":{"line":127,"column":17}},"line":118},"14":{"name":"(anonymous_14)","decl":{"start":{"line":121,"column":23},"end":{"line":121,"column":24}},"loc":{"start":{"line":121,"column":29},"end":{"line":121,"column":43}},"line":121},"15":{"name":"(anonymous_15)","decl":{"start":{"line":133,"column":19},"end":{"line":133,"column":20}},"loc":{"start":{"line":134,"column":12},"end":{"line":134,"column":64}},"line":134},"16":{"name":"(anonymous_16)","decl":{"start":{"line":149,"column":25},"end":{"line":149,"column":26}},"loc":{"start":{"line":158,"column":6},"end":{"line":193,"column":1}},"line":158},"17":{"name":"(anonymous_17)","decl":{"start":{"line":177,"column":41},"end":{"line":177,"column":42}},"loc":{"start":{"line":177,"column":47},"end":{"line":177,"column":72}},"line":177},"18":{"name":"(anonymous_18)","decl":{"start":{"line":178,"column":41},"end":{"line":178,"column":42}},"loc":{"start":{"line":178,"column":47},"end":{"line":178,"column":72}},"line":178},"19":{"name":"(anonymous_19)","decl":{"start":{"line":179,"column":41},"end":{"line":179,"column":42}},"loc":{"start":{"line":179,"column":47},"end":{"line":179,"column":72}},"line":179}},"branchMap":{"0":{"loc":{"start":{"line":10,"column":6},"end":{"line":10,"column":48}},"type":"cond-expr","locations":[{"start":{"line":10,"column":15},"end":{"line":10,"column":30}},{"start":{"line":10,"column":33},"end":{"line":10,"column":48}}],"line":10},"1":{"loc":{"start":{"line":19,"column":2},"end":{"line":19,"column":17}},"type":"default-arg","locations":[{"start":{"line":19,"column":15},"end":{"line":19,"column":17}}],"line":19},"2":{"loc":{"start":{"line":20,"column":2},"end":{"line":20,"column":27}},"type":"default-arg","locations":[{"start":{"line":20,"column":19},"end":{"line":20,"column":27}}],"line":20},"3":{"loc":{"start":{"line":21,"column":2},"end":{"line":21,"column":48}},"type":"default-arg","locations":[{"start":{"line":21,"column":15},"end":{"line":21,"column":48}}],"line":21},"4":{"loc":{"start":{"line":22,"column":2},"end":{"line":22,"column":19}},"type":"default-arg","locations":[{"start":{"line":22,"column":11},"end":{"line":22,"column":19}}],"line":22},"5":{"loc":{"start":{"line":38,"column":10},"end":{"line":48,"column":11}},"type":"cond-expr","locations":[{"start":{"line":39,"column":12},"end":{"line":42,"column":18}},{"start":{"line":44,"column":12},"end":{"line":47,"column":18}}],"line":38},"6":{"loc":{"start":{"line":72,"column":9},"end":{"line":72,"column":75}},"type":"cond-expr","locations":[{"start":{"line":72,"column":27},"end":{"line":72,"column":61}},{"start":{"line":72,"column":64},"end":{"line":72,"column":75}}],"line":72},"7":{"loc":{"start":{"line":99,"column":7},"end":{"line":106,"column":7}},"type":"binary-expr","locations":[{"start":{"line":99,"column":7},"end":{"line":99,"column":13}},{"start":{"line":100,"column":8},"end":{"line":105,"column":14}}],"line":99},"8":{"loc":{"start":{"line":124,"column":15},"end":{"line":126,"column":15}},"type":"binary-expr","locations":[{"start":{"line":124,"column":15},"end":{"line":124,"column":40}},{"start":{"line":125,"column":16},"end":{"line":125,"column":75}}],"line":124},"9":{"loc":{"start":{"line":125,"column":23},"end":{"line":125,"column":67}},"type":"cond-expr","locations":[{"start":{"line":125,"column":56},"end":{"line":125,"column":60}},{"start":{"line":125,"column":63},"end":{"line":125,"column":67}}],"line":125},"10":{"loc":{"start":{"line":132,"column":9},"end":{"line":142,"column":9}},"type":"cond-expr","locations":[{"start":{"line":133,"column":10},"end":{"line":135,"column":12}},{"start":{"line":137,"column":10},"end":{"line":141,"column":15}}],"line":132},"11":{"loc":{"start":{"line":152,"column":2},"end":{"line":152,"column":19}},"type":"default-arg","locations":[{"start":{"line":152,"column":17},"end":{"line":152,"column":19}}],"line":152},"12":{"loc":{"start":{"line":153,"column":2},"end":{"line":153,"column":16}},"type":"default-arg","locations":[{"start":{"line":153,"column":14},"end":{"line":153,"column":16}}],"line":153}},"s":{"0":1,"1":0,"2":1,"3":0,"4":0,"5":0,"6":1,"7":0,"8":1,"9":0,"10":0,"11":1,"12":0,"13":0,"14":0,"15":0,"16":0,"17":0,"18":1,"19":0,"20":0,"21":0,"22":0,"23":1,"24":0,"25":0,"26":0,"27":0,"28":1,"29":1,"30":1,"31":1,"32":1,"33":1,"34":1},"f":{"0":0,"1":0,"2":0,"3":0,"4":0,"5":0,"6":0,"7":0,"8":0,"9":0,"10":0,"11":0,"12":0,"13":0,"14":0,"15":0,"16":0,"17":0,"18":0,"19":0},"b":{"0":[0,0],"1":[0],"2":[0],"3":[0],"4":[0],"5":[0,0],"6":[0,0],"7":[0,0],"8":[0,0],"9":[0,0],"10":[0,0],"11":[0],"12":[0]},"_coverageSchema":"1a1c01bbd47fc00a2c39e90264f33305004495a9","hash":"4840d05907c43052701c3962fdb2124a3b0ff800"}
,"C:\\Users\\pc\\Desktop\\SE2\\frontend\\src\\components\\Admin\\ManageAdmins\\ManageAdmins.jsx": {"path":"C:\\Users\\pc\\Desktop\\SE2\\frontend\\src\\components\\Admin\\ManageAdmins\\ManageAdmins.jsx","statementMap":{"0":{"start":{"line":7,"column":21},"end":{"line":177,"column":1}},"1":{"start":{"line":8,"column":40},"end":{"line":8,"column":55}},"2":{"start":{"line":9,"column":36},"end":{"line":9,"column":54}},"3":{"start":{"line":10,"column":36},"end":{"line":10,"column":48}},"4":{"start":{"line":11,"column":32},"end":{"line":11,"column":46}},"5":{"start":{"line":12,"column":28},"end":{"line":12,"column":42}},"6":{"start":{"line":13,"column":38},"end":{"line":13,"column":50}},"7":{"start":{"line":14,"column":38},"end":{"line":17,"column":4}},"8":{"start":{"line":18,"column":26},"end":{"line":21,"column":3}},"9":{"start":{"line":19,"column":4},"end":{"line":19,"column":23}},"10":{"start":{"line":20,"column":4},"end":{"line":20,"column":25}},"11":{"start":{"line":23,"column":27},"end":{"line":25,"column":3}},"12":{"start":{"line":24,"column":4},"end":{"line":24,"column":26}},"13":{"start":{"line":27,"column":25},"end":{"line":59,"column":8}},"14":{"start":{"line":28,"column":4},"end":{"line":28,"column":21}},"15":{"start":{"line":29,"column":4},"end":{"line":58,"column":5}},"16":{"start":{"line":30,"column":23},"end":{"line":30,"column":74}},"17":{"start":{"line":31,"column":30},"end":{"line":51,"column":9}},"18":{"start":{"line":31,"column":60},"end":{"line":51,"column":7}},"19":{"start":{"line":53,"column":6},"end":{"line":53,"column":36}},"20":{"start":{"line":55,"column":6},"end":{"line":55,"column":50}},"21":{"start":{"line":57,"column":6},"end":{"line":57,"column":24}},"22":{"start":{"line":61,"column":2},"end":{"line":63,"column":23}},"23":{"start":{"line":62,"column":4},"end":{"line":62,"column":21}},"24":{"start":{"line":65,"column":29},"end":{"line":67,"column":22}},"25":{"start":{"line":66,"column":4},"end":{"line":66,"column":21}},"26":{"start":{"line":69,"column":29},"end":{"line":71,"column":22}},"27":{"start":{"line":70,"column":4},"end":{"line":70,"column":21}},"28":{"start":{"line":73,"column":29},"end":{"line":75,"column":22}},"29":{"start":{"line":74,"column":4},"end":{"line":74,"column":21}},"30":{"start":{"line":77,"column":23},"end":{"line":85,"column":29}},"31":{"start":{"line":78,"column":4},"end":{"line":84,"column":6}},"32":{"start":{"line":79,"column":6},"end":{"line":83,"column":7}},"33":{"start":{"line":80,"column":8},"end":{"line":82,"column":17}},"34":{"start":{"line":88,"column":21},"end":{"line":105,"column":32}},"35":{"start":{"line":89,"column":24},"end":{"line":89,"column":41}},"36":{"start":{"line":90,"column":4},"end":{"line":103,"column":5}},"37":{"start":{"line":91,"column":6},"end":{"line":102,"column":9}},"38":{"start":{"line":92,"column":23},"end":{"line":92,"column":65}},"39":{"start":{"line":93,"column":23},"end":{"line":93,"column":65}},"40":{"start":{"line":95,"column":8},"end":{"line":97,"column":9}},"41":{"start":{"line":96,"column":10},"end":{"line":96,"column":57}},"42":{"start":{"line":98,"column":8},"end":{"line":100,"column":9}},"43":{"start":{"line":99,"column":10},"end":{"line":99,"column":57}},"44":{"start":{"line":101,"column":8},"end":{"line":101,"column":17}},"45":{"start":{"line":104,"column":4},"end":{"line":104,"column":25}},"46":{"start":{"line":107,"column":23},"end":{"line":109,"column":8}},"47":{"start":{"line":108,"column":4},"end":{"line":108,"column":24}},"48":{"start":{"line":111,"column":21},"end":{"line":119,"column":8}},"49":{"start":{"line":112,"column":4},"end":{"line":118,"column":8}},"50":{"start":{"line":112,"column":35},"end":{"line":118,"column":5}},"51":{"start":{"line":121,"column":2},"end":{"line":136,"column":3}},"52":{"start":{"line":122,"column":4},"end":{"line":135,"column":6}},"53":{"start":{"line":137,"column":2},"end":{"line":144,"column":3}},"54":{"start":{"line":138,"column":4},"end":{"line":143,"column":6}},"55":{"start":{"line":146,"column":2},"end":{"line":176,"column":4}}},"fnMap":{"0":{"name":"(anonymous_0)","decl":{"start":{"line":7,"column":21},"end":{"line":7,"column":22}},"loc":{"start":{"line":7,"column":27},"end":{"line":177,"column":1}},"line":7},"1":{"name":"(anonymous_1)","decl":{"start":{"line":18,"column":26},"end":{"line":18,"column":27}},"loc":{"start":{"line":18,"column":36},"end":{"line":21,"column":3}},"line":18},"2":{"name":"(anonymous_2)","decl":{"start":{"line":23,"column":27},"end":{"line":23,"column":28}},"loc":{"start":{"line":23,"column":33},"end":{"line":25,"column":3}},"line":23},"3":{"name":"(anonymous_3)","decl":{"start":{"line":27,"column":37},"end":{"line":27,"column":38}},"loc":{"start":{"line":27,"column":49},"end":{"line":59,"column":3}},"line":27},"4":{"name":"(anonymous_4)","decl":{"start":{"line":31,"column":48},"end":{"line":31,"column":49}},"loc":{"start":{"line":31,"column":60},"end":{"line":51,"column":7}},"line":31},"5":{"name":"(anonymous_5)","decl":{"start":{"line":61,"column":12},"end":{"line":61,"column":13}},"loc":{"start":{"line":61,"column":18},"end":{"line":63,"column":3}},"line":61},"6":{"name":"(anonymous_6)","decl":{"start":{"line":65,"column":41},"end":{"line":65,"column":42}},"loc":{"start":{"line":65,"column":47},"end":{"line":67,"column":3}},"line":65},"7":{"name":"(anonymous_7)","decl":{"start":{"line":69,"column":41},"end":{"line":69,"column":42}},"loc":{"start":{"line":69,"column":47},"end":{"line":71,"column":3}},"line":69},"8":{"name":"(anonymous_8)","decl":{"start":{"line":73,"column":41},"end":{"line":73,"column":42}},"loc":{"start":{"line":73,"column":47},"end":{"line":75,"column":3}},"line":73},"9":{"name":"(anonymous_9)","decl":{"start":{"line":77,"column":31},"end":{"line":77,"column":32}},"loc":{"start":{"line":77,"column":37},"end":{"line":85,"column":3}},"line":77},"10":{"name":"(anonymous_10)","decl":{"start":{"line":78,"column":28},"end":{"line":78,"column":29}},"loc":{"start":{"line":79,"column":6},"end":{"line":83,"column":7}},"line":79},"11":{"name":"(anonymous_11)","decl":{"start":{"line":79,"column":32},"end":{"line":79,"column":33}},"loc":{"start":{"line":80,"column":8},"end":{"line":82,"column":17}},"line":80},"12":{"name":"(anonymous_12)","decl":{"start":{"line":88,"column":29},"end":{"line":88,"column":30}},"loc":{"start":{"line":88,"column":35},"end":{"line":105,"column":3}},"line":88},"13":{"name":"(anonymous_13)","decl":{"start":{"line":91,"column":25},"end":{"line":91,"column":26}},"loc":{"start":{"line":91,"column":35},"end":{"line":102,"column":7}},"line":91},"14":{"name":"(anonymous_14)","decl":{"start":{"line":107,"column":35},"end":{"line":107,"column":36}},"loc":{"start":{"line":107,"column":45},"end":{"line":109,"column":3}},"line":107},"15":{"name":"(anonymous_15)","decl":{"start":{"line":111,"column":33},"end":{"line":111,"column":34}},"loc":{"start":{"line":111,"column":42},"end":{"line":119,"column":3}},"line":111},"16":{"name":"(anonymous_16)","decl":{"start":{"line":112,"column":18},"end":{"line":112,"column":19}},"loc":{"start":{"line":112,"column":35},"end":{"line":118,"column":5}},"line":112}},"branchMap":{"0":{"loc":{"start":{"line":42,"column":14},"end":{"line":42,"column":46}},"type":"cond-expr","locations":[{"start":{"line":42,"column":30},"end":{"line":42,"column":37}},{"start":{"line":42,"column":40},"end":{"line":42,"column":46}}],"line":42},"1":{"loc":{"start":{"line":80,"column":8},"end":{"line":82,"column":17}},"type":"cond-expr","locations":[{"start":{"line":81,"column":12},"end":{"line":81,"column":77}},{"start":{"line":82,"column":12},"end":{"line":82,"column":17}}],"line":80},"2":{"loc":{"start":{"line":90,"column":4},"end":{"line":103,"column":5}},"type":"if","locations":[{"start":{"line":90,"column":4},"end":{"line":103,"column":5}},{"start":{},"end":{}}],"line":90},"3":{"loc":{"start":{"line":95,"column":8},"end":{"line":97,"column":9}},"type":"if","locations":[{"start":{"line":95,"column":8},"end":{"line":97,"column":9}},{"start":{},"end":{}}],"line":95},"4":{"loc":{"start":{"line":96,"column":17},"end":{"line":96,"column":56}},"type":"cond-expr","locations":[{"start":{"line":96,"column":50},"end":{"line":96,"column":52}},{"start":{"line":96,"column":55},"end":{"line":96,"column":56}}],"line":96},"5":{"loc":{"start":{"line":98,"column":8},"end":{"line":100,"column":9}},"type":"if","locations":[{"start":{"line":98,"column":8},"end":{"line":100,"column":9}},{"start":{},"end":{}}],"line":98},"6":{"loc":{"start":{"line":99,"column":17},"end":{"line":99,"column":56}},"type":"cond-expr","locations":[{"start":{"line":99,"column":50},"end":{"line":99,"column":51}},{"start":{"line":99,"column":54},"end":{"line":99,"column":56}}],"line":99},"7":{"loc":{"start":{"line":115,"column":8},"end":{"line":117,"column":17}},"type":"cond-expr","locations":[{"start":{"line":116,"column":12},"end":{"line":116,"column":18}},{"start":{"line":117,"column":12},"end":{"line":117,"column":17}}],"line":115},"8":{"loc":{"start":{"line":115,"column":8},"end":{"line":115,"column":64}},"type":"binary-expr","locations":[{"start":{"line":115,"column":8},"end":{"line":115,"column":30}},{"start":{"line":115,"column":34},"end":{"line":115,"column":64}}],"line":115},"9":{"loc":{"start":{"line":121,"column":2},"end":{"line":136,"column":3}},"type":"if","locations":[{"start":{"line":121,"column":2},"end":{"line":136,"column":3}},{"start":{},"end":{}}],"line":121},"10":{"loc":{"start":{"line":137,"column":2},"end":{"line":144,"column":3}},"type":"if","locations":[{"start":{"line":137,"column":2},"end":{"line":144,"column":3}},{"start":{},"end":{}}],"line":137}},"s":{"0":0,"1":0,"2":0,"3":0,"4":0,"5":0,"6":0,"7":0,"8":0,"9":0,"10":0,"11":0,"12":0,"13":0,"14":0,"15":0,"16":0,"17":0,"18":0,"19":0,"20":0,"21":0,"22":0,"23":0,"24":0,"25":0,"26":0,"27":0,"28":0,"29":0,"30":0,"31":0,"32":0,"33":0,"34":0,"35":0,"36":0,"37":0,"38":0,"39":0,"40":0,"41":0,"42":0,"43":0,"44":0,"45":0,"46":0,"47":0,"48":0,"49":0,"50":0,"51":0,"52":0,"53":0,"54":0,"55":0},"f":{"0":0,"1":0,"2":0,"3":0,"4":0,"5":0,"6":0,"7":0,"8":0,"9":0,"10":0,"11":0,"12":0,"13":0,"14":0,"15":0,"16":0},"b":{"0":[0,0],"1":[0,0],"2":[0,0],"3":[0,0],"4":[0,0],"5":[0,0],"6":[0,0],"7":[0,0],"8":[0,0],"9":[0,0],"10":[0,0]}}
,"C:\\Users\\pc\\Desktop\\SE2\\frontend\\src\\components\\Admin\\ManageAdmins\\ManageAdminsModal.jsx": {"path":"C:\\Users\\pc\\Desktop\\SE2\\frontend\\src\\components\\Admin\\ManageAdmins\\ManageAdminsModal.jsx","statementMap":{"0":{"start":{"line":7,"column":21},"end":{"line":7,"column":55}},"1":{"start":{"line":9,"column":19},"end":{"line":32,"column":1}},"2":{"start":{"line":17,"column":2},"end":{"line":31,"column":8}},"3":{"start":{"line":34,"column":15},"end":{"line":42,"column":1}},"4":{"start":{"line":35,"column":2},"end":{"line":41,"column":11}},"5":{"start":{"line":43,"column":0},"end":{"line":48,"column":2}},"6":{"start":{"line":49,"column":19},"end":{"line":51,"column":1}},"7":{"start":{"line":50,"column":2},"end":{"line":50,"column":35}},"8":{"start":{"line":53,"column":21},"end":{"line":74,"column":1}},"9":{"start":{"line":54,"column":55},"end":{"line":54,"column":63}},"10":{"start":{"line":55,"column":2},"end":{"line":72,"column":3}},"11":{"start":{"line":66,"column":4},"end":{"line":70,"column":7}},"12":{"start":{"line":71,"column":4},"end":{"line":71,"column":17}},"13":{"start":{"line":73,"column":2},"end":{"line":73,"column":14}},"14":{"start":{"line":76,"column":26},"end":{"line":343,"column":1}},"15":{"start":{"line":84,"column":34},"end":{"line":91,"column":4}},"16":{"start":{"line":92,"column":32},"end":{"line":92,"column":47}},"17":{"start":{"line":95,"column":20},"end":{"line":161,"column":3}},"18":{"start":{"line":105,"column":4},"end":{"line":107,"column":5}},"19":{"start":{"line":106,"column":6},"end":{"line":106,"column":13}},"20":{"start":{"line":108,"column":4},"end":{"line":108,"column":21}},"21":{"start":{"line":109,"column":4},"end":{"line":160,"column":5}},"22":{"start":{"line":111,"column":23},"end":{"line":115,"column":8}},"23":{"start":{"line":118,"column":6},"end":{"line":122,"column":9}},"24":{"start":{"line":125,"column":6},"end":{"line":125,"column":17}},"25":{"start":{"line":126,"column":6},"end":{"line":126,"column":25}},"26":{"start":{"line":127,"column":6},"end":{"line":127,"column":18}},"27":{"start":{"line":130,"column":6},"end":{"line":157,"column":7}},"28":{"start":{"line":131,"column":23},"end":{"line":131,"column":49}},"29":{"start":{"line":133,"column":30},"end":{"line":133,"column":75}},"30":{"start":{"line":133,"column":51},"end":{"line":133,"column":74}},"31":{"start":{"line":134,"column":29},"end":{"line":136,"column":31}},"32":{"start":{"line":138,"column":8},"end":{"line":142,"column":11}},"33":{"start":{"line":143,"column":13},"end":{"line":157,"column":7}},"34":{"start":{"line":145,"column":8},"end":{"line":149,"column":11}},"35":{"start":{"line":152,"column":8},"end":{"line":156,"column":11}},"36":{"start":{"line":159,"column":6},"end":{"line":159,"column":23}},"37":{"start":{"line":163,"column":20},"end":{"line":172,"column":3}},"38":{"start":{"line":164,"column":4},"end":{"line":171,"column":7}},"39":{"start":{"line":173,"column":2},"end":{"line":177,"column":15}},"40":{"start":{"line":174,"column":4},"end":{"line":176,"column":5}},"41":{"start":{"line":175,"column":6},"end":{"line":175,"column":18}},"42":{"start":{"line":179,"column":2},"end":{"line":179,"column":27}},"43":{"start":{"line":179,"column":15},"end":{"line":179,"column":27}},"44":{"start":{"line":181,"column":28},"end":{"line":184,"column":3}},"45":{"start":{"line":182,"column":28},"end":{"line":182,"column":36}},"46":{"start":{"line":183,"column":4},"end":{"line":183,"column":56}},"47":{"start":{"line":183,"column":27},"end":{"line":183,"column":53}},"48":{"start":{"line":186,"column":23},"end":{"line":218,"column":3}},"49":{"start":{"line":187,"column":4},"end":{"line":187,"column":23}},"50":{"start":{"line":189,"column":23},"end":{"line":205,"column":5}},"51":{"start":{"line":207,"column":19},"end":{"line":207,"column":35}},"52":{"start":{"line":209,"column":4},"end":{"line":217,"column":7}},"53":{"start":{"line":210,"column":46},"end":{"line":210,"column":50}},"54":{"start":{"line":219,"column":21},"end":{"line":292,"column":3}},"55":{"start":{"line":220,"column":4},"end":{"line":291,"column":5}},"56":{"start":{"line":223,"column":8},"end":{"line":278,"column":10}},"57":{"start":{"line":280,"column":8},"end":{"line":288,"column":10}},"58":{"start":{"line":290,"column":8},"end":{"line":290,"column":20}},"59":{"start":{"line":294,"column":2},"end":{"line":342,"column":4}},"60":{"start":{"line":344,"column":0},"end":{"line":351,"column":2}}},"fnMap":{"0":{"name":"(anonymous_0)","decl":{"start":{"line":9,"column":19},"end":{"line":9,"column":20}},"loc":{"start":{"line":17,"column":2},"end":{"line":31,"column":8}},"line":17},"1":{"name":"(anonymous_1)","decl":{"start":{"line":34,"column":15},"end":{"line":34,"column":16}},"loc":{"start":{"line":35,"column":2},"end":{"line":41,"column":11}},"line":35},"2":{"name":"(anonymous_2)","decl":{"start":{"line":49,"column":19},"end":{"line":49,"column":20}},"loc":{"start":{"line":49,"column":46},"end":{"line":51,"column":1}},"line":49},"3":{"name":"(anonymous_3)","decl":{"start":{"line":53,"column":21},"end":{"line":53,"column":22}},"loc":{"start":{"line":53,"column":35},"end":{"line":74,"column":1}},"line":53},"4":{"name":"(anonymous_4)","decl":{"start":{"line":76,"column":26},"end":{"line":76,"column":27}},"loc":{"start":{"line":83,"column":6},"end":{"line":343,"column":1}},"line":83},"5":{"name":"(anonymous_5)","decl":{"start":{"line":95,"column":20},"end":{"line":95,"column":21}},"loc":{"start":{"line":103,"column":8},"end":{"line":161,"column":3}},"line":103},"6":{"name":"(anonymous_6)","decl":{"start":{"line":133,"column":42},"end":{"line":133,"column":43}},"loc":{"start":{"line":133,"column":51},"end":{"line":133,"column":74}},"line":133},"7":{"name":"(anonymous_7)","decl":{"start":{"line":163,"column":20},"end":{"line":163,"column":21}},"loc":{"start":{"line":163,"column":26},"end":{"line":172,"column":3}},"line":163},"8":{"name":"(anonymous_8)","decl":{"start":{"line":173,"column":12},"end":{"line":173,"column":13}},"loc":{"start":{"line":173,"column":18},"end":{"line":177,"column":3}},"line":173},"9":{"name":"(anonymous_9)","decl":{"start":{"line":181,"column":28},"end":{"line":181,"column":29}},"loc":{"start":{"line":181,"column":35},"end":{"line":184,"column":3}},"line":181},"10":{"name":"(anonymous_10)","decl":{"start":{"line":183,"column":16},"end":{"line":183,"column":17}},"loc":{"start":{"line":183,"column":27},"end":{"line":183,"column":53}},"line":183},"11":{"name":"(anonymous_11)","decl":{"start":{"line":186,"column":23},"end":{"line":186,"column":24}},"loc":{"start":{"line":186,"column":36},"end":{"line":218,"column":3}},"line":186},"12":{"name":"(anonymous_12)","decl":{"start":{"line":210,"column":40},"end":{"line":210,"column":41}},"loc":{"start":{"line":210,"column":46},"end":{"line":210,"column":50}},"line":210},"13":{"name":"(anonymous_13)","decl":{"start":{"line":219,"column":21},"end":{"line":219,"column":22}},"loc":{"start":{"line":219,"column":27},"end":{"line":292,"column":3}},"line":219}},"branchMap":{"0":{"loc":{"start":{"line":15,"column":2},"end":{"line":15,"column":15}},"type":"default-arg","locations":[{"start":{"line":15,"column":9},"end":{"line":15,"column":15}}],"line":15},"1":{"loc":{"start":{"line":55,"column":2},"end":{"line":72,"column":3}},"type":"if","locations":[{"start":{"line":55,"column":2},"end":{"line":72,"column":3}},{"start":{},"end":{}}],"line":55},"2":{"loc":{"start":{"line":56,"column":4},"end":{"line":64,"column":8}},"type":"binary-expr","locations":[{"start":{"line":56,"column":4},"end":{"line":56,"column":13}},{"start":{"line":57,"column":4},"end":{"line":57,"column":23}},{"start":{"line":58,"column":4},"end":{"line":58,"column":13}},{"start":{"line":59,"column":4},"end":{"line":59,"column":23}},{"start":{"line":60,"column":4},"end":{"line":60,"column":10}},{"start":{"line":61,"column":4},"end":{"line":61,"column":20}},{"start":{"line":62,"column":4},"end":{"line":62,"column":13}},{"start":{"line":63,"column":4},"end":{"line":63,"column":23}},{"start":{"line":64,"column":4},"end":{"line":64,"column":8}}],"line":56},"3":{"loc":{"start":{"line":100,"column":4},"end":{"line":100,"column":19}},"type":"default-arg","locations":[{"start":{"line":100,"column":13},"end":{"line":100,"column":19}}],"line":100},"4":{"loc":{"start":{"line":105,"column":4},"end":{"line":107,"column":5}},"type":"if","locations":[{"start":{"line":105,"column":4},"end":{"line":107,"column":5}},{"start":{},"end":{}}],"line":105},"5":{"loc":{"start":{"line":130,"column":6},"end":{"line":157,"column":7}},"type":"if","locations":[{"start":{"line":130,"column":6},"end":{"line":157,"column":7}},{"start":{"line":143,"column":13},"end":{"line":157,"column":7}}],"line":130},"6":{"loc":{"start":{"line":134,"column":29},"end":{"line":136,"column":31}},"type":"cond-expr","locations":[{"start":{"line":135,"column":12},"end":{"line":135,"column":29}},{"start":{"line":136,"column":12},"end":{"line":136,"column":31}}],"line":134},"7":{"loc":{"start":{"line":143,"column":13},"end":{"line":157,"column":7}},"type":"if","locations":[{"start":{"line":143,"column":13},"end":{"line":157,"column":7}},{"start":{"line":150,"column":13},"end":{"line":157,"column":7}}],"line":143},"8":{"loc":{"start":{"line":174,"column":4},"end":{"line":176,"column":5}},"type":"if","locations":[{"start":{"line":174,"column":4},"end":{"line":176,"column":5}},{"start":{},"end":{}}],"line":174},"9":{"loc":{"start":{"line":179,"column":2},"end":{"line":179,"column":27}},"type":"if","locations":[{"start":{"line":179,"column":2},"end":{"line":179,"column":27}},{"start":{},"end":{}}],"line":179},"10":{"loc":{"start":{"line":210,"column":20},"end":{"line":210,"column":65}},"type":"cond-expr","locations":[{"start":{"line":210,"column":40},"end":{"line":210,"column":50}},{"start":{"line":210,"column":53},"end":{"line":210,"column":65}}],"line":210},"11":{"loc":{"start":{"line":220,"column":4},"end":{"line":291,"column":5}},"type":"switch","locations":[{"start":{"line":221,"column":6},"end":{"line":221,"column":20}},{"start":{"line":222,"column":6},"end":{"line":278,"column":10}},{"start":{"line":279,"column":6},"end":{"line":288,"column":10}},{"start":{"line":289,"column":6},"end":{"line":290,"column":20}}],"line":220},"12":{"loc":{"start":{"line":225,"column":13},"end":{"line":234,"column":13}},"type":"binary-expr","locations":[{"start":{"line":225,"column":13},"end":{"line":225,"column":30}},{"start":{"line":227,"column":14},"end":{"line":233,"column":16}}],"line":225},"13":{"loc":{"start":{"line":304,"column":9},"end":{"line":339,"column":9}},"type":"cond-expr","locations":[{"start":{"line":305,"column":10},"end":{"line":316,"column":16}},{"start":{"line":318,"column":10},"end":{"line":338,"column":17}}],"line":304},"14":{"loc":{"start":{"line":324,"column":18},"end":{"line":326,"column":55}},"type":"cond-expr","locations":[{"start":{"line":325,"column":22},"end":{"line":325,"column":51}},{"start":{"line":326,"column":22},"end":{"line":326,"column":55}}],"line":324}},"s":{"0":0,"1":0,"2":0,"3":0,"4":0,"5":0,"6":0,"7":0,"8":0,"9":0,"10":0,"11":0,"12":0,"13":0,"14":0,"15":0,"16":0,"17":0,"18":0,"19":0,"20":0,"21":0,"22":0,"23":0,"24":0,"25":0,"26":0,"27":0,"28":0,"29":0,"30":0,"31":0,"32":0,"33":0,"34":0,"35":0,"36":0,"37":0,"38":0,"39":0,"40":0,"41":0,"42":0,"43":0,"44":0,"45":0,"46":0,"47":0,"48":0,"49":0,"50":0,"51":0,"52":0,"53":0,"54":0,"55":0,"56":0,"57":0,"58":0,"59":0,"60":0},"f":{"0":0,"1":0,"2":0,"3":0,"4":0,"5":0,"6":0,"7":0,"8":0,"9":0,"10":0,"11":0,"12":0,"13":0},"b":{"0":[0],"1":[0,0],"2":[0,0,0,0,0,0,0,0,0],"3":[0],"4":[0,0],"5":[0,0],"6":[0,0],"7":[0,0],"8":[0,0],"9":[0,0],"10":[0,0],"11":[0,0,0,0],"12":[0,0],"13":[0,0],"14":[0,0]}}
,"C:\\Users\\pc\\Desktop\\SE2\\frontend\\src\\components\\Admin\\ManageQuiz\\ManageQuizzes.jsx": {"path":"C:\\Users\\pc\\Desktop\\SE2\\frontend\\src\\components\\Admin\\ManageQuiz\\ManageQuizzes.jsx","statementMap":{"0":{"start":{"line":7,"column":22},"end":{"line":112,"column":1}},"1":{"start":{"line":8,"column":40},"end":{"line":8,"column":55}},"2":{"start":{"line":9,"column":36},"end":{"line":9,"column":54}},"3":{"start":{"line":10,"column":34},"end":{"line":10,"column":46}},"4":{"start":{"line":11,"column":32},"end":{"line":11,"column":46}},"5":{"start":{"line":12,"column":28},"end":{"line":12,"column":42}},"6":{"start":{"line":14,"column":26},"end":{"line":17,"column":3}},"7":{"start":{"line":15,"column":4},"end":{"line":15,"column":23}},"8":{"start":{"line":16,"column":4},"end":{"line":16,"column":25}},"9":{"start":{"line":19,"column":27},"end":{"line":21,"column":3}},"10":{"start":{"line":20,"column":4},"end":{"line":20,"column":26}},"11":{"start":{"line":24,"column":24},"end":{"line":42,"column":8}},"12":{"start":{"line":25,"column":4},"end":{"line":25,"column":21}},"13":{"start":{"line":26,"column":4},"end":{"line":41,"column":5}},"14":{"start":{"line":27,"column":23},"end":{"line":27,"column":75}},"15":{"start":{"line":28,"column":30},"end":{"line":35,"column":9}},"16":{"start":{"line":28,"column":59},"end":{"line":35,"column":7}},"17":{"start":{"line":36,"column":6},"end":{"line":36,"column":35}},"18":{"start":{"line":38,"column":6},"end":{"line":38,"column":50}},"19":{"start":{"line":40,"column":6},"end":{"line":40,"column":24}},"20":{"start":{"line":44,"column":2},"end":{"line":46,"column":22}},"21":{"start":{"line":45,"column":4},"end":{"line":45,"column":20}},"22":{"start":{"line":49,"column":28},"end":{"line":51,"column":21}},"23":{"start":{"line":50,"column":4},"end":{"line":50,"column":20}},"24":{"start":{"line":53,"column":28},"end":{"line":55,"column":21}},"25":{"start":{"line":54,"column":4},"end":{"line":54,"column":20}},"26":{"start":{"line":57,"column":28},"end":{"line":59,"column":21}},"27":{"start":{"line":58,"column":4},"end":{"line":58,"column":20}},"28":{"start":{"line":61,"column":2},"end":{"line":76,"column":3}},"29":{"start":{"line":62,"column":4},"end":{"line":75,"column":6}},"30":{"start":{"line":77,"column":2},"end":{"line":84,"column":3}},"31":{"start":{"line":78,"column":4},"end":{"line":83,"column":6}},"32":{"start":{"line":86,"column":2},"end":{"line":111,"column":4}}},"fnMap":{"0":{"name":"(anonymous_0)","decl":{"start":{"line":7,"column":22},"end":{"line":7,"column":23}},"loc":{"start":{"line":7,"column":28},"end":{"line":112,"column":1}},"line":7},"1":{"name":"(anonymous_1)","decl":{"start":{"line":14,"column":26},"end":{"line":14,"column":27}},"loc":{"start":{"line":14,"column":36},"end":{"line":17,"column":3}},"line":14},"2":{"name":"(anonymous_2)","decl":{"start":{"line":19,"column":27},"end":{"line":19,"column":28}},"loc":{"start":{"line":19,"column":33},"end":{"line":21,"column":3}},"line":19},"3":{"name":"(anonymous_3)","decl":{"start":{"line":24,"column":36},"end":{"line":24,"column":37}},"loc":{"start":{"line":24,"column":48},"end":{"line":42,"column":3}},"line":24},"4":{"name":"(anonymous_4)","decl":{"start":{"line":28,"column":48},"end":{"line":28,"column":49}},"loc":{"start":{"line":28,"column":59},"end":{"line":35,"column":7}},"line":28},"5":{"name":"(anonymous_5)","decl":{"start":{"line":44,"column":12},"end":{"line":44,"column":13}},"loc":{"start":{"line":44,"column":18},"end":{"line":46,"column":3}},"line":44},"6":{"name":"(anonymous_6)","decl":{"start":{"line":49,"column":40},"end":{"line":49,"column":41}},"loc":{"start":{"line":49,"column":46},"end":{"line":51,"column":3}},"line":49},"7":{"name":"(anonymous_7)","decl":{"start":{"line":53,"column":40},"end":{"line":53,"column":41}},"loc":{"start":{"line":53,"column":46},"end":{"line":55,"column":3}},"line":53},"8":{"name":"(anonymous_8)","decl":{"start":{"line":57,"column":40},"end":{"line":57,"column":41}},"loc":{"start":{"line":57,"column":46},"end":{"line":59,"column":3}},"line":57}},"branchMap":{"0":{"loc":{"start":{"line":61,"column":2},"end":{"line":76,"column":3}},"type":"if","locations":[{"start":{"line":61,"column":2},"end":{"line":76,"column":3}},{"start":{},"end":{}}],"line":61},"1":{"loc":{"start":{"line":77,"column":2},"end":{"line":84,"column":3}},"type":"if","locations":[{"start":{"line":77,"column":2},"end":{"line":84,"column":3}},{"start":{},"end":{}}],"line":77}},"s":{"0":0,"1":0,"2":0,"3":0,"4":0,"5":0,"6":0,"7":0,"8":0,"9":0,"10":0,"11":0,"12":0,"13":0,"14":0,"15":0,"16":0,"17":0,"18":0,"19":0,"20":0,"21":0,"22":0,"23":0,"24":0,"25":0,"26":0,"27":0,"28":0,"29":0,"30":0,"31":0,"32":0},"f":{"0":0,"1":0,"2":0,"3":0,"4":0,"5":0,"6":0,"7":0,"8":0},"b":{"0":[0,0],"1":[0,0]}}
,"C:\\Users\\pc\\Desktop\\SE2\\frontend\\src\\components\\Admin\\ManageQuiz\\ManageQuizzesModal.jsx": {"path":"C:\\Users\\pc\\Desktop\\SE2\\frontend\\src\\components\\Admin\\ManageQuiz\\ManageQuizzesModal.jsx","statementMap":{"0":{"start":{"line":6,"column":21},"end":{"line":6,"column":56}},"1":{"start":{"line":8,"column":19},"end":{"line":31,"column":1}},"2":{"start":{"line":16,"column":2},"end":{"line":30,"column":8}},"3":{"start":{"line":33,"column":22},"end":{"line":48,"column":1}},"4":{"start":{"line":34,"column":2},"end":{"line":47,"column":8}},"5":{"start":{"line":50,"column":15},"end":{"line":58,"column":1}},"6":{"start":{"line":51,"column":2},"end":{"line":57,"column":11}},"7":{"start":{"line":60,"column":19},"end":{"line":62,"column":1}},"8":{"start":{"line":61,"column":2},"end":{"line":61,"column":35}},"9":{"start":{"line":63,"column":21},"end":{"line":84,"column":1}},"10":{"start":{"line":64,"column":61},"end":{"line":64,"column":69}},"11":{"start":{"line":65,"column":2},"end":{"line":82,"column":3}},"12":{"start":{"line":76,"column":4},"end":{"line":80,"column":7}},"13":{"start":{"line":81,"column":4},"end":{"line":81,"column":17}},"14":{"start":{"line":83,"column":2},"end":{"line":83,"column":14}},"15":{"start":{"line":86,"column":18},"end":{"line":116,"column":1}},"16":{"start":{"line":95,"column":2},"end":{"line":97,"column":3}},"17":{"start":{"line":96,"column":4},"end":{"line":96,"column":11}},"18":{"start":{"line":99,"column":2},"end":{"line":115,"column":3}},"19":{"start":{"line":100,"column":21},"end":{"line":100,"column":78}},"20":{"start":{"line":101,"column":4},"end":{"line":105,"column":7}},"21":{"start":{"line":106,"column":4},"end":{"line":106,"column":15}},"22":{"start":{"line":107,"column":4},"end":{"line":107,"column":23}},"23":{"start":{"line":108,"column":4},"end":{"line":108,"column":16}},"24":{"start":{"line":110,"column":4},"end":{"line":114,"column":7}},"25":{"start":{"line":118,"column":27},"end":{"line":323,"column":1}},"26":{"start":{"line":126,"column":34},"end":{"line":133,"column":4}},"27":{"start":{"line":134,"column":32},"end":{"line":134,"column":47}},"28":{"start":{"line":136,"column":20},"end":{"line":145,"column":3}},"29":{"start":{"line":137,"column":4},"end":{"line":144,"column":7}},"30":{"start":{"line":147,"column":2},"end":{"line":151,"column":15}},"31":{"start":{"line":148,"column":4},"end":{"line":150,"column":5}},"32":{"start":{"line":149,"column":6},"end":{"line":149,"column":18}},"33":{"start":{"line":153,"column":2},"end":{"line":153,"column":27}},"34":{"start":{"line":153,"column":15},"end":{"line":153,"column":27}},"35":{"start":{"line":155,"column":28},"end":{"line":158,"column":3}},"36":{"start":{"line":156,"column":28},"end":{"line":156,"column":36}},"37":{"start":{"line":157,"column":4},"end":{"line":157,"column":56}},"38":{"start":{"line":157,"column":27},"end":{"line":157,"column":53}},"39":{"start":{"line":160,"column":23},"end":{"line":195,"column":3}},"40":{"start":{"line":161,"column":4},"end":{"line":161,"column":23}},"41":{"start":{"line":162,"column":4},"end":{"line":162,"column":21}},"42":{"start":{"line":164,"column":23},"end":{"line":180,"column":5}},"43":{"start":{"line":182,"column":19},"end":{"line":182,"column":35}},"44":{"start":{"line":184,"column":4},"end":{"line":192,"column":7}},"45":{"start":{"line":185,"column":46},"end":{"line":185,"column":50}},"46":{"start":{"line":194,"column":4},"end":{"line":194,"column":22}},"47":{"start":{"line":197,"column":21},"end":{"line":277,"column":3}},"48":{"start":{"line":198,"column":4},"end":{"line":276,"column":5}},"49":{"start":{"line":201,"column":8},"end":{"line":261,"column":10}},"50":{"start":{"line":263,"column":8},"end":{"line":273,"column":10}},"51":{"start":{"line":275,"column":8},"end":{"line":275,"column":20}},"52":{"start":{"line":279,"column":2},"end":{"line":322,"column":4}}},"fnMap":{"0":{"name":"(anonymous_0)","decl":{"start":{"line":8,"column":19},"end":{"line":8,"column":20}},"loc":{"start":{"line":16,"column":2},"end":{"line":30,"column":8}},"line":16},"1":{"name":"(anonymous_1)","decl":{"start":{"line":33,"column":22},"end":{"line":33,"column":23}},"loc":{"start":{"line":34,"column":2},"end":{"line":47,"column":8}},"line":34},"2":{"name":"(anonymous_2)","decl":{"start":{"line":50,"column":15},"end":{"line":50,"column":16}},"loc":{"start":{"line":51,"column":2},"end":{"line":57,"column":11}},"line":51},"3":{"name":"(anonymous_3)","decl":{"start":{"line":60,"column":19},"end":{"line":60,"column":20}},"loc":{"start":{"line":60,"column":46},"end":{"line":62,"column":1}},"line":60},"4":{"name":"(anonymous_4)","decl":{"start":{"line":63,"column":21},"end":{"line":63,"column":22}},"loc":{"start":{"line":63,"column":35},"end":{"line":84,"column":1}},"line":63},"5":{"name":"(anonymous_5)","decl":{"start":{"line":86,"column":18},"end":{"line":86,"column":19}},"loc":{"start":{"line":94,"column":6},"end":{"line":116,"column":1}},"line":94},"6":{"name":"(anonymous_6)","decl":{"start":{"line":118,"column":27},"end":{"line":118,"column":28}},"loc":{"start":{"line":125,"column":6},"end":{"line":323,"column":1}},"line":125},"7":{"name":"(anonymous_7)","decl":{"start":{"line":136,"column":20},"end":{"line":136,"column":21}},"loc":{"start":{"line":136,"column":26},"end":{"line":145,"column":3}},"line":136},"8":{"name":"(anonymous_8)","decl":{"start":{"line":147,"column":12},"end":{"line":147,"column":13}},"loc":{"start":{"line":147,"column":18},"end":{"line":151,"column":3}},"line":147},"9":{"name":"(anonymous_9)","decl":{"start":{"line":155,"column":28},"end":{"line":155,"column":29}},"loc":{"start":{"line":155,"column":35},"end":{"line":158,"column":3}},"line":155},"10":{"name":"(anonymous_10)","decl":{"start":{"line":157,"column":16},"end":{"line":157,"column":17}},"loc":{"start":{"line":157,"column":27},"end":{"line":157,"column":53}},"line":157},"11":{"name":"(anonymous_11)","decl":{"start":{"line":160,"column":23},"end":{"line":160,"column":24}},"loc":{"start":{"line":160,"column":36},"end":{"line":195,"column":3}},"line":160},"12":{"name":"(anonymous_12)","decl":{"start":{"line":185,"column":40},"end":{"line":185,"column":41}},"loc":{"start":{"line":185,"column":46},"end":{"line":185,"column":50}},"line":185},"13":{"name":"(anonymous_13)","decl":{"start":{"line":197,"column":21},"end":{"line":197,"column":22}},"loc":{"start":{"line":197,"column":27},"end":{"line":277,"column":3}},"line":197}},"branchMap":{"0":{"loc":{"start":{"line":14,"column":2},"end":{"line":14,"column":15}},"type":"default-arg","locations":[{"start":{"line":14,"column":9},"end":{"line":14,"column":15}}],"line":14},"1":{"loc":{"start":{"line":65,"column":2},"end":{"line":82,"column":3}},"type":"if","locations":[{"start":{"line":65,"column":2},"end":{"line":82,"column":3}},{"start":{},"end":{}}],"line":65},"2":{"loc":{"start":{"line":66,"column":4},"end":{"line":74,"column":13}},"type":"binary-expr","locations":[{"start":{"line":66,"column":4},"end":{"line":66,"column":10}},{"start":{"line":67,"column":4},"end":{"line":67,"column":20}},{"start":{"line":68,"column":4},"end":{"line":68,"column":16}},{"start":{"line":69,"column":4},"end":{"line":69,"column":27}},{"start":{"line":70,"column":4},"end":{"line":70,"column":13}},{"start":{"line":71,"column":4},"end":{"line":71,"column":24}},{"start":{"line":72,"column":4},"end":{"line":72,"column":11}},{"start":{"line":73,"column":4},"end":{"line":73,"column":21}},{"start":{"line":74,"column":4},"end":{"line":74,"column":13}}],"line":66},"3":{"loc":{"start":{"line":91,"column":2},"end":{"line":91,"column":17}},"type":"default-arg","locations":[{"start":{"line":91,"column":11},"end":{"line":91,"column":17}}],"line":91},"4":{"loc":{"start":{"line":95,"column":2},"end":{"line":97,"column":3}},"type":"if","locations":[{"start":{"line":95,"column":2},"end":{"line":97,"column":3}},{"start":{},"end":{}}],"line":95},"5":{"loc":{"start":{"line":112,"column":12},"end":{"line":112,"column":63}},"type":"binary-expr","locations":[{"start":{"line":112,"column":12},"end":{"line":112,"column":40}},{"start":{"line":112,"column":44},"end":{"line":112,"column":63}}],"line":112},"6":{"loc":{"start":{"line":148,"column":4},"end":{"line":150,"column":5}},"type":"if","locations":[{"start":{"line":148,"column":4},"end":{"line":150,"column":5}},{"start":{},"end":{}}],"line":148},"7":{"loc":{"start":{"line":153,"column":2},"end":{"line":153,"column":27}},"type":"if","locations":[{"start":{"line":153,"column":2},"end":{"line":153,"column":27}},{"start":{},"end":{}}],"line":153},"8":{"loc":{"start":{"line":185,"column":20},"end":{"line":185,"column":65}},"type":"cond-expr","locations":[{"start":{"line":185,"column":40},"end":{"line":185,"column":50}},{"start":{"line":185,"column":53},"end":{"line":185,"column":65}}],"line":185},"9":{"loc":{"start":{"line":198,"column":4},"end":{"line":276,"column":5}},"type":"switch","locations":[{"start":{"line":199,"column":6},"end":{"line":199,"column":20}},{"start":{"line":200,"column":6},"end":{"line":261,"column":10}},{"start":{"line":262,"column":6},"end":{"line":273,"column":10}},{"start":{"line":274,"column":6},"end":{"line":275,"column":20}}],"line":198},"10":{"loc":{"start":{"line":203,"column":13},"end":{"line":211,"column":13}},"type":"binary-expr","locations":[{"start":{"line":203,"column":13},"end":{"line":203,"column":30}},{"start":{"line":204,"column":14},"end":{"line":210,"column":16}}],"line":203},"11":{"loc":{"start":{"line":285,"column":9},"end":{"line":319,"column":9}},"type":"cond-expr","locations":[{"start":{"line":286,"column":10},"end":{"line":296,"column":16}},{"start":{"line":298,"column":10},"end":{"line":318,"column":17}}],"line":285},"12":{"loc":{"start":{"line":304,"column":18},"end":{"line":306,"column":55}},"type":"cond-expr","locations":[{"start":{"line":305,"column":22},"end":{"line":305,"column":51}},{"start":{"line":306,"column":22},"end":{"line":306,"column":55}}],"line":304}},"s":{"0":0,"1":0,"2":0,"3":0,"4":0,"5":0,"6":0,"7":0,"8":0,"9":0,"10":0,"11":0,"12":0,"13":0,"14":0,"15":0,"16":0,"17":0,"18":0,"19":0,"20":0,"21":0,"22":0,"23":0,"24":0,"25":0,"26":0,"27":0,"28":0,"29":0,"30":0,"31":0,"32":0,"33":0,"34":0,"35":0,"36":0,"37":0,"38":0,"39":0,"40":0,"41":0,"42":0,"43":0,"44":0,"45":0,"46":0,"47":0,"48":0,"49":0,"50":0,"51":0,"52":0},"f":{"0":0,"1":0,"2":0,"3":0,"4":0,"5":0,"6":0,"7":0,"8":0,"9":0,"10":0,"11":0,"12":0,"13":0},"b":{"0":[0],"1":[0,0],"2":[0,0,0,0,0,0,0,0,0],"3":[0],"4":[0,0],"5":[0,0],"6":[0,0],"7":[0,0],"8":[0,0],"9":[0,0,0,0],"10":[0,0],"11":[0,0],"12":[0,0]}}
,"C:\\Users\\pc\\Desktop\\SE2\\frontend\\src\\components\\Admin\\ManageQuiz\\QuizDashboardManager.jsx": {"path":"C:\\Users\\pc\\Desktop\\SE2\\frontend\\src\\components\\Admin\\ManageQuiz\\QuizDashboardManager.jsx","statementMap":{"0":{"start":{"line":7,"column":15},"end":{"line":14,"column":1}},"1":{"start":{"line":8,"column":2},"end":{"line":13,"column":11}},"2":{"start":{"line":16,"column":0},"end":{"line":19,"column":2}},"3":{"start":{"line":22,"column":17},"end":{"line":38,"column":1}},"4":{"start":{"line":23,"column":2},"end":{"line":37,"column":7}},"5":{"start":{"line":25,"column":6},"end":{"line":35,"column":11}},"6":{"start":{"line":40,"column":0},"end":{"line":43,"column":2}},"7":{"start":{"line":46,"column":19},"end":{"line":55,"column":1}},"8":{"start":{"line":47,"column":2},"end":{"line":54,"column":8}},"9":{"start":{"line":57,"column":0},"end":{"line":59,"column":2}},"10":{"start":{"line":62,"column":14},"end":{"line":87,"column":1}},"11":{"start":{"line":63,"column":2},"end":{"line":86,"column":10}},"12":{"start":{"line":67,"column":10},"end":{"line":69,"column":15}},"13":{"start":{"line":76,"column":10},"end":{"line":76,"column":62}},"14":{"start":{"line":89,"column":0},"end":{"line":92,"column":2}},"15":{"start":{"line":95,"column":29},"end":{"line":117,"column":1}},"16":{"start":{"line":101,"column":2},"end":{"line":116,"column":8}},"17":{"start":{"line":107,"column":45},"end":{"line":107,"column":70}},"18":{"start":{"line":108,"column":45},"end":{"line":108,"column":70}},"19":{"start":{"line":109,"column":45},"end":{"line":109,"column":70}},"20":{"start":{"line":119,"column":0},"end":{"line":124,"column":2}}},"fnMap":{"0":{"name":"(anonymous_0)","decl":{"start":{"line":7,"column":15},"end":{"line":7,"column":16}},"loc":{"start":{"line":8,"column":2},"end":{"line":13,"column":11}},"line":8},"1":{"name":"(anonymous_1)","decl":{"start":{"line":22,"column":17},"end":{"line":22,"column":18}},"loc":{"start":{"line":23,"column":2},"end":{"line":37,"column":7}},"line":23},"2":{"name":"(anonymous_2)","decl":{"start":{"line":24,"column":17},"end":{"line":24,"column":18}},"loc":{"start":{"line":25,"column":6},"end":{"line":35,"column":11}},"line":25},"3":{"name":"(anonymous_3)","decl":{"start":{"line":46,"column":19},"end":{"line":46,"column":20}},"loc":{"start":{"line":47,"column":2},"end":{"line":54,"column":8}},"line":47},"4":{"name":"(anonymous_4)","decl":{"start":{"line":62,"column":14},"end":{"line":62,"column":15}},"loc":{"start":{"line":63,"column":2},"end":{"line":86,"column":10}},"line":63},"5":{"name":"(anonymous_5)","decl":{"start":{"line":66,"column":21},"end":{"line":66,"column":22}},"loc":{"start":{"line":67,"column":10},"end":{"line":69,"column":15}},"line":67},"6":{"name":"(anonymous_6)","decl":{"start":{"line":75,"column":17},"end":{"line":75,"column":18}},"loc":{"start":{"line":76,"column":10},"end":{"line":76,"column":62}},"line":76},"7":{"name":"(anonymous_7)","decl":{"start":{"line":95,"column":29},"end":{"line":95,"column":30}},"loc":{"start":{"line":101,"column":2},"end":{"line":116,"column":8}},"line":101},"8":{"name":"(anonymous_8)","decl":{"start":{"line":107,"column":39},"end":{"line":107,"column":40}},"loc":{"start":{"line":107,"column":45},"end":{"line":107,"column":70}},"line":107},"9":{"name":"(anonymous_9)","decl":{"start":{"line":108,"column":39},"end":{"line":108,"column":40}},"loc":{"start":{"line":108,"column":45},"end":{"line":108,"column":70}},"line":108},"10":{"name":"(anonymous_10)","decl":{"start":{"line":109,"column":39},"end":{"line":109,"column":40}},"loc":{"start":{"line":109,"column":45},"end":{"line":109,"column":70}},"line":109}},"branchMap":{"0":{"loc":{"start":{"line":26,"column":9},"end":{"line":34,"column":9}},"type":"cond-expr","locations":[{"start":{"line":27,"column":10},"end":{"line":27,"column":44}},{"start":{"line":28,"column":12},"end":{"line":34,"column":9}}],"line":26},"1":{"loc":{"start":{"line":28,"column":12},"end":{"line":34,"column":9}},"type":"cond-expr","locations":[{"start":{"line":29,"column":10},"end":{"line":31,"column":17}},{"start":{"line":33,"column":10},"end":{"line":33,"column":21}}],"line":28},"2":{"loc":{"start":{"line":74,"column":7},"end":{"line":84,"column":7}},"type":"cond-expr","locations":[{"start":{"line":75,"column":8},"end":{"line":77,"column":10}},{"start":{"line":79,"column":8},"end":{"line":83,"column":13}}],"line":74},"3":{"loc":{"start":{"line":98,"column":2},"end":{"line":98,"column":19}},"type":"default-arg","locations":[{"start":{"line":98,"column":17},"end":{"line":98,"column":19}}],"line":98},"4":{"loc":{"start":{"line":99,"column":2},"end":{"line":99,"column":16}},"type":"default-arg","locations":[{"start":{"line":99,"column":14},"end":{"line":99,"column":16}}],"line":99}},"s":{"0":0,"1":0,"2":0,"3":0,"4":0,"5":0,"6":0,"7":0,"8":0,"9":0,"10":0,"11":0,"12":0,"13":0,"14":0,"15":0,"16":0,"17":0,"18":0,"19":0,"20":0},"f":{"0":0,"1":0,"2":0,"3":0,"4":0,"5":0,"6":0,"7":0,"8":0,"9":0,"10":0},"b":{"0":[0,0],"1":[0,0],"2":[0,0],"3":[0],"4":[0]}}
,"C:\\Users\\pc\\Desktop\\SE2\\frontend\\src\\components\\Admin\\ManageUsers\\ManageUsers.jsx": {"path":"C:\\Users\\pc\\Desktop\\SE2\\frontend\\src\\components\\Admin\\ManageUsers\\ManageUsers.jsx","statementMap":{"0":{"start":{"line":7,"column":20},"end":{"line":176,"column":1}},"1":{"start":{"line":8,"column":40},"end":{"line":8,"column":55}},"2":{"start":{"line":9,"column":36},"end":{"line":9,"column":54}},"3":{"start":{"line":10,"column":34},"end":{"line":10,"column":46}},"4":{"start":{"line":11,"column":32},"end":{"line":11,"column":46}},"5":{"start":{"line":12,"column":28},"end":{"line":12,"column":42}},"6":{"start":{"line":13,"column":38},"end":{"line":13,"column":50}},"7":{"start":{"line":14,"column":38},"end":{"line":17,"column":4}},"8":{"start":{"line":18,"column":26},"end":{"line":21,"column":3}},"9":{"start":{"line":19,"column":4},"end":{"line":19,"column":23}},"10":{"start":{"line":20,"column":4},"end":{"line":20,"column":25}},"11":{"start":{"line":23,"column":27},"end":{"line":25,"column":3}},"12":{"start":{"line":24,"column":4},"end":{"line":24,"column":26}},"13":{"start":{"line":27,"column":24},"end":{"line":59,"column":8}},"14":{"start":{"line":28,"column":4},"end":{"line":28,"column":21}},"15":{"start":{"line":29,"column":4},"end":{"line":58,"column":5}},"16":{"start":{"line":30,"column":23},"end":{"line":30,"column":73}},"17":{"start":{"line":31,"column":30},"end":{"line":51,"column":9}},"18":{"start":{"line":31,"column":59},"end":{"line":51,"column":7}},"19":{"start":{"line":53,"column":6},"end":{"line":53,"column":35}},"20":{"start":{"line":55,"column":6},"end":{"line":55,"column":50}},"21":{"start":{"line":57,"column":6},"end":{"line":57,"column":24}},"22":{"start":{"line":61,"column":2},"end":{"line":63,"column":22}},"23":{"start":{"line":62,"column":4},"end":{"line":62,"column":20}},"24":{"start":{"line":65,"column":28},"end":{"line":67,"column":21}},"25":{"start":{"line":66,"column":4},"end":{"line":66,"column":20}},"26":{"start":{"line":69,"column":28},"end":{"line":71,"column":21}},"27":{"start":{"line":70,"column":4},"end":{"line":70,"column":20}},"28":{"start":{"line":73,"column":28},"end":{"line":75,"column":21}},"29":{"start":{"line":74,"column":4},"end":{"line":74,"column":20}},"30":{"start":{"line":77,"column":23},"end":{"line":83,"column":28}},"31":{"start":{"line":78,"column":4},"end":{"line":82,"column":6}},"32":{"start":{"line":79,"column":6},"end":{"line":81,"column":7}},"33":{"start":{"line":80,"column":8},"end":{"line":80,"column":73}},"34":{"start":{"line":86,"column":21},"end":{"line":103,"column":32}},"35":{"start":{"line":87,"column":24},"end":{"line":87,"column":41}},"36":{"start":{"line":88,"column":4},"end":{"line":101,"column":5}},"37":{"start":{"line":89,"column":6},"end":{"line":100,"column":9}},"38":{"start":{"line":90,"column":23},"end":{"line":90,"column":65}},"39":{"start":{"line":91,"column":23},"end":{"line":91,"column":65}},"40":{"start":{"line":93,"column":8},"end":{"line":95,"column":9}},"41":{"start":{"line":94,"column":10},"end":{"line":94,"column":57}},"42":{"start":{"line":96,"column":8},"end":{"line":98,"column":9}},"43":{"start":{"line":97,"column":10},"end":{"line":97,"column":57}},"44":{"start":{"line":99,"column":8},"end":{"line":99,"column":17}},"45":{"start":{"line":102,"column":4},"end":{"line":102,"column":25}},"46":{"start":{"line":105,"column":23},"end":{"line":107,"column":8}},"47":{"start":{"line":106,"column":4},"end":{"line":106,"column":24}},"48":{"start":{"line":109,"column":21},"end":{"line":117,"column":8}},"49":{"start":{"line":110,"column":4},"end":{"line":116,"column":8}},"50":{"start":{"line":110,"column":35},"end":{"line":116,"column":5}},"51":{"start":{"line":119,"column":2},"end":{"line":134,"column":3}},"52":{"start":{"line":120,"column":4},"end":{"line":133,"column":6}},"53":{"start":{"line":135,"column":2},"end":{"line":142,"column":3}},"54":{"start":{"line":136,"column":4},"end":{"line":141,"column":6}},"55":{"start":{"line":144,"column":2},"end":{"line":175,"column":4}}},"fnMap":{"0":{"name":"(anonymous_0)","decl":{"start":{"line":7,"column":20},"end":{"line":7,"column":21}},"loc":{"start":{"line":7,"column":26},"end":{"line":176,"column":1}},"line":7},"1":{"name":"(anonymous_1)","decl":{"start":{"line":18,"column":26},"end":{"line":18,"column":27}},"loc":{"start":{"line":18,"column":36},"end":{"line":21,"column":3}},"line":18},"2":{"name":"(anonymous_2)","decl":{"start":{"line":23,"column":27},"end":{"line":23,"column":28}},"loc":{"start":{"line":23,"column":33},"end":{"line":25,"column":3}},"line":23},"3":{"name":"(anonymous_3)","decl":{"start":{"line":27,"column":36},"end":{"line":27,"column":37}},"loc":{"start":{"line":27,"column":48},"end":{"line":59,"column":3}},"line":27},"4":{"name":"(anonymous_4)","decl":{"start":{"line":31,"column":48},"end":{"line":31,"column":49}},"loc":{"start":{"line":31,"column":59},"end":{"line":51,"column":7}},"line":31},"5":{"name":"(anonymous_5)","decl":{"start":{"line":61,"column":12},"end":{"line":61,"column":13}},"loc":{"start":{"line":61,"column":18},"end":{"line":63,"column":3}},"line":61},"6":{"name":"(anonymous_6)","decl":{"start":{"line":65,"column":40},"end":{"line":65,"column":41}},"loc":{"start":{"line":65,"column":46},"end":{"line":67,"column":3}},"line":65},"7":{"name":"(anonymous_7)","decl":{"start":{"line":69,"column":40},"end":{"line":69,"column":41}},"loc":{"start":{"line":69,"column":46},"end":{"line":71,"column":3}},"line":69},"8":{"name":"(anonymous_8)","decl":{"start":{"line":73,"column":40},"end":{"line":73,"column":41}},"loc":{"start":{"line":73,"column":46},"end":{"line":75,"column":3}},"line":73},"9":{"name":"(anonymous_9)","decl":{"start":{"line":77,"column":31},"end":{"line":77,"column":32}},"loc":{"start":{"line":77,"column":37},"end":{"line":83,"column":3}},"line":77},"10":{"name":"(anonymous_10)","decl":{"start":{"line":78,"column":27},"end":{"line":78,"column":28}},"loc":{"start":{"line":79,"column":6},"end":{"line":81,"column":7}},"line":79},"11":{"name":"(anonymous_11)","decl":{"start":{"line":79,"column":31},"end":{"line":79,"column":32}},"loc":{"start":{"line":80,"column":8},"end":{"line":80,"column":73}},"line":80},"12":{"name":"(anonymous_12)","decl":{"start":{"line":86,"column":29},"end":{"line":86,"column":30}},"loc":{"start":{"line":86,"column":35},"end":{"line":103,"column":3}},"line":86},"13":{"name":"(anonymous_13)","decl":{"start":{"line":89,"column":25},"end":{"line":89,"column":26}},"loc":{"start":{"line":89,"column":35},"end":{"line":100,"column":7}},"line":89},"14":{"name":"(anonymous_14)","decl":{"start":{"line":105,"column":35},"end":{"line":105,"column":36}},"loc":{"start":{"line":105,"column":45},"end":{"line":107,"column":3}},"line":105},"15":{"name":"(anonymous_15)","decl":{"start":{"line":109,"column":33},"end":{"line":109,"column":34}},"loc":{"start":{"line":109,"column":42},"end":{"line":117,"column":3}},"line":109},"16":{"name":"(anonymous_16)","decl":{"start":{"line":110,"column":18},"end":{"line":110,"column":19}},"loc":{"start":{"line":110,"column":35},"end":{"line":116,"column":5}},"line":110}},"branchMap":{"0":{"loc":{"start":{"line":42,"column":14},"end":{"line":42,"column":45}},"type":"cond-expr","locations":[{"start":{"line":42,"column":29},"end":{"line":42,"column":36}},{"start":{"line":42,"column":39},"end":{"line":42,"column":45}}],"line":42},"1":{"loc":{"start":{"line":88,"column":4},"end":{"line":101,"column":5}},"type":"if","locations":[{"start":{"line":88,"column":4},"end":{"line":101,"column":5}},{"start":{},"end":{}}],"line":88},"2":{"loc":{"start":{"line":93,"column":8},"end":{"line":95,"column":9}},"type":"if","locations":[{"start":{"line":93,"column":8},"end":{"line":95,"column":9}},{"start":{},"end":{}}],"line":93},"3":{"loc":{"start":{"line":94,"column":17},"end":{"line":94,"column":56}},"type":"cond-expr","locations":[{"start":{"line":94,"column":50},"end":{"line":94,"column":52}},{"start":{"line":94,"column":55},"end":{"line":94,"column":56}}],"line":94},"4":{"loc":{"start":{"line":96,"column":8},"end":{"line":98,"column":9}},"type":"if","locations":[{"start":{"line":96,"column":8},"end":{"line":98,"column":9}},{"start":{},"end":{}}],"line":96},"5":{"loc":{"start":{"line":97,"column":17},"end":{"line":97,"column":56}},"type":"cond-expr","locations":[{"start":{"line":97,"column":50},"end":{"line":97,"column":51}},{"start":{"line":97,"column":54},"end":{"line":97,"column":56}}],"line":97},"6":{"loc":{"start":{"line":113,"column":8},"end":{"line":115,"column":17}},"type":"cond-expr","locations":[{"start":{"line":114,"column":12},"end":{"line":114,"column":18}},{"start":{"line":115,"column":12},"end":{"line":115,"column":17}}],"line":113},"7":{"loc":{"start":{"line":113,"column":8},"end":{"line":113,"column":64}},"type":"binary-expr","locations":[{"start":{"line":113,"column":8},"end":{"line":113,"column":30}},{"start":{"line":113,"column":34},"end":{"line":113,"column":64}}],"line":113},"8":{"loc":{"start":{"line":119,"column":2},"end":{"line":134,"column":3}},"type":"if","locations":[{"start":{"line":119,"column":2},"end":{"line":134,"column":3}},{"start":{},"end":{}}],"line":119},"9":{"loc":{"start":{"line":135,"column":2},"end":{"line":142,"column":3}},"type":"if","locations":[{"start":{"line":135,"column":2},"end":{"line":142,"column":3}},{"start":{},"end":{}}],"line":135}},"s":{"0":1,"1":0,"2":0,"3":0,"4":0,"5":0,"6":0,"7":0,"8":0,"9":0,"10":0,"11":0,"12":0,"13":0,"14":0,"15":0,"16":0,"17":0,"18":0,"19":0,"20":0,"21":0,"22":0,"23":0,"24":0,"25":0,"26":0,"27":0,"28":0,"29":0,"30":0,"31":0,"32":0,"33":0,"34":0,"35":0,"36":0,"37":0,"38":0,"39":0,"40":0,"41":0,"42":0,"43":0,"44":0,"45":0,"46":0,"47":0,"48":0,"49":0,"50":0,"51":0,"52":0,"53":0,"54":0,"55":0},"f":{"0":0,"1":0,"2":0,"3":0,"4":0,"5":0,"6":0,"7":0,"8":0,"9":0,"10":0,"11":0,"12":0,"13":0,"14":0,"15":0,"16":0},"b":{"0":[0,0],"1":[0,0],"2":[0,0],"3":[0,0],"4":[0,0],"5":[0,0],"6":[0,0],"7":[0,0],"8":[0,0],"9":[0,0]},"_coverageSchema":"1a1c01bbd47fc00a2c39e90264f33305004495a9","hash":"b8ae677f70824493c4138573281dfbd87edbcd2a"}
,"C:\\Users\\pc\\Desktop\\SE2\\frontend\\src\\components\\Admin\\ManageUsers\\ManageUsersModal.jsx": {"path":"C:\\Users\\pc\\Desktop\\SE2\\frontend\\src\\components\\Admin\\ManageUsers\\ManageUsersModal.jsx","statementMap":{"0":{"start":{"line":7,"column":21},"end":{"line":7,"column":54}},"1":{"start":{"line":9,"column":19},"end":{"line":32,"column":1}},"2":{"start":{"line":17,"column":2},"end":{"line":31,"column":8}},"3":{"start":{"line":34,"column":15},"end":{"line":42,"column":1}},"4":{"start":{"line":35,"column":2},"end":{"line":41,"column":11}},"5":{"start":{"line":43,"column":0},"end":{"line":48,"column":2}},"6":{"start":{"line":49,"column":19},"end":{"line":51,"column":1}},"7":{"start":{"line":50,"column":2},"end":{"line":50,"column":35}},"8":{"start":{"line":53,"column":21},"end":{"line":74,"column":1}},"9":{"start":{"line":54,"column":55},"end":{"line":54,"column":63}},"10":{"start":{"line":55,"column":2},"end":{"line":72,"column":3}},"11":{"start":{"line":66,"column":4},"end":{"line":70,"column":7}},"12":{"start":{"line":71,"column":4},"end":{"line":71,"column":17}},"13":{"start":{"line":73,"column":2},"end":{"line":73,"column":14}},"14":{"start":{"line":76,"column":25},"end":{"line":344,"column":1}},"15":{"start":{"line":84,"column":34},"end":{"line":91,"column":4}},"16":{"start":{"line":92,"column":32},"end":{"line":92,"column":47}},"17":{"start":{"line":95,"column":20},"end":{"line":161,"column":3}},"18":{"start":{"line":105,"column":4},"end":{"line":107,"column":5}},"19":{"start":{"line":106,"column":6},"end":{"line":106,"column":13}},"20":{"start":{"line":108,"column":4},"end":{"line":108,"column":21}},"21":{"start":{"line":109,"column":4},"end":{"line":160,"column":5}},"22":{"start":{"line":111,"column":23},"end":{"line":115,"column":8}},"23":{"start":{"line":118,"column":6},"end":{"line":122,"column":9}},"24":{"start":{"line":125,"column":6},"end":{"line":125,"column":17}},"25":{"start":{"line":126,"column":6},"end":{"line":126,"column":25}},"26":{"start":{"line":127,"column":6},"end":{"line":127,"column":18}},"27":{"start":{"line":130,"column":6},"end":{"line":157,"column":7}},"28":{"start":{"line":131,"column":23},"end":{"line":131,"column":49}},"29":{"start":{"line":133,"column":30},"end":{"line":133,"column":75}},"30":{"start":{"line":133,"column":51},"end":{"line":133,"column":74}},"31":{"start":{"line":134,"column":29},"end":{"line":136,"column":31}},"32":{"start":{"line":138,"column":8},"end":{"line":142,"column":11}},"33":{"start":{"line":143,"column":13},"end":{"line":157,"column":7}},"34":{"start":{"line":145,"column":8},"end":{"line":149,"column":11}},"35":{"start":{"line":152,"column":8},"end":{"line":156,"column":11}},"36":{"start":{"line":159,"column":6},"end":{"line":159,"column":23}},"37":{"start":{"line":163,"column":20},"end":{"line":172,"column":3}},"38":{"start":{"line":164,"column":4},"end":{"line":171,"column":7}},"39":{"start":{"line":173,"column":2},"end":{"line":177,"column":15}},"40":{"start":{"line":174,"column":4},"end":{"line":176,"column":5}},"41":{"start":{"line":175,"column":6},"end":{"line":175,"column":18}},"42":{"start":{"line":179,"column":2},"end":{"line":179,"column":27}},"43":{"start":{"line":179,"column":15},"end":{"line":179,"column":27}},"44":{"start":{"line":181,"column":28},"end":{"line":184,"column":3}},"45":{"start":{"line":182,"column":28},"end":{"line":182,"column":36}},"46":{"start":{"line":183,"column":4},"end":{"line":183,"column":56}},"47":{"start":{"line":183,"column":27},"end":{"line":183,"column":53}},"48":{"start":{"line":186,"column":23},"end":{"line":218,"column":3}},"49":{"start":{"line":187,"column":4},"end":{"line":187,"column":23}},"50":{"start":{"line":189,"column":23},"end":{"line":205,"column":5}},"51":{"start":{"line":207,"column":19},"end":{"line":207,"column":35}},"52":{"start":{"line":209,"column":4},"end":{"line":217,"column":7}},"53":{"start":{"line":210,"column":46},"end":{"line":210,"column":50}},"54":{"start":{"line":220,"column":21},"end":{"line":293,"column":3}},"55":{"start":{"line":221,"column":4},"end":{"line":292,"column":5}},"56":{"start":{"line":224,"column":8},"end":{"line":279,"column":10}},"57":{"start":{"line":281,"column":8},"end":{"line":289,"column":10}},"58":{"start":{"line":291,"column":8},"end":{"line":291,"column":20}},"59":{"start":{"line":295,"column":2},"end":{"line":343,"column":4}},"60":{"start":{"line":345,"column":0},"end":{"line":352,"column":2}}},"fnMap":{"0":{"name":"(anonymous_0)","decl":{"start":{"line":9,"column":19},"end":{"line":9,"column":20}},"loc":{"start":{"line":17,"column":2},"end":{"line":31,"column":8}},"line":17},"1":{"name":"(anonymous_1)","decl":{"start":{"line":34,"column":15},"end":{"line":34,"column":16}},"loc":{"start":{"line":35,"column":2},"end":{"line":41,"column":11}},"line":35},"2":{"name":"(anonymous_2)","decl":{"start":{"line":49,"column":19},"end":{"line":49,"column":20}},"loc":{"start":{"line":49,"column":46},"end":{"line":51,"column":1}},"line":49},"3":{"name":"(anonymous_3)","decl":{"start":{"line":53,"column":21},"end":{"line":53,"column":22}},"loc":{"start":{"line":53,"column":35},"end":{"line":74,"column":1}},"line":53},"4":{"name":"(anonymous_4)","decl":{"start":{"line":76,"column":25},"end":{"line":76,"column":26}},"loc":{"start":{"line":83,"column":6},"end":{"line":344,"column":1}},"line":83},"5":{"name":"(anonymous_5)","decl":{"start":{"line":95,"column":20},"end":{"line":95,"column":21}},"loc":{"start":{"line":103,"column":8},"end":{"line":161,"column":3}},"line":103},"6":{"name":"(anonymous_6)","decl":{"start":{"line":133,"column":42},"end":{"line":133,"column":43}},"loc":{"start":{"line":133,"column":51},"end":{"line":133,"column":74}},"line":133},"7":{"name":"(anonymous_7)","decl":{"start":{"line":163,"column":20},"end":{"line":163,"column":21}},"loc":{"start":{"line":163,"column":26},"end":{"line":172,"column":3}},"line":163},"8":{"name":"(anonymous_8)","decl":{"start":{"line":173,"column":12},"end":{"line":173,"column":13}},"loc":{"start":{"line":173,"column":18},"end":{"line":177,"column":3}},"line":173},"9":{"name":"(anonymous_9)","decl":{"start":{"line":181,"column":28},"end":{"line":181,"column":29}},"loc":{"start":{"line":181,"column":35},"end":{"line":184,"column":3}},"line":181},"10":{"name":"(anonymous_10)","decl":{"start":{"line":183,"column":16},"end":{"line":183,"column":17}},"loc":{"start":{"line":183,"column":27},"end":{"line":183,"column":53}},"line":183},"11":{"name":"(anonymous_11)","decl":{"start":{"line":186,"column":23},"end":{"line":186,"column":24}},"loc":{"start":{"line":186,"column":36},"end":{"line":218,"column":3}},"line":186},"12":{"name":"(anonymous_12)","decl":{"start":{"line":210,"column":40},"end":{"line":210,"column":41}},"loc":{"start":{"line":210,"column":46},"end":{"line":210,"column":50}},"line":210},"13":{"name":"(anonymous_13)","decl":{"start":{"line":220,"column":21},"end":{"line":220,"column":22}},"loc":{"start":{"line":220,"column":27},"end":{"line":293,"column":3}},"line":220}},"branchMap":{"0":{"loc":{"start":{"line":15,"column":2},"end":{"line":15,"column":15}},"type":"default-arg","locations":[{"start":{"line":15,"column":9},"end":{"line":15,"column":15}}],"line":15},"1":{"loc":{"start":{"line":55,"column":2},"end":{"line":72,"column":3}},"type":"if","locations":[{"start":{"line":55,"column":2},"end":{"line":72,"column":3}},{"start":{},"end":{}}],"line":55},"2":{"loc":{"start":{"line":56,"column":4},"end":{"line":64,"column":8}},"type":"binary-expr","locations":[{"start":{"line":56,"column":4},"end":{"line":56,"column":13}},{"start":{"line":57,"column":4},"end":{"line":57,"column":23}},{"start":{"line":58,"column":4},"end":{"line":58,"column":13}},{"start":{"line":59,"column":4},"end":{"line":59,"column":23}},{"start":{"line":60,"column":4},"end":{"line":60,"column":10}},{"start":{"line":61,"column":4},"end":{"line":61,"column":20}},{"start":{"line":62,"column":4},"end":{"line":62,"column":13}},{"start":{"line":63,"column":4},"end":{"line":63,"column":23}},{"start":{"line":64,"column":4},"end":{"line":64,"column":8}}],"line":56},"3":{"loc":{"start":{"line":100,"column":4},"end":{"line":100,"column":19}},"type":"default-arg","locations":[{"start":{"line":100,"column":13},"end":{"line":100,"column":19}}],"line":100},"4":{"loc":{"start":{"line":105,"column":4},"end":{"line":107,"column":5}},"type":"if","locations":[{"start":{"line":105,"column":4},"end"
[...]
ne":351,"column":44}},"loc":{"start":{"line":351,"column":49},"end":{"line":351,"column":70}},"line":351},"15":{"name":"(anonymous_15)","decl":{"start":{"line":362,"column":20},"end":{"line":362,"column":21}},"loc":{"start":{"line":363,"column":2},"end":{"line":374,"column":5}},"line":363}},"branchMap":{"0":{"loc":{"start":{"line":27,"column":4},"end":{"line":33,"column":5}},"type":"if","locations":[{"start":{"line":27,"column":4},"end":{"line":33,"column":5}},{"start":{"line":29,"column":11},"end":{"line":33,"column":5}}],"line":27},"1":{"loc":{"start":{"line":29,"column":11},"end":{"line":33,"column":5}},"type":"if","locations":[{"start":{"line":29,"column":11},"end":{"line":33,"column":5}},{"start":{"line":31,"column":11},"end":{"line":33,"column":5}}],"line":29},"2":{"loc":{"start":{"line":31,"column":11},"end":{"line":33,"column":5}},"type":"if","locations":[{"start":{"line":31,"column":11},"end":{"line":33,"column":5}},{"start":{},"end":{}}],"line":31},"3":{"loc":{"start":{"line":35,"column":4},"end":{"line":37,"column":5}},"type":"if","locations":[{"start":{"line":35,"column":4},"end":{"line":37,"column":5}},{"start":{},"end":{}}],"line":35},"4":{"loc":{"start":{"line":45,"column":4},"end":{"line":51,"column":5}},"type":"if","locations":[{"start":{"line":45,"column":4},"end":{"line":51,"column":5}},{"start":{"line":47,"column":11},"end":{"line":51,"column":5}}],"line":45},"5":{"loc":{"start":{"line":47,"column":11},"end":{"line":51,"column":5}},"type":"if","locations":[{"start":{"line":47,"column":11},"end":{"line":51,"column":5}},{"start":{"line":49,"column":11},"end":{"line":51,"column":5}}],"line":47},"6":{"loc":{"start":{"line":49,"column":11},"end":{"line":51,"column":5}},"type":"if","locations":[{"start":{"line":49,"column":11},"end":{"line":51,"column":5}},{"start":{},"end":{}}],"line":49},"7":{"loc":{"start":{"line":60,"column":4},"end":{"line":62,"column":5}},"type":"if","locations":[{"start":{"line":60,"column":4},"end":{"line":62,"column":5}},{"start":{},"end":{}}],"line":60},"8":{"loc":{"start":{"line":73,"column":43},"end":{"line":73,"column":56}},"type":"default-arg","locations":[{"start":{"line":73,"column":55},"end":{"line":73,"column":56}}],"line":73},"9":{"loc":{"start":{"line":74,"column":4},"end":{"line":80,"column":5}},"type":"if","locations":[{"start":{"line":74,"column":4},"end":{"line":80,"column":5}},{"start":{"line":76,"column":11},"end":{"line":80,"column":5}}],"line":74},"10":{"loc":{"start":{"line":76,"column":11},"end":{"line":80,"column":5}},"type":"if","locations":[{"start":{"line":76,"column":11},"end":{"line":80,"column":5}},{"start":{"line":78,"column":11},"end":{"line":80,"column":5}}],"line":76},"11":{"loc":{"start":{"line":78,"column":11},"end":{"line":80,"column":5}},"type":"if","locations":[{"start":{"line":78,"column":11},"end":{"line":80,"column":5}},{"start":{},"end":{}}],"line":78},"12":{"loc":{"start":{"line":78,"column":15},"end":{"line":78,"column":69}},"type":"binary-expr","locations":[{"start":{"line":78,"column":15},"end":{"line":78,"column":39}},{"start":{"line":78,"column":43},"end":{"line":78,"column":69}}],"line":78},"13":{"loc":{"start":{"line":86,"column":4},"end":{"line":88,"column":5}},"type":"if","locations":[{"start":{"line":86,"column":4},"end":{"line":88,"column":5}},{"start":{},"end":{}}],"line":86},"14":{"loc":{"start":{"line":92,"column":4},"end":{"line":94,"column":5}},"type":"if","locations":[{"start":{"line":92,"column":4},"end":{"line":94,"column":5}},{"start":{},"end":{}}],"line":92},"15":{"loc":{"start":{"line":100,"column":4},"end":{"line":102,"column":5}},"type":"if","locations":[{"start":{"line":100,"column":4},"end":{"line":102,"column":5}},{"start":{},"end":{}}],"line":100},"16":{"loc":{"start":{"line":100,"column":8},"end":{"line":100,"column":52}},"type":"binary-expr","locations":[{"start":{"line":100,"column":8},"end":{"line":100,"column":26}},{"start":{"line":100,"column":30},"end":{"line":100,"column":52}}],"line":100},"17":{"loc":{"start":{"line":108,"column":4},"end":{"line":110,"column":5}},"type":"if","locations":[{"start":{"line":108,"column":4},"end":{"line":110,"column":5}},{"start":{},"end":{}}],"line":108},"18":{"loc":{"start":{"line":114,"column":4},"end":{"line":120,"column":5}},"type":"if","locations":[{"start":{"line":114,"column":4},"end":{"line":120,"column":5}},{"start":{},"end":{}}],"line":114},"19":{"loc":{"start":{"line":115,"column":6},"end":{"line":117,"column":74}},"type":"binary-expr","locations":[{"start":{"line":115,"column":6},"end":{"line":115,"column":14}},{"start":{"line":116,"column":7},"end":{"line":116,"column":17}},{"start":{"line":117,"column":8},"end":{"line":117,"column":73}}],"line":115},"20":{"loc":{"start":{"line":136,"column":4},"end":{"line":138,"column":5}},"type":"if","locations":[{"start":{"line":136,"column":4},"end":{"line":138,"column":5}},{"start":{},"end":{}}],"line":136},"21":{"loc":{"start":{"line":169,"column":4},"end":{"line":179,"column":5}},"type":"if","locations":[{"start":{"line":169,"column":4},"end":{"line":179,"column":5}},{"start":{"line":177,"column":11},"end":{"line":179,"column":5}}],"line":169},"22":{"loc":{"start":{"line":188,"column":23},"end":{"line":190,"column":44}},"type":"cond-expr","locations":[{"start":{"line":189,"column":10},"end":{"line":189,"column":45}},{"start":{"line":190,"column":10},"end":{"line":190,"column":44}}],"line":188},"23":{"loc":{"start":{"line":198,"column":6},"end":{"line":217,"column":7}},"type":"if","locations":[{"start":{"line":198,"column":6},"end":{"line":217,"column":7}},{"start":{"line":215,"column":13},"end":{"line":217,"column":7}}],"line":198},"24":{"loc":{"start":{"line":198,"column":10},"end":{"line":198,"column":70}},"type":"binary-expr","locations":[{"start":{"line":198,"column":10},"end":{"line":198,"column":23}},{"start":{"line":198,"column":28},"end":{"line":198,"column":46}},{"start":{"line":198,"column":50},"end":{"line":198,"column":69}}],"line":198},"25":{"loc":{"start":{"line":200,"column":13},"end":{"line":200,"column":39}},"type":"cond-expr","locations":[{"start":{"line":200,"column":23},"end":{"line":200,"column":30}},{"start":{"line":200,"column":33},"end":{"line":200,"column":39}}],"line":200},"26":{"loc":{"start":{"line":205,"column":41},"end":{"line":205,"column":67}},"type":"cond-expr","locations":[{"start":{"line":205,"column":51},"end":{"line":205,"column":58}},{"start":{"line":205,"column":61},"end":{"line":205,"column":67}}],"line":205},"27":{"loc":{"start":{"line":212,"column":12},"end":{"line":212,"column":72}},"type":"cond-expr","locations":[{"start":{"line":212,"column":33},"end":{"line":212,"column":50}},{"start":{"line":212,"column":53},"end":{"line":212,"column":72}}],"line":212},"28":{"loc":{"start":{"line":234,"column":23},"end":{"line":236,"column":47}},"type":"cond-expr","locations":[{"start":{"line":235,"column":10},"end":{"line":235,"column":48}},{"start":{"line":236,"column":10},"end":{"line":236,"column":47}}],"line":234},"29":{"loc":{"start":{"line":242,"column":11},"end":{"line":242,"column":37}},"type":"cond-expr","locations":[{"start":{"line":242,"column":21},"end":{"line":242,"column":28}},{"start":{"line":242,"column":31},"end":{"line":242,"column":37}}],"line":242},"30":{"loc":{"start":{"line":254,"column":11},"end":{"line":254,"column":68}},"type":"binary-expr","locations":[{"start":{"line":254,"column":11},"end":{"line":254,"column":40}},{"start":{"line":254,"column":44},"end":{"line":254,"column":68}}],"line":254},"31":{"loc":{"start":{"line":264,"column":16},"end":{"line":264,"column":57}},"type":"cond-expr","locations":[{"start":{"line":264,"column":29},"end":{"line":264,"column":43}},{"start":{"line":264,"column":46},"end":{"line":264,"column":57}}],"line":264},"32":{"loc":{"start":{"line":267,"column":9},"end":{"line":273,"column":24}},"type":"cond-expr","locations":[{"start":{"line":268,"column":12},"end":{"line":270,"column":33}},{"start":{"line":271,"column":12},"end":{"line":273,"column":24}}],"line":267},"33":{"loc":{"start":{"line":268,"column":12},"end":{"line":270,"column":33}},"type":"cond-expr","locations":[{"start":{"line":269,"column":14},"end":{"line":269,"column":34}},{"start":{"line":270,"column":14},"end":{"line":270,"column":33}}],"line":268},"34":{"loc":{"start":{"line":271,"column":12},"end":{"line":273,"column":24}},"type":"cond-expr","locations":[{"start":{"line":272,"column":12},"end":{"line":272,"column":25}},{"start":{"line":273,"column":12},"end":{"line":273,"column":24}}],"line":271},"35":{"loc":{"start":{"line":277,"column":7},"end":{"line":277,"column":70}},"type":"binary-expr","locations":[{"start":{"line":277,"column":7},"end":{"line":277,"column":16}},{"start":{"line":277,"column":20},"end":{"line":277,"column":70}}],"line":277},"36":{"loc":{"start":{"line":280,"column":7},"end":{"line":290,"column":7}},"type":"binary-expr","locations":[{"start":{"line":280,"column":7},"end":{"line":280,"column":26}},{"start":{"line":281,"column":8},"end":{"line":289,"column":14}}],"line":280},"37":{"loc":{"start":{"line":283,"column":12},"end":{"line":285,"column":30}},"type":"cond-expr","locations":[{"start":{"line":284,"column":16},"end":{"line":284,"column":28}},{"start":{"line":285,"column":16},"end":{"line":285,"column":30}}],"line":283},"38":{"loc":{"start":{"line":293,"column":7},"end":{"line":297,"column":7}},"type":"binary-expr","locations":[{"start":{"line":293,"column":7},"end":{"line":293,"column":19}},{"start":{"line":294,"column":8},"end":{"line":296,"column":14}}],"line":293},"39":{"loc":{"start":{"line":300,"column":7},"end":{"line":342,"column":7}},"type":"binary-expr","locations":[{"start":{"line":300,"column":7},"end":{"line":300,"column":23}},{"start":{"line":300,"column":27},"end":{"line":300,"column":50}},{"start":{"line":301,"column":8},"end":{"line":341,"column":11}}],"line":300},"40":{"loc":{"start":{"line":302,"column":11},"end":{"line":340,"column":11}},"type":"cond-expr","locations":[{"start":{"line":303,"column":12},"end":{"line":311,"column":18}},{"start":{"line":313,"column":12},"end":{"line":339,"column":18}}],"line":302},"41":{"loc":{"start":{"line":314,"column":15},"end":{"line":315,"column":77}},"type":"binary-expr","locations":[{"start":{"line":314,"column":15},"end":{"line":314,"column":25}},{"start":{"line":315,"column":16},"end":{"line":315,"column":77}}],"line":314},"42":{"loc":{"start":{"line":317,"column":16},"end":{"line":317,"column":56}},"type":"cond-expr","locations":[{"start":{"line":317,"column":29},"end":{"line":317,"column":43}},{"start":{"line":317,"column":46},"end":{"line":317,"column":56}}],"line":317},"43":{"loc":{"start":{"line":323,"column":16},"end":{"line":323,"column":56}},"type":"cond-expr","locations":[{"start":{"line":323,"column":29},"end":{"line":323,"column":43}},{"start":{"line":323,"column":46},"end":{"line":323,"column":56}}],"line":323},"44":{"loc":{"start":{"line":328,"column":15},"end":{"line":334,"column":17}},"type":"binary-expr","locations":[{"start":{"line":328,"column":15},"end":{"line":328,"column":25}},{"start":{"line":329,"column":16},"end":{"line":334,"column":17}}],"line":328},"45":{"loc":{"start":{"line":335,"column":15},"end":{"line":336,"column":68}},"type":"binary-expr","locations":[{"start":{"line":335,"column":15},"end":{"line":335,"column":25}},{"start":{"line":336,"column":16},"end":{"line":336,"column":68}}],"line":335},"46":{"loc":{"start":{"line":337,"column":15},"end":{"line":338,"column":71}},"type":"binary-expr","locations":[{"start":{"line":337,"column":15},"end":{"line":337,"column":25}},{"start":{"line":338,"column":16},"end":{"line":338,"column":71}}],"line":337},"47":{"loc":{"start":{"line":346,"column":9},"end":{"line":355,"column":9}},"type":"binary-expr","locations":[{"start":{"line":346,"column":9},"end":{"line":346,"column":25}},{"start":{"line":346,"column":29},"end":{"line":346,"column":52}},{"start":{"line":347,"column":10},"end":{"line":354,"column":13}}],"line":346},"48":{"loc":{"start":{"line":349,"column":15},"end":{"line":349,"column":48}},"type":"cond-expr","locations":[{"start":{"line":349,"column":28},"end":{"line":349,"column":38}},{"start":{"line":349,"column":41},"end":{"line":349,"column":48}}],"line":349},"49":{"loc":{"start":{"line":373,"column":5},"end":{"line":373,"column":71}},"type":"binary-expr","locations":[{"start":{"line":373,"column":5},"end":{"line":373,"column":17}},{"start":{"line":373,"column":21},"end":{"line":373,"column":71}}],"line":373}},"s":{"0":0,"1":0,"2":0,"3":0,"4":0,"5":0,"6":0,"7":0,"8":0,"9":0,"10":0,"11":0,"12":0,"13":0,"14":0,"15":0,"16":0,"17":0,"18":0,"19":0,"20":0,"21":0,"22":0,"23":0,"24":0,"25":0,"26":0,"27":0,"28":0,"29":0,"30":0,"31":0,"32":0,"33":0,"34":0,"35":0,"36":0,"37":0,"38":0,"39":0,"40":0,"41":0,"42":0,"43":0,"44":0,"45":0,"46":0,"47":0,"48":0,"49":0,"50":0,"51":0,"52":0,"53":0,"54":0,"55":0,"56":0,"57":0,"58":0,"59":0,"60":0,"61":0,"62":0,"63":0,"64":0,"65":0,"66":0,"67":0,"68":0,"69":0,"70":0,"71":0,"72":0,"73":0,"74":0,"75":0,"76":0,"77":0,"78":0,"79":0,"80":0,"81":0,"82":0,"83":0,"84":0,"85":0,"86":0,"87":0,"88":0,"89":0,"90":0,"91":0,"92":0,"93":0,"94":0,"95":0,"96":0,"97":0,"98":0,"99":0,"100":0,"101":0,"102":0,"103":0,"104":0,"105":0,"106":0,"107":0,"108":0,"109":0,"110":0,"111":0,"112":0,"113":0,"114":0,"115":0,"116":0,"117":0,"118":0,"119":0},"f":{"0":0,"1":0,"2":0,"3":0,"4":0,"5":0,"6":0,"7":0,"8":0,"9":0,"10":0,"11":0,"12":0,"13":0,"14":0,"15":0},"b":{"0":[0,0],"1":[0,0],"2":[0,0],"3":[0,0],"4":[0,0],"5":[0,0],"6":[0,0],"7":[0,0],"8":[0],"9":[0,0],"10":[0,0],"11":[0,0],"12":[0,0],"13":[0,0],"14":[0,0],"15":[0,0],"16":[0,0],"17":[0,0],"18":[0,0],"19":[0,0,0],"20":[0,0],"21":[0,0],"22":[0,0],"23":[0,0],"24":[0,0,0],"25":[0,0],"26":[0,0],"27":[0,0],"28":[0,0],"29":[0,0],"30":[0,0],"31":[0,0],"32":[0,0],"33":[0,0],"34":[0,0],"35":[0,0],"36":[0,0],"37":[0,0],"38":[0,0],"39":[0,0,0],"40":[0,0],"41":[0,0],"42":[0,0],"43":[0,0],"44":[0,0],"45":[0,0],"46":[0,0],"47":[0,0,0],"48":[0,0],"49":[0,0]}}
,"C:\\Users\\pc\\Desktop\\SE2\\frontend\\src\\components\\Login\\Login.jsx": {"path":"C:\\Users\\pc\\Desktop\\SE2\\frontend\\src\\components\\Login\\Login.jsx","statementMap":{"0":{"start":{"line":4,"column":14},"end":{"line":117,"column":1}},"1":{"start":{"line":5,"column":40},"end":{"line":5,"column":55}},"2":{"start":{"line":6,"column":32},"end":{"line":6,"column":47}},"3":{"start":{"line":7,"column":38},"end":{"line":7,"column":53}},"4":{"start":{"line":8,"column":30},"end":{"line":8,"column":42}},"5":{"start":{"line":9,"column":36},"end":{"line":9,"column":48}},"6":{"start":{"line":11,"column":22},"end":{"line":20,"column":3}},"7":{"start":{"line":12,"column":4},"end":{"line":15,"column":5}},"8":{"start":{"line":13,"column":6},"end":{"line":13,"column":20}},"9":{"start":{"line":14,"column":6},"end":{"line":14,"column":23}},"10":{"start":{"line":17,"column":4},"end":{"line":17,"column":22}},"11":{"start":{"line":18,"column":4},"end":{"line":18,"column":28}},"12":{"start":{"line":19,"column":4},"end":{"line":19,"column":46}},"13":{"start":{"line":19,"column":34},"end":{"line":19,"column":44}},"14":{"start":{"line":22,"column":2},"end":{"line":116,"column":4}},"15":{"start":{"line":48,"column":31},"end":{"line":48,"column":56}},"16":{"start":{"line":55,"column":31},"end":{"line":55,"column":55}},"17":{"start":{"line":103,"column":25},"end":{"line":103,"column":49}},"18":{"start":{"line":110,"column":25},"end":{"line":110,"column":48}}},"fnMap":{"0":{"name":"(anonymous_0)","decl":{"start":{"line":4,"column":14},"end":{"line":4,"column":15}},"loc":{"start":{"line":4,"column":20},"end":{"line":117,"column":1}},"line":4},"1":{"name":"(anonymous_1)","decl":{"start":{"line":11,"column":22},"end":{"line":11,"column":23}},"loc":{"start":{"line":11,"column":59},"end":{"line":20,"column":3}},"line":11},"2":{"name":"(anonymous_2)","decl":{"start":{"line":19,"column":19},"end":{"line":19,"column":20}},"loc":{"start":{"line":19,"column":34},"end":{"line":19,"column":44}},"line":19},"3":{"name":"(anonymous_3)","decl":{"start":{"line":48,"column":25},"end":{"line":48,"column":26}},"loc":{"start":{"line":48,"column":31},"end":{"line":48,"column":56}},"line":48},"4":{"name":"(anonymous_4)","decl":{"start":{"line":55,"column":25},"end":{"line":55,"column":26}},"loc":{"start":{"line":55,"column":31},"end":{"line":55,"column":55}},"line":55},"5":{"name":"(anonymous_5)","decl":{"start":{"line":103,"column":19},"end":{"line":103,"column":20}},"loc":{"start":{"line":103,"column":25},"end":{"line":103,"column":49}},"line":103},"6":{"name":"(anonymous_6)","decl":{"start":{"line":110,"column":19},"end":{"line":110,"column":20}},"loc":{"start":{"line":110,"column":25},"end":{"line":110,"column":48}},"line":110}},"branchMap":{"0":{"loc":{"start":{"line":11,"column":23},"end":{"line":11,"column":36}},"type":"default-arg","locations":[{"start":{"line":11,"column":31},"end":{"line":11,"column":36}}],"line":11},"1":{"loc":{"start":{"line":11,"column":38},"end":{"line":11,"column":54}},"type":"default-arg","locations":[{"start":{"line":11,"column":49},"end":{"line":11,"column":54}}],"line":11},"2":{"loc":{"start":{"line":12,"column":4},"end":{"line":15,"column":5}},"type":"if","locations":[{"start":{"line":12,"column":4},"end":{"line":15,"column":5}},{"start":{},"end":{}}],"line":12},"3":{"loc":{"start":{"line":77,"column":7},"end":{"line":91,"column":7}},"type":"binary-expr","locations":[{"start":{"line":77,"column":7},"end":{"line":77,"column":18}},{"start":{"line":78,"column":8},"end":{"line":90,"column":14}}],"line":77}},"s":{"0":0,"1":0,"2":0,"3":0,"4":0,"5":0,"6":0,"7":0,"8":0,"9":0,"10":0,"11":0,"12":0,"13":0,"14":0,"15":0,"16":0,"17":0,"18":0},"f":{"0":0,"1":0,"2":0,"3":0,"4":0,"5":0,"6":0},"b":{"0":[0],"1":[0],"2":[0,0],"3":[0,0]}}
,"C:\\Users\\pc\\Desktop\\SE2\\frontend\\src\\components\\User\\BinaryAlgo.jsx": {"path":"C:\\Users\\pc\\Desktop\\SE2\\frontend\\src\\components\\User\\BinaryAlgo.jsx","statementMap":{"0":{"start":{"line":4,"column":2},"end":{"line":142,"column":4}},"1":{"start":{"line":47,"column":16},"end":{"line":49,"column":22}},"2":{"start":{"line":61,"column":16},"end":{"line":63,"column":22}},"3":{"start":{"line":75,"column":16},"end":{"line":77,"column":22}}},"fnMap":{"0":{"name":"BinaryAlgo","decl":{"start":{"line":3,"column":24},"end":{"line":3,"column":34}},"loc":{"start":{"line":3,"column":37},"end":{"line":143,"column":1}},"line":3},"1":{"name":"(anonymous_1)","decl":{"start":{"line":46,"column":41},"end":{"line":46,"column":42}},"loc":{"start":{"line":47,"column":16},"end":{"line":49,"column":22}},"line":47},"2":{"name":"(anonymous_2)","decl":{"start":{"line":60,"column":41},"end":{"line":60,"column":42}},"loc":{"start":{"line":61,"column":16},"end":{"line":63,"column":22}},"line":61},"3":{"name":"(anonymous_3)","decl":{"start":{"line":74,"column":41},"end":{"line":74,"column":42}},"loc":{"start":{"line":75,"column":16},"end":{"line":77,"column":22}},"line":75}},"branchMap":{},"s":{"0":0,"1":0,"2":0,"3":0},"f":{"0":0,"1":0,"2":0,"3":0},"b":{}}
,"C:\\Users\\pc\\Desktop\\SE2\\frontend\\src\\components\\User\\SortingAlgo.jsx": {"path":"C:\\Users\\pc\\Desktop\\SE2\\frontend\\src\\components\\User\\SortingAlgo.jsx","statementMap":{"0":{"start":{"line":4,"column":2},"end":{"line":4,"column":32}}},"fnMap":{"0":{"name":"SortingAlgo","decl":{"start":{"line":3,"column":24},"end":{"line":3,"column":35}},"loc":{"start":{"line":3,"column":38},"end":{"line":5,"column":1}},"line":3}},"branchMap":{},"s":{"0":0},"f":{"0":0},"b":{}}
,"C:\\Users\\pc\\Desktop\\SE2\\frontend\\src\\components\\User\\UserDashboard.jsx": {"path":"C:\\Users\\pc\\Desktop\\SE2\\frontend\\src\\components\\User\\UserDashboard.jsx","statementMap":{"0":{"start":{"line":4,"column":2},"end":{"line":4,"column":34}}},"fnMap":{"0":{"name":"UserDashboard","decl":{"start":{"line":3,"column":24},"end":{"line":3,"column":37}},"loc":{"start":{"line":3,"column":40},"end":{"line":5,"column":1}},"line":3}},"branchMap":{},"s":{"0":0},"f":{"0":0},"b":{}}
}
