TN:
SF:src\App.jsx
FN:8,App
FNF:1
FNH:0
FNDA:0,App
DA:9,0
LF:1
LH:0
BRF:0
BRH:0
end_of_record
TN:
SF:src\ProtectedRoute.jsx
FN:5,(anonymous_0)
FN:6,(anonymous_1)
FN:10,(anonymous_2)
FNF:3
FNH:0
FNDA:0,(anonymous_0)
FNDA:0,(anonymous_1)
FNDA:0,(anonymous_2)
DA:5,0
DA:6,0
DA:7,0
DA:10,0
DA:11,0
DA:14,0
DA:15,0
DA:18,0
DA:21,0
DA:22,0
DA:25,0
LF:11
LH:0
BRDA:14,0,0,0
BRDA:14,0,1,0
BRDA:21,1,0,0
BRDA:21,1,1,0
BRF:4
BRH:0
end_of_record
TN:
SF:src\main.jsx
FNF:0
FNH:0
DA:9,0
LF:1
LH:0
BRF:0
BRH:0
end_of_record
TN:
SF:src\components\Admin\AdminDashboard.jsx
FN:27,(anonymous_0)
FN:47,(anonymous_1)
FN:56,AdminDashboard
FN:76,(anonymous_3)
FN:77,(anonymous_4)
FN:81,(anonymous_5)
FN:82,(anonymous_6)
FN:83,(anonymous_7)
FN:84,(anonymous_8)
FN:106,(anonymous_9)
FN:107,(anonymous_10)
FN:197,(anonymous_11)
FN:297,(anonymous_12)
FNF:13
FNH:0
FNDA:0,(anonymous_0)
FNDA:0,(anonymous_1)
FNDA:0,AdminDashboard
FNDA:0,(anonymous_3)
FNDA:0,(anonymous_4)
FNDA:0,(anonymous_5)
FNDA:0,(anonymous_6)
FNDA:0,(anonymous_7)
FNDA:0,(anonymous_8)
FNDA:0,(anonymous_9)
FNDA:0,(anonymous_10)
FNDA:0,(anonymous_11)
FNDA:0,(anonymous_12)
DA:27,0
DA:28,0
DA:47,0
DA:48,0
DA:57,0
DA:64,0
DA:72,0
DA:73,0
DA:74,0
DA:76,0
DA:77,0
DA:78,0
DA:80,0
DA:81,0
DA:82,0
DA:83,0
DA:84,0
DA:87,0
DA:96,0
DA:98,0
DA:99,0
DA:103,0
DA:106,0
DA:107,0
DA:108,0
DA:110,0
DA:112,0
DA:114,0
DA:116,0
DA:117,0
DA:118,0
DA:119,0
DA:120,0
DA:121,0
DA:124,0
DA:129,0
DA:136,0
DA:138,0
DA:139,0
DA:143,0
DA:146,0
DA:147,0
DA:154,0
DA:161,0
DA:197,0
DA:298,0
LF:46
LH:0
BRDA:34,0,0,0
BRDA:34,0,1,0
BRDA:146,1,0,0
BRDA:146,1,1,0
BRF:4
BRH:0
end_of_record
TN:
SF:src\components\Admin\AdminPages.jsx
FN:8,AdminPages
FNF:1
FNH:0
FNDA:0,AdminPages
DA:9,0
LF:1
LH:0
BRF:0
BRH:0
end_of_record
TN:
SF:src\components\Admin\AdminSidebar.jsx
FN:15,(anonymous_0)
FN:23,(anonymous_1)
FN:28,(anonymous_2)
FN:53,(anonymous_3)
FN:58,(anonymous_4)
FN:88,(anonymous_5)
FN:104,(anonymous_6)
FN:130,(anonymous_7)
FN:167,(anonymous_8)
FN:242,(anonymous_9)
FN:269,(anonymous_10)
FN:270,(anonymous_11)
FN:271,(anonymous_12)
FN:278,(anonymous_13)
FN:311,(anonymous_14)
FNF:15
FNH:0
FNDA:0,(anonymous_0)
FNDA:0,(anonymous_1)
FNDA:0,(anonymous_2)
FNDA:0,(anonymous_3)
FNDA:0,(anonymous_4)
FNDA:0,(anonymous_5)
FNDA:0,(anonymous_6)
FNDA:0,(anonymous_7)
FNDA:0,(anonymous_8)
FNDA:0,(anonymous_9)
FNDA:0,(anonymous_10)
FNDA:0,(anonymous_11)
FNDA:0,(anonymous_12)
FNDA:0,(anonymous_13)
FNDA:0,(anonymous_14)
DA:15,0
DA:16,0
DA:17,0
DA:18,0
DA:19,0
DA:20,0
DA:21,0
DA:22,0
DA:23,0
DA:24,0
DA:25,0
DA:28,0
DA:29,0
DA:30,0
DA:31,0
DA:32,0
DA:38,0
DA:41,0
DA:42,0
DA:46,0
DA:47,0
DA:48,0
DA:51,0
DA:53,0
DA:54,0
DA:58,0
DA:59,0
DA:60,0
DA:72,0
DA:73,0
DA:76,0
DA:77,0
DA:78,0
DA:80,0
DA:89,0
DA:93,0
DA:94,0
DA:104,0
DA:105,0
DA:108,0
DA:130,0
DA:131,0
DA:132,0
DA:135,0
DA:136,0
DA:137,0
DA:144,0
DA:148,0
DA:149,0
DA:156,0
DA:160,0
DA:168,0
DA:172,0
DA:173,0
DA:174,0
DA:176,0
DA:177,0
DA:187,0
DA:189,0
DA:195,0
DA:205,0
DA:206,0
DA:215,0
DA:242,0
DA:269,0
DA:270,0
DA:271,0
DA:279,0
DA:312,0
DA:313,0
LF:70
LH:0
BRDA:31,0,0,0
BRDA:31,0,1,0
BRDA:47,1,0,0
BRDA:47,1,1,0
BRDA:72,2,0,0
BRDA:72,2,1,0
BRDA:132,3,0,0
BRDA:132,3,1,0
BRDA:136,4,0,0
BRDA:136,4,1,0
BRDA:148,5,0,0
BRDA:148,5,1,0
BRDA:190,6,0,0
BRDA:190,6,1,0
BRDA:223,7,0,0
BRDA:223,7,1,0
BRDA:239,8,0,0
BRDA:239,8,1,0
BRDA:249,9,0,0
BRDA:249,9,1,0
BRDA:275,10,0,0
BRDA:275,10,1,0
BRDA:287,11,0,0
BRDA:287,11,1,0
BRDA:307,12,0,0
BRDA:307,12,1,0
BRDA:322,13,0,0
BRDA:322,13,1,0
BRDA:328,14,0,0
BRDA:328,14,1,0
BRDA:333,15,0,0
BRDA:333,15,1,0
BRDA:338,16,0,0
BRDA:338,16,1,0
BRF:34
BRH:0
end_of_record
TN:
SF:src\components\Admin\DashboardManager.jsx
FN:14,(anonymous_0)
FN:23,(anonymous_1)
FN:23,(anonymous_2)
FN:31,(anonymous_3)
FN:40,(anonymous_4)
FN:57,(anonymous_5)
FN:60,(anonymous_6)
FN:62,(anonymous_7)
FN:82,(anonymous_8)
FN:91,(anonymous_9)
FN:94,(anonymous_10)
FN:117,(anonymous_11)
FN:122,(anonymous_12)
FN:138,(anonymous_13)
FN:167,(anonymous_14)
FN:175,(anonymous_15)
FN:210,(anonymous_16)
FN:216,(anonymous_17)
FN:221,(anonymous_18)
FN:227,(anonymous_19)
FNF:20
FNH:0
FNDA:0,(anonymous_0)
FNDA:0,(anonymous_1)
FNDA:0,(anonymous_2)
FNDA:0,(anonymous_3)
FNDA:0,(anonymous_4)
FNDA:0,(anonymous_5)
FNDA:0,(anonymous_6)
FNDA:0,(anonymous_7)
FNDA:0,(anonymous_8)
FNDA:0,(anonymous_9)
FNDA:0,(anonymous_10)
FNDA:0,(anonymous_11)
FNDA:0,(anonymous_12)
FNDA:0,(anonymous_13)
FNDA:0,(anonymous_14)
FNDA:0,(anonymous_15)
FNDA:0,(anonymous_16)
FNDA:0,(anonymous_17)
FNDA:0,(anonymous_18)
FNDA:0,(anonymous_19)
DA:14,0
DA:15,0
DA:23,0
DA:24,0
DA:31,0
DA:40,0
DA:41,0
DA:57,0
DA:58,0
DA:60,0
DA:61,0
DA:62,0
DA:65,0
DA:82,0
DA:83,0
DA:92,0
DA:94,0
DA:118,0
DA:123,0
DA:139,0
DA:167,0
DA:178,0
DA:210,0
DA:216,0
DA:221,0
DA:227,0
DA:247,0
DA:262,0
DA:266,0
DA:270,0
DA:279,0
DA:284,0
LF:32
LH:0
BRDA:23,0,0,0
BRDA:23,1,0,0
BRDA:40,2,0,0
BRDA:44,3,0,0
BRDA:44,3,1,0
BRDA:46,4,0,0
BRDA:46,4,1,0
BRDA:73,5,0,0
BRDA:73,5,1,0
BRDA:96,6,0,0
BRDA:96,6,1,0
BRDA:97,7,0,0
BRDA:97,7,1,0
BRDA:101,8,0,0
BRDA:101,8,1,0
BRDA:103,9,0,0
BRDA:103,9,1,0
BRDA:116,10,0,0
BRDA:116,10,1,0
BRDA:127,11,0,0
BRDA:127,11,1,0
BRDA:129,12,0,0
BRDA:129,12,1,0
BRDA:133,13,0,0
BRDA:133,13,1,0
BRDA:170,14,0,0
BRDA:171,15,0,0
BRDA:174,16,0,0
BRDA:175,17,0,0
BRDA:198,18,0,0
BRDA:198,18,1,0
BRF:31
BRH:0
end_of_record
TN:
SF:src\components\Admin\ManageAdmins\ManageAdmins.jsx
FN:7,(anonymous_0)
FN:18,(anonymous_1)
FN:23,(anonymous_2)
FN:27,(anonymous_3)
FN:31,(anonymous_4)
FN:61,(anonymous_5)
FN:65,(anonymous_6)
FN:69,(anonymous_7)
FN:73,(anonymous_8)
FN:77,(anonymous_9)
FN:78,(anonymous_10)
FN:80,(anonymous_11)
FN:88,(anonymous_12)
FN:91,(anonymous_13)
FN:108,(anonymous_14)
FN:112,(anonymous_15)
FN:113,(anonymous_16)
FNF:17
FNH:0
FNDA:0,(anonymous_0)
FNDA:0,(anonymous_1)
FNDA:0,(anonymous_2)
FNDA:0,(anonymous_3)
FNDA:0,(anonymous_4)
FNDA:0,(anonymous_5)
FNDA:0,(anonymous_6)
FNDA:0,(anonymous_7)
FNDA:0,(anonymous_8)
FNDA:0,(anonymous_9)
FNDA:0,(anonymous_10)
FNDA:0,(anonymous_11)
FNDA:0,(anonymous_12)
FNDA:0,(anonymous_13)
FNDA:0,(anonymous_14)
FNDA:0,(anonymous_15)
FNDA:0,(anonymous_16)
DA:7,0
DA:8,0
DA:9,0
DA:10,0
DA:11,0
DA:12,0
DA:13,0
DA:14,0
DA:18,0
DA:19,0
DA:20,0
DA:23,0
DA:24,0
DA:27,0
DA:28,0
DA:29,0
DA:30,0
DA:31,0
DA:53,0
DA:55,0
DA:57,0
DA:61,0
DA:62,0
DA:65,0
DA:66,0
DA:69,0
DA:70,0
DA:73,0
DA:74,0
DA:77,0
DA:78,0
DA:79,0
DA:81,0
DA:88,0
DA:89,0
DA:90,0
DA:91,0
DA:92,0
DA:93,0
DA:95,0
DA:96,0
DA:98,0
DA:99,0
DA:101,0
DA:104,0
DA:108,0
DA:109,0
DA:112,0
DA:113,0
DA:122,0
DA:123,0
DA:130,0
DA:131,0
DA:139,0
LF:54
LH:0
BRDA:42,0,0,0
BRDA:42,0,1,0
BRDA:81,1,0,0
BRDA:81,1,1,0
BRDA:90,2,0,0
BRDA:90,2,1,0
BRDA:95,3,0,0
BRDA:95,3,1,0
BRDA:96,4,0,0
BRDA:96,4,1,0
BRDA:98,5,0,0
BRDA:98,5,1,0
BRDA:99,6,0,0
BRDA:99,6,1,0
BRDA:116,7,0,0
BRDA:116,7,1,0
BRDA:116,8,0,0
BRDA:116,8,1,0
BRDA:122,9,0,0
BRDA:122,9,1,0
BRDA:130,10,0,0
BRDA:130,10,1,0
BRF:22
BRH:0
end_of_record
TN:
SF:src\components\Admin\ManageAdmins\ManageAdminsModal.jsx
FN:11,(anonymous_0)
FN:82,(anonymous_1)
FN:147,(anonymous_2)
FN:157,(anonymous_3)
FN:177,(anonymous_4)
FN:181,(anonymous_5)
FN:194,(anonymous_6)
FN:206,(anonymous_7)
FN:224,(anonymous_8)
FN:233,(anonymous_9)
FN:235,(anonymous_10)
FN:239,(anonymous_11)
FN:245,(anonymous_12)
FN:247,(anonymous_13)
FN:248,(anonymous_14)
FN:254,(anonymous_15)
FN:259,(anonymous_16)
FN:343,(anonymous_17)
FNF:18
FNH:0
FNDA:0,(anonymous_0)
FNDA:0,(anonymous_1)
FNDA:0,(anonymous_2)
FNDA:0,(anonymous_3)
FNDA:0,(anonymous_4)
FNDA:0,(anonymous_5)
FNDA:0,(anonymous_6)
FNDA:0,(anonymous_7)
FNDA:0,(anonymous_8)
FNDA:0,(anonymous_9)
FNDA:0,(anonymous_10)
FNDA:0,(anonymous_11)
FNDA:0,(anonymous_12)
FNDA:0,(anonymous_13)
FNDA:0,(anonymous_14)
FNDA:0,(anonymous_15)
FNDA:0,(anonymous_16)
FNDA:0,(anonymous_17)
DA:8,0
DA:11,0
DA:12,0
DA:14,0
DA:15,0
DA:16,0
DA:17,0
DA:18,0
DA:19,0
DA:22,0
DA:23,0
DA:24,0
DA:25,0
DA:26,0
DA:29,0
DA:30,0
DA:31,0
DA:32,0
DA:33,0
DA:34,0
DA:37,0
DA:39,0
DA:40,0
DA:41,0
DA:44,0
DA:45,0
DA:46,0
DA:47,0
DA:48,0
DA:49,0
DA:50,0
DA:51,0
DA:52,0
DA:53,0
DA:54,0
DA:55,0
DA:58,0
DA:59,0
DA:60,0
DA:62,0
DA:63,0
DA:66,0
DA:67,0
DA:68,0
DA:72,0
DA:74,0
DA:75,0
DA:78,0
DA:82,0
DA:93,0
DA:147,0
DA:148,0
DA:157,0
DA:165,0
DA:173,0
DA:174,0
DA:175,0
DA:176,0
DA:177,0
DA:178,0
DA:181,0
DA:182,0
DA:190,0
DA:191,0
DA:194,0
DA:195,0
DA:198,0
DA:199,0
DA:200,0
DA:201,0
DA:202,0
DA:206,0
DA:208,0
DA:209,0
DA:213,0
DA:214,0
DA:217,0
DA:218,0
DA:221,0
DA:222,0
DA:224,0
DA:225,0
DA:226,0
DA:230,0
DA:233,0
DA:234,0
DA:235,0
DA:238,0
DA:239,0
DA:245,0
DA:246,0
DA:247,0
DA:248,0
DA:254,0
DA:255,0
DA:258,0
DA:259,0
DA:265,0
DA:267,0
DA:268,0
DA:278,0
DA:281,0
DA:283,0
DA:301,0
DA:303,0
DA:304,0
DA:310,0
DA:321,0
DA:322,0
DA:323,0
DA:325,0
DA:338,0
DA:343,0
DA:344,0
DA:347,0
DA:419,0
DA:429,0
DA:433,0
DA:477,0
DA:485,0
DA:491,0
LF:121
LH:0
BRDA:12,0,0,0
BRDA:12,0,1,0
BRDA:12,0,2,0
BRDA:12,0,3,0
BRDA:12,0,4,0
BRDA:12,0,5,0
BRDA:12,0,6,0
BRDA:14,1,0,0
BRDA:14,1,1,0
BRDA:15,2,0,0
BRDA:15,2,1,0
BRDA:16,3,0,0
BRDA:16,3,1,0
BRDA:18,4,0,0
BRDA:18,4,1,0
BRDA:22,5,0,0
BRDA:22,5,1,0
BRDA:23,6,0,0
BRDA:23,6,1,0
BRDA:24,7,0,0
BRDA:24,7,1,0
BRDA:29,8,0,0
BRDA:29,8,1,0
BRDA:30,9,0,0
BRDA:30,9,1,0
BRDA:31,10,0,0
BRDA:31,10,1,0
BRDA:32,11,0,0
BRDA:32,11,1,0
BRDA:37,12,0,0
BRDA:37,12,1,0
BRDA:40,13,0,0
BRDA:40,13,1,0
BRDA:44,14,0,0
BRDA:44,14,1,0
BRDA:44,15,0,0
BRDA:44,15,1,0
BRDA:45,16,0,0
BRDA:45,16,1,0
BRDA:46,17,0,0
BRDA:46,17,1,0
BRDA:47,18,0,0
BRDA:47,18,1,0
BRDA:49,19,0,0
BRDA:49,19,1,0
BRDA:51,20,0,0
BRDA:51,20,1,0
BRDA:53,21,0,0
BRDA:53,21,1,0
BRDA:58,22,0,0
BRDA:58,22,1,0
BRDA:62,23,0,0
BRDA:62,23,1,0
BRDA:63,24,0,0
BRDA:63,24,1,0
BRDA:68,25,0,0
BRDA:68,25,1,0
BRDA:69,26,0,0
BRDA:69,26,1,0
BRDA:69,26,2,0
BRDA:74,27,0,0
BRDA:74,27,1,0
BRDA:88,28,0,0
BRDA:101,29,0,0
BRDA:101,29,1,0
BRDA:112,30,0,0
BRDA:112,30,1,0
BRDA:112,31,0,0
BRDA:112,31,1,0
BRDA:119,32,0,0
BRDA:119,32,1,0
BRDA:127,33,0,0
BRDA:127,33,1,0
BRDA:131,34,0,0
BRDA:131,34,1,0
BRDA:137,35,0,0
BRDA:137,35,1,0
BRDA:198,36,0,0
BRDA:198,36,1,0
BRDA:200,37,0,0
BRDA:200,37,1,0
BRDA:208,38,0,0
BRDA:208,38,1,0
BRDA:208,39,0,0
BRDA:208,39,1,0
BRDA:208,39,2,0
BRDA:213,40,0,0
BRDA:213,40,1,0
BRDA:213,41,0,0
BRDA:213,41,1,0
BRDA:218,42,0,0
BRDA:218,42,1,0
BRDA:225,43,0,0
BRDA:225,43,1,0
BRDA:230,44,0,0
BRDA:230,44,1,0
BRDA:238,45,0,0
BRDA:238,45,1,0
BRDA:267,46,0,0
BRDA:267,46,1,0
BRDA:333,47,0,0
BRDA:333,47,1,0
BRDA:344,48,0,0
BRDA:344,48,1,0
BRDA:344,48,2,0
BRDA:344,48,3,0
BRDA:349,49,0,0
BRDA:349,49,1,0
BRDA:449,50,0,0
BRDA:449,50,1,0
BRDA:460,51,0,0
BRDA:460,51,1,0
BRF:112
BRH:0
end_of_record
TN:
SF:src\components\Admin\ManageQuiz\ManageQuizzes.jsx
FN:7,(anonymous_0)
FN:18,(anonymous_1)
FN:23,(anonymous_2)
FN:27,(anonymous_3)
FN:31,(anonymous_4)
FN:48,(anonymous_5)
FN:52,(anonymous_6)
FN:56,(anonymous_7)
FN:60,(anonymous_8)
FN:64,(anonymous_9)
FN:65,(anonymous_10)
FN:67,(anonymous_11)
FN:75,(anonymous_12)
FN:78,(anonymous_13)
FN:95,(anonymous_14)
FN:99,(anonymous_15)
FN:100,(anonymous_16)
FNF:17
FNH:0
FNDA:0,(anonymous_0)
FNDA:0,(anonymous_1)
FNDA:0,(anonymous_2)
FNDA:0,(anonymous_3)
FNDA:0,(anonymous_4)
FNDA:0,(anonymous_5)
FNDA:0,(anonymous_6)
FNDA:0,(anonymous_7)
FNDA:0,(anonymous_8)
FNDA:0,(anonymous_9)
FNDA:0,(anonymous_10)
FNDA:0,(anonymous_11)
FNDA:0,(anonymous_12)
FNDA:0,(anonymous_13)
FNDA:0,(anonymous_14)
FNDA:0,(anonymous_15)
FNDA:0,(anonymous_16)
DA:7,0
DA:8,0
DA:9,0
DA:10,0
DA:11,0
DA:12,0
DA:13,0
DA:14,0
DA:18,0
DA:19,0
DA:20,0
DA:23,0
DA:24,0
DA:27,0
DA:28,0
DA:29,0
DA:30,0
DA:31,0
DA:40,0
DA:42,0
DA:44,0
DA:48,0
DA:49,0
DA:52,0
DA:53,0
DA:56,0
DA:57,0
DA:60,0
DA:61,0
DA:64,0
DA:65,0
DA:66,0
DA:68,0
DA:75,0
DA:76,0
DA:77,0
DA:78,0
DA:79,0
DA:80,0
DA:82,0
DA:83,0
DA:85,0
DA:86,0
DA:88,0
DA:91,0
DA:95,0
DA:96,0
DA:99,0
DA:100,0
DA:109,0
DA:110,0
DA:117,0
DA:118,0
DA:126,0
LF:54
LH:0
BRDA:68,0,0,0
BRDA:68,0,1,0
BRDA:77,1,0,0
BRDA:77,1,1,0
BRDA:79,2,0,0
BRDA:79,2,1,0
BRDA:80,3,0,0
BRDA:80,3,1,0
BRDA:82,4,0,0
BRDA:82,4,1,0
BRDA:83,5,0,0
BRDA:83,5,1,0
BRDA:85,6,0,0
BRDA:85,6,1,0
BRDA:86,7,0,0
BRDA:86,7,1,0
BRDA:103,8,0,0
BRDA:103,8,1,0
BRDA:103,9,0,0
BRDA:103,9,1,0
BRDA:109,10,0,0
BRDA:109,10,1,0
BRDA:117,11,0,0
BRDA:117,11,1,0
BRF:24
BRH:0
end_of_record
TN:
SF:src\components\Admin\ManageQuiz\ManageQuizzesModal.jsx
FN:9,(anonymous_0)
FN:42,(anonymous_1)
FN:92,(anonymous_2)
FN:138,(anonymous_3)
FN:147,(anonymous_4)
FN:166,(anonymous_5)
FN:179,(anonymous_6)
FN:181,(anonymous_7)
FN:190,(anonymous_8)
FN:198,(anonymous_9)
FN:200,(anonymous_10)
FN:204,(anonymous_11)
FN:210,(anonymous_12)
FN:212,(anonymous_13)
FN:213,(anonymous_14)
FN:219,(anonymous_15)
FN:224,(anonymous_16)
FN:305,(anonymous_17)
FNF:18
FNH:0
FNDA:0,(anonymous_0)
FNDA:0,(anonymous_1)
FNDA:0,(anonymous_2)
FNDA:0,(anonymous_3)
FNDA:0,(anonymous_4)
FNDA:0,(anonymous_5)
FNDA:0,(anonymous_6)
FNDA:0,(anonymous_7)
FNDA:0,(anonymous_8)
FNDA:0,(anonymous_9)
FNDA:0,(anonymous_10)
FNDA:0,(anonymous_11)
FNDA:0,(anonymous_12)
FNDA:0,(anonymous_13)
FNDA:0,(anonymous_14)
FNDA:0,(anonymous_15)
FNDA:0,(anonymous_16)
FNDA:0,(anonymous_17)
DA:7,0
DA:9,0
DA:10,0
DA:12,0
DA:13,0
DA:14,0
DA:15,0
DA:16,0
DA:17,0
DA:19,0
DA:20,0
DA:21,0
DA:22,0
DA:24,0
DA:25,0
DA:26,0
DA:28,0
DA:29,0
DA:30,0
DA:32,0
DA:33,0
DA:34,0
DA:36,0
DA:37,0
DA:39,0
DA:42,0
DA:51,0
DA:92,0
DA:100,0
DA:138,0
DA:139,0
DA:147,0
DA:155,0
DA:163,0
DA:164,0
DA:165,0
DA:166,0
DA:167,0
DA:175,0
DA:176,0
DA:179,0
DA:180,0
DA:181,0
DA:182,0
DA:183,0
DA:184,0
DA:187,0
DA:188,0
DA:190,0
DA:191,0
DA:192,0
DA:196,0
DA:198,0
DA:199,0
DA:200,0
DA:203,0
DA:204,0
DA:210,0
DA:211,0
DA:212,0
DA:213,0
DA:219,0
DA:220,0
DA:223,0
DA:224,0
DA:230,0
DA:232,0
DA:233,0
DA:243,0
DA:246,0
DA:248,0
DA:266,0
DA:268,0
DA:269,0
DA:275,0
DA:286,0
DA:287,0
DA:288,0
DA:290,0
DA:301,0
DA:305,0
DA:306,0
DA:309,0
DA:400,0
DA:412,0
DA:416,0
DA:461,0
DA:469,0
DA:476,0
DA:486,0
LF:90
LH:0
BRDA:10,0,0,0
BRDA:10,0,1,0
BRDA:10,0,2,0
BRDA:10,0,3,0
BRDA:10,0,4,0
BRDA:10,0,5,0
BRDA:10,0,6,0
BRDA:12,1,0,0
BRDA:12,1,1,0
BRDA:13,2,0,0
BRDA:13,2,1,0
BRDA:14,3,0,0
BRDA:14,3,1,0
BRDA:16,4,0,0
BRDA:16,4,1,0
BRDA:19,5,0,0
BRDA:19,5,1,0
BRDA:20,6,0,0
BRDA:20,6,1,0
BRDA:21,7,0,0
BRDA:21,7,1,0
BRDA:24,8,0,0
BRDA:24,8,1,0
BRDA:25,9,0,0
BRDA:25,9,1,0
BRDA:28,10,0,0
BRDA:28,10,1,0
BRDA:29,11,0,0
BRDA:29,11,1,0
BRDA:32,12,0,0
BRDA:32,12,1,0
BRDA:33,13,0,0
BRDA:33,13,1,0
BRDA:36,14,0,0
BRDA:36,14,1,0
BRDA:48,15,0,0
BRDA:59,16,0,0
BRDA:59,16,1,0
BRDA:76,17,0,0
BRDA:76,17,1,0
BRDA:84,18,0,0
BRDA:84,18,1,0
BRDA:108,19,0,0
BRDA:108,19,1,0
BRDA:122,20,0,0
BRDA:122,20,1,0
BRDA:130,21,0,0
BRDA:130,21,1,0
BRDA:182,22,0,0
BRDA:182,22,1,0
BRDA:182,23,0,0
BRDA:182,23,1,0
BRDA:184,24,0,0
BRDA:184,24,1,0
BRDA:191,25,0,0
BRDA:191,25,1,0
BRDA:196,26,0,0
BRDA:196,26,1,0
BRDA:203,27,0,0
BRDA:203,27,1,0
BRDA:232,28,0,0
BRDA:232,28,1,0
BRDA:297,29,0,0
BRDA:297,29,1,0
BRDA:306,30,0,0
BRDA:306,30,1,0
BRDA:306,30,2,0
BRDA:306,30,3,0
BRDA:311,31,0,0
BRDA:311,31,1,0
BRDA:366,32,0,0
BRDA:366,32,1,0
BRDA:386,33,0,0
BRDA:386,33,1,0
BRDA:432,34,0,0
BRDA:432,34,1,0
BRDA:443,35,0,0
BRDA:443,35,1,0
BRF:78
BRH:0
end_of_record
TN:
SF:src\components\Admin\ManageUsers\ManageUsers.jsx
FN:7,(anonymous_0)
FN:18,(anonymous_1)
FN:23,(anonymous_2)
FN:27,(anonymous_3)
FN:32,(anonymous_4)
FN:64,(anonymous_5)
FN:68,(anonymous_6)
FN:72,(anonymous_7)
FN:76,(anonymous_8)
FN:80,(anonymous_9)
FN:81,(anonymous_10)
FN:83,(anonymous_11)
FN:91,(anonymous_12)
FN:94,(anonymous_13)
FN:111,(anonymous_14)
FN:115,(anonymous_15)
FN:116,(anonymous_16)
FNF:17
FNH:0
FNDA:0,(anonymous_0)
FNDA:0,(anonymous_1)
FNDA:0,(anonymous_2)
FNDA:0,(anonymous_3)
FNDA:0,(anonymous_4)
FNDA:0,(anonymous_5)
FNDA:0,(anonymous_6)
FNDA:0,(anonymous_7)
FNDA:0,(anonymous_8)
FNDA:0,(anonymous_9)
FNDA:0,(anonymous_10)
FNDA:0,(anonymous_11)
FNDA:0,(anonymous_12)
FNDA:0,(anonymous_13)
FNDA:0,(anonymous_14)
FNDA:0,(anonymous_15)
FNDA:0,(anonymous_16)
DA:7,0
DA:8,0
DA:9,0
DA:10,0
DA:11,0
DA:12,0
DA:13,0
DA:14,0
DA:18,0
DA:19,0
DA:20,0
DA:23,0
DA:24,0
DA:27,0
DA:28,0
DA:29,0
DA:30,0
DA:32,0
DA:54,0
DA:56,0
DA:58,0
DA:60,0
DA:64,0
DA:65,0
DA:68,0
DA:69,0
DA:72,0
DA:73,0
DA:76,0
DA:77,0
DA:80,0
DA:81,0
DA:82,0
DA:84,0
DA:91,0
DA:92,0
DA:93,0
DA:94,0
DA:95,0
DA:96,0
DA:98,0
DA:99,0
DA:101,0
DA:102,0
DA:104,0
DA:107,0
DA:111,0
DA:112,0
DA:115,0
DA:116,0
DA:125,0
DA:126,0
DA:137,0
DA:138,0
DA:146,0
LF:55
LH:0
BRDA:44,0,0,0
BRDA:44,0,1,0
BRDA:84,1,0,0
BRDA:84,1,1,0
BRDA:93,2,0,0
BRDA:93,2,1,0
BRDA:98,3,0,0
BRDA:98,3,1,0
BRDA:99,4,0,0
BRDA:99,4,1,0
BRDA:101,5,0,0
BRDA:101,5,1,0
BRDA:102,6,0,0
BRDA:102,6,1,0
BRDA:119,7,0,0
BRDA:119,7,1,0
BRDA:119,8,0,0
BRDA:119,8,1,0
BRDA:125,9,0,0
BRDA:125,9,1,0
BRDA:137,10,0,0
BRDA:137,10,1,0
BRF:22
BRH:0
end_of_record
TN:
SF:src\components\Admin\ManageUsers\ManageUsersModal.jsx
FN:12,(anonymous_0)
FN:83,(anonymous_1)
FN:149,(anonymous_2)
FN:159,(anonymous_3)
FN:179,(anonymous_4)
FN:183,(anonymous_5)
FN:196,(anonymous_6)
FN:208,(anonymous_7)
FN:226,(anonymous_8)
FN:235,(anonymous_9)
FN:237,(anonymous_10)
FN:241,(anonymous_11)
FN:247,(anonymous_12)
FN:249,(anonymous_13)
FN:250,(anonymous_14)
FN:256,(anonymous_15)
FN:261,(anonymous_16)
FN:345,(anonymous_17)
FNF:18
FNH:12
FNDA:21,(anonymous_0)
FNDA:192,(anonymous_1)
FNDA:0,(anonymous_2)
FNDA:40,(anonymous_3)
FNDA:0,(anonymous_4)
FNDA:2,(anonymous_5)
FNDA:4,(anonymous_6)
FNDA:24,(anonymous_7)
FNDA:9,(anonymous_8)
FNDA:24,(anonymous_9)
FNDA:24,(anonymous_10)
FNDA:0,(anonymous_11)
FNDA:0,(anonymous_12)
FNDA:0,(anonymous_13)
FNDA:0,(anonymous_14)
FNDA:4,(anonymous_15)
FNDA:24,(anonymous_16)
FNDA:37,(anonymous_17)
DA:9,1
DA:12,1
DA:13,21
DA:15,1
DA:16,1
DA:17,1
DA:18,0
DA:19,1
DA:20,1
DA:23,4
DA:24,4
DA:25,4
DA:26,0
DA:27,4
DA:30,4
DA:31,4
DA:32,3
DA:33,3
DA:34,0
DA:35,3
DA:38,4
DA:40,4
DA:41,4
DA:42,4
DA:45,4
DA:46,4
DA:47,4
DA:48,3
DA:49,0
DA:50,3
DA:51,0
DA:52,3
DA:53,0
DA:54,3
DA:55,0
DA:56,3
DA:59,4
DA:60,4
DA:61,4
DA:63,4
DA:64,4
DA:67,4
DA:68,4
DA:69,4
DA:73,0
DA:75,4
DA:76,4
DA:79,0
DA:83,1
DA:94,192
DA:149,1
DA:150,0
DA:159,1
DA:167,40
DA:175,40
DA:176,40
DA:177,40
DA:178,40
DA:179,40
DA:180,0
DA:183,40
DA:184,2
DA:192,2
DA:193,2
DA:196,40
DA:197,4
DA:200,4
DA:201,0
DA:202,0
DA:203,0
DA:204,0
DA:208,4
DA:210,24
DA:211,0
DA:215,24
DA:216,3
DA:219,21
DA:220,21
DA:223,4
DA:224,4
DA:226,40
DA:227,9
DA:228,0
DA:232,40
DA:235,40
DA:236,24
DA:237,24
DA:240,24
DA:241,0
DA:247,40
DA:248,0
DA:249,0
DA:250,0
DA:256,40
DA:257,4
DA:260,4
DA:261,24
DA:267,4
DA:269,4
DA:270,1
DA:280,1
DA:283,3
DA:285,3
DA:303,3
DA:305,3
DA:306,3
DA:312,2
DA:323,2
DA:324,2
DA:325,2
DA:327,1
DA:340,3
DA:345,40
DA:346,37
DA:349,36
DA:421,1
DA:431,0
DA:435,40
DA:484,1
DA:492,1
DA:498,1
LF:121
LH:99
BRDA:13,0,0,1
BRDA:13,0,1,4
BRDA:13,0,2,4
BRDA:13,0,3,4
BRDA:13,0,4,4
BRDA:13,0,5,4
BRDA:13,0,6,0
BRDA:15,1,0,0
BRDA:15,1,1,1
BRDA:16,2,0,0
BRDA:16,2,1,1
BRDA:17,3,0,0
BRDA:17,3,1,1
BRDA:19,4,0,0
BRDA:19,4,1,1
BRDA:23,5,0,0
BRDA:23,5,1,4
BRDA:24,6,0,0
BRDA:24,6,1,4
BRDA:25,7,0,0
BRDA:25,7,1,4
BRDA:30,8,0,0
BRDA:30,8,1,4
BRDA:31,9,0,1
BRDA:31,9,1,3
BRDA:32,10,0,0
BRDA:32,10,1,3
BRDA:33,11,0,0
BRDA:33,11,1,3
BRDA:38,12,0,0
BRDA:38,12,1,4
BRDA:41,13,0,0
BRDA:41,13,1,4
BRDA:45,14,0,0
BRDA:45,14,1,4
BRDA:45,15,0,4
BRDA:45,15,1,1
BRDA:46,16,0,0
BRDA:46,16,1,4
BRDA:47,17,0,1
BRDA:47,17,1,3
BRDA:48,18,0,0
BRDA:48,18,1,3
BRDA:50,19,0,0
BRDA:50,19,1,3
BRDA:52,20,0,0
BRDA:52,20,1,3
BRDA:54,21,0,0
BRDA:54,21,1,3
BRDA:59,22,0,0
BRDA:59,22,1,4
BRDA:63,23,0,0
BRDA:63,23,1,4
BRDA:64,24,0,0
BRDA:64,24,1,4
BRDA:69,25,0,0
BRDA:69,25,1,4
BRDA:70,26,0,4
BRDA:70,26,1,4
BRDA:70,26,2,0
BRDA:75,27,0,0
BRDA:75,27,1,4
BRDA:89,28,0,84
BRDA:102,29,0,192
BRDA:102,29,1,2
BRDA:114,30,0,36
BRDA:114,30,1,156
BRDA:114,31,0,0
BRDA:114,31,1,36
BRDA:121,32,0,2
BRDA:121,32,1,190
BRDA:129,33,0,2
BRDA:129,33,1,190
BRDA:133,34,0,192
BRDA:133,34,1,36
BRDA:139,35,0,0
BRDA:139,35,1,36
BRDA:200,36,0,0
BRDA:200,36,1,4
BRDA:202,37,0,0
BRDA:202,37,1,0
BRDA:210,38,0,0
BRDA:210,38,1,24
BRDA:210,39,0,24
BRDA:210,39,1,6
BRDA:210,39,2,1
BRDA:215,40,0,3
BRDA:215,40,1,21
BRDA:215,41,0,24
BRDA:215,41,1,18
BRDA:220,42,0,2
BRDA:220,42,1,19
BRDA:227,43,0,0
BRDA:227,43,1,9
BRDA:232,44,0,0
BRDA:232,44,1,40
BRDA:240,45,0,0
BRDA:240,45,1,24
BRDA:269,46,0,1
BRDA:269,46,1,3
BRDA:335,47,0,1
BRDA:335,47,1,0
BRDA:346,48,0,25
BRDA:346,48,1,36
BRDA:346,48,2,1
BRDA:346,48,3,0
BRDA:351,49,0,36
BRDA:351,49,1,11
BRDA:455,50,0,3
BRDA:455,50,1,37
BRDA:467,51,0,1
BRDA:467,51,1,36
BRF:112
BRH:76
end_of_record
TN:
SF:src\components\Login\Admin\AdminLogin.jsx
FN:19,(anonymous_0)
FN:77,(anonymous_1)
FN:100,(anonymous_2)
FN:106,(anonymous_3)
FN:110,(anonymous_4)
FN:115,(anonymous_5)
FN:135,(anonymous_6)
FN:140,(anonymous_7)
FN:148,(anonymous_8)
FN:158,(anonymous_9)
FN:170,(anonymous_10)
FN:178,(anonymous_11)
FN:205,(anonymous_12)
FN:208,(anonymous_13)
FN:263,(anonymous_14)
FN:270,(anonymous_15)
FN:271,(anonymous_16)
FN:273,(anonymous_17)
FN:285,(anonymous_18)
FN:327,(anonymous_19)
FN:338,(anonymous_20)
FN:396,(anonymous_21)
FN:448,(anonymous_22)
FN:454,(anonymous_23)
FNF:24
FNH:0
FNDA:0,(anonymous_0)
FNDA:0,(anonymous_1)
FNDA:0,(anonymous_2)
FNDA:0,(anonymous_3)
FNDA:0,(anonymous_4)
FNDA:0,(anonymous_5)
FNDA:0,(anonymous_6)
FNDA:0,(anonymous_7)
FNDA:0,(anonymous_8)
FNDA:0,(anonymous_9)
FNDA:0,(anonymous_10)
FNDA:0,(anonymous_11)
FNDA:0,(anonymous_12)
FNDA:0,(anonymous_13)
FNDA:0,(anonymous_14)
FNDA:0,(anonymous_15)
FNDA:0,(anonymous_16)
FNDA:0,(anonymous_17)
FNDA:0,(anonymous_18)
FNDA:0,(anonymous_19)
FNDA:0,(anonymous_20)
FNDA:0,(anonymous_21)
FNDA:0,(anonymous_22)
FNDA:0,(anonymous_23)
DA:19,0
DA:32,0
DA:34,0
DA:77,0
DA:78,0
DA:79,0
DA:80,0
DA:81,0
DA:83,0
DA:85,0
DA:86,0
DA:94,0
DA:95,0
DA:96,0
DA:97,0
DA:98,0
DA:99,0
DA:100,0
DA:101,0
DA:102,0
DA:103,0
DA:106,0
DA:107,0
DA:108,0
DA:110,0
DA:111,0
DA:115,0
DA:116,0
DA:117,0
DA:125,0
DA:126,0
DA:127,0
DA:128,0
DA:130,0
DA:131,0
DA:132,0
DA:135,0
DA:136,0
DA:140,0
DA:141,0
DA:142,0
DA:143,0
DA:145,0
DA:148,0
DA:149,0
DA:152,0
DA:157,0
DA:158,0
DA:159,0
DA:165,0
DA:168,0
DA:169,0
DA:170,0
DA:173,0
DA:174,0
DA:175,0
DA:177,0
DA:178,0
DA:184,0
DA:185,0
DA:187,0
DA:189,0
DA:193,0
DA:194,0
DA:195,0
DA:196,0
DA:197,0
DA:206,0
DA:209,0
DA:212,0
DA:214,0
DA:224,0
DA:226,0
DA:228,0
DA:232,0
DA:234,0
DA:238,0
DA:240,0
DA:244,0
DA:246,0
DA:250,0
DA:253,0
DA:258,0
DA:263,0
DA:264,0
DA:270,0
DA:271,0
DA:273,0
DA:274,0
DA:286,0
DA:287,0
DA:292,0
DA:327,0
DA:338,0
DA:342,0
DA:397,0
DA:449,0
DA:454,0
LF:98
LH:0
BRDA:20,0,0,0
BRDA:39,1,0,0
BRDA:39,1,1,0
BRDA:45,2,0,0
BRDA:45,2,1,0
BRDA:45,3,0,0
BRDA:45,3,1,0
BRDA:51,4,0,0
BRDA:51,4,1,0
BRDA:52,5,0,0
BRDA:52,5,1,0
BRDA:54,6,0,0
BRDA:54,6,1,0
BRDA:54,7,0,0
BRDA:54,7,1,0
BRDA:57,8,0,0
BRDA:57,8,1,0
BRDA:63,9,0,0
BRDA:63,9,1,0
BRDA:72,10,0,0
BRDA:72,10,1,0
BRDA:72,10,2,0
BRDA:102,11,0,0
BRDA:102,11,1,0
BRDA:131,12,0,0
BRDA:131,12,1,0
BRDA:142,13,0,0
BRDA:142,13,1,0
BRDA:152,14,0,0
BRDA:152,14,1,0
BRDA:162,15,0,0
BRDA:162,15,1,0
BRDA:165,16,0,0
BRDA:165,16,1,0
BRDA:173,17,0,0
BRDA:173,17,1,0
BRDA:184,18,0,0
BRDA:184,18,1,0
BRDA:187,19,0,0
BRDA:187,19,1,0
BRDA:224,20,0,0
BRDA:224,20,1,0
BRDA:226,21,0,0
BRDA:226,21,1,0
BRDA:226,21,2,0
BRDA:226,21,3,0
BRDA:229,22,0,0
BRDA:229,22,1,0
BRDA:230,23,0,0
BRDA:230,23,1,0
BRDA:235,24,0,0
BRDA:235,24,1,0
BRDA:241,25,0,0
BRDA:241,25,1,0
BRDA:247,26,0,0
BRDA:247,26,1,0
BRDA:286,27,0,0
BRDA:286,27,1,0
BRDA:293,28,0,0
BRDA:293,28,1,0
BRDA:329,29,0,0
BRDA:329,29,1,0
BRDA:422,30,0,0
BRDA:422,30,1,0
BRDA:429,31,0,0
BRDA:429,31,1,0
BRDA:433,32,0,0
BRDA:433,32,1,0
BRDA:436,33,0,0
BRDA:436,33,1,0
BRDA:460,34,0,0
BRDA:460,34,1,0
BRDA:479,35,0,0
BRDA:479,35,1,0
BRDA:482,36,0,0
BRDA:482,36,1,0
BRDA:492,37,0,0
BRDA:492,37,1,0
BRDA:497,38,0,0
BRDA:497,38,1,0
BRF:80
BRH:0
end_of_record
TN:
SF:src\components\Login\Admin\admin-validation.js
FN:2,(anonymous_0)
FNF:1
FNH:0
FNDA:0,(anonymous_0)
DA:2,0
DA:3,0
DA:5,0
DA:6,0
DA:7,0
DA:8,0
DA:9,0
DA:12,0
DA:13,0
DA:14,0
DA:15,0
DA:16,0
DA:17,0
DA:18,0
DA:19,0
DA:20,0
DA:21,0
DA:22,0
DA:25,0
DA:26,0
DA:27,0
DA:28,0
DA:32,0
DA:35,0
DA:36,0
DA:37,0
DA:38,0
DA:39,0
DA:40,0
DA:41,0
DA:42,0
DA:43,0
DA:44,0
DA:46,0
DA:49,0
DA:50,0
DA:51,0
DA:54,0
DA:55,0
DA:56,0
DA:57,0
DA:60,0
LF:42
LH:0
BRDA:2,0,0,0
BRDA:2,1,0,0
BRDA:3,2,0,0
BRDA:3,2,1,0
BRDA:3,2,2,0
BRDA:3,2,3,0
BRDA:3,2,4,0
BRDA:3,2,5,0
BRDA:3,2,6,0
BRDA:5,3,0,0
BRDA:5,3,1,0
BRDA:6,4,0,0
BRDA:6,4,1,0
BRDA:7,5,0,0
BRDA:7,5,1,0
BRDA:12,6,0,0
BRDA:12,6,1,0
BRDA:13,7,0,0
BRDA:13,7,1,0
BRDA:14,8,0,0
BRDA:14,8,1,0
BRDA:16,9,0,0
BRDA:16,9,1,0
BRDA:17,10,0,0
BRDA:17,10,1,0
BRDA:19,11,0,0
BRDA:19,11,1,0
BRDA:21,12,0,0
BRDA:21,12,1,0
BRDA:25,13,0,0
BRDA:25,13,1,0
BRDA:26,14,0,0
BRDA:26,14,1,0
BRDA:32,15,0,0
BRDA:32,15,1,0
BRDA:35,16,0,0
BRDA:35,16,1,0
BRDA:36,17,0,0
BRDA:36,17,1,0
BRDA:37,18,0,0
BRDA:37,18,1,0
BRDA:39,19,0,0
BRDA:39,19,1,0
BRDA:41,20,0,0
BRDA:41,20,1,0
BRDA:43,21,0,0
BRDA:43,21,1,0
BRDA:49,22,0,0
BRDA:49,22,1,0
BRDA:50,23,0,0
BRDA:50,23,1,0
BRDA:54,24,0,0
BRDA:54,24,1,0
BRDA:56,25,0,0
BRDA:56,25,1,0
BRF:55
BRH:0
end_of_record
TN:
SF:src\components\Login\User\Forms.jsx
FN:10,(anonymous_0)
FN:37,(anonymous_1)
FN:38,(anonymous_2)
FN:42,(anonymous_3)
FN:64,(anonymous_4)
FN:70,(anonymous_5)
FN:81,(anonymous_6)
FN:94,(anonymous_7)
FN:108,(anonymous_8)
FN:128,(anonymous_9)
FN:161,(anonymous_10)
FN:185,(anonymous_11)
FN:189,(anonymous_12)
FN:223,(anonymous_13)
FN:224,(anonymous_14)
FN:225,(anonymous_15)
FN:232,(anonymous_16)
FN:253,(anonymous_17)
FN:270,(anonymous_18)
FNF:19
FNH:0
FNDA:0,(anonymous_0)
FNDA:0,(anonymous_1)
FNDA:0,(anonymous_2)
FNDA:0,(anonymous_3)
FNDA:0,(anonymous_4)
FNDA:0,(anonymous_5)
FNDA:0,(anonymous_6)
FNDA:0,(anonymous_7)
FNDA:0,(anonymous_8)
FNDA:0,(anonymous_9)
FNDA:0,(anonymous_10)
FNDA:0,(anonymous_11)
FNDA:0,(anonymous_12)
FNDA:0,(anonymous_13)
FNDA:0,(anonymous_14)
FNDA:0,(anonymous_15)
FNDA:0,(anonymous_16)
FNDA:0,(anonymous_17)
FNDA:0,(anonymous_18)
DA:10,0
DA:18,0
DA:19,0
DA:20,0
DA:21,0
DA:22,0
DA:23,0
DA:24,0
DA:25,0
DA:26,0
DA:27,0
DA:36,0
DA:38,0
DA:42,0
DA:43,0
DA:44,0
DA:45,0
DA:46,0
DA:50,0
DA:51,0
DA:52,0
DA:53,0
DA:54,0
DA:55,0
DA:56,0
DA:61,0
DA:63,0
DA:64,0
DA:65,0
DA:68,0
DA:70,0
DA:71,0
DA:74,0
DA:75,0
DA:77,0
DA:81,0
DA:82,0
DA:83,0
DA:84,0
DA:85,0
DA:92,0
DA:93,0
DA:94,0
DA:95,0
DA:98,0
DA:99,0
DA:104,0
DA:107,0
DA:109,0
DA:110,0
DA:111,0
DA:112,0
DA:126,0
DA:128,0
DA:129,0
DA:130,0
DA:134,0
DA:135,0
DA:136,0
DA:137,0
DA:139,0
DA:141,0
DA:143,0
DA:146,0
DA:149,0
DA:161,0
DA:163,0
DA:173,0
DA:174,0
DA:177,0
DA:180,0
DA:181,0
DA:182,0
DA:183,0
DA:185,0
DA:186,0
DA:188,0
DA:191,0
DA:193,0
DA:223,0
DA:225,0
DA:232,0
DA:244,0
DA:253,0
DA:254,0
DA:255,0
DA:260,0
DA:262,0
DA:270,0
DA:395,0
LF:90
LH:0
BRDA:50,0,0,0
BRDA:50,0,1,0
BRDA:50,1,0,0
BRDA:50,1,1,0
BRDA:55,2,0,0
BRDA:55,2,1,0
BRDA:101,3,0,0
BRDA:101,3,1,0
BRDA:115,4,0,0
BRDA:115,4,1,0
BRDA:129,5,0,0
BRDA:129,5,1,0
BRDA:134,6,0,0
BRDA:134,6,1,0
BRDA:136,7,0,0
BRDA:136,7,1,0
BRDA:191,8,0,0
BRDA:191,8,1,0
BRDA:200,9,0,0
BRDA:200,9,1,0
BRDA:200,9,2,0
BRDA:216,10,0,0
BRDA:216,10,1,0
BRDA:216,11,0,0
BRDA:216,11,1,0
BRDA:219,12,0,0
BRDA:219,12,1,0
BRDA:219,13,0,0
BRDA:219,13,1,0
BRDA:228,14,0,0
BRDA:228,14,1,0
BRDA:234,15,0,0
BRDA:234,15,1,0
BRDA:244,16,0,0
BRDA:244,16,1,0
BRDA:245,17,0,0
BRDA:245,17,1,0
BRDA:245,17,2,0
BRDA:245,17,3,0
BRDA:245,17,4,0
BRDA:245,17,5,0
BRDA:251,18,0,0
BRDA:251,18,1,0
BRDA:253,19,0,0
BRDA:279,20,0,0
BRDA:279,20,1,0
BRDA:283,21,0,0
BRDA:283,21,1,0
BRDA:286,22,0,0
BRDA:286,22,1,0
BRDA:292,23,0,0
BRDA:292,23,1,0
BRDA:301,24,0,0
BRDA:301,24,1,0
BRDA:310,25,0,0
BRDA:310,25,1,0
BRDA:317,26,0,0
BRDA:317,26,1,0
BRDA:317,26,2,0
BRDA:319,27,0,0
BRDA:319,27,1,0
BRDA:325,28,0,0
BRDA:325,28,1,0
BRDA:347,29,0,0
BRDA:347,29,1,0
BRDA:381,30,0,0
BRDA:381,30,1,0
BRDA:381,30,2,0
BRDA:384,31,0,0
BRDA:384,31,1,0
BRDA:387,32,0,0
BRDA:387,32,1,0
BRF:72
BRH:0
end_of_record
TN:
SF:src\components\Login\User\UserLogin.jsx
FN:87,(anonymous_0)
FN:110,(anonymous_1)
FN:147,(anonymous_2)
FN:157,(anonymous_3)
FN:164,(anonymous_4)
FN:172,(anonymous_5)
FN:178,(anonymous_6)
FN:180,(anonymous_7)
FN:189,(anonymous_8)
FN:193,(anonymous_9)
FN:194,(anonymous_10)
FN:197,(anonymous_11)
FN:201,(anonymous_12)
FN:219,(anonymous_13)
FN:219,(anonymous_14)
FN:240,(anonymous_15)
FN:278,(anonymous_16)
FN:285,(anonymous_17)
FN:315,(anonymous_18)
FN:331,(anonymous_19)
FNF:20
FNH:0
FNDA:0,(anonymous_0)
FNDA:0,(anonymous_1)
FNDA:0,(anonymous_2)
FNDA:0,(anonymous_3)
FNDA:0,(anonymous_4)
FNDA:0,(anonymous_5)
FNDA:0,(anonymous_6)
FNDA:0,(anonymous_7)
FNDA:0,(anonymous_8)
FNDA:0,(anonymous_9)
FNDA:0,(anonymous_10)
FNDA:0,(anonymous_11)
FNDA:0,(anonymous_12)
FNDA:0,(anonymous_13)
FNDA:0,(anonymous_14)
FNDA:0,(anonymous_15)
FNDA:0,(anonymous_16)
FNDA:0,(anonymous_17)
FNDA:0,(anonymous_18)
FNDA:0,(anonymous_19)
DA:9,0
DA:28,0
DA:64,0
DA:87,0
DA:95,0
DA:111,0
DA:147,0
DA:148,0
DA:149,0
DA:150,0
DA:151,0
DA:152,0
DA:153,0
DA:154,0
DA:155,0
DA:157,0
DA:158,0
DA:161,0
DA:162,0
DA:164,0
DA:165,0
DA:166,0
DA:167,0
DA:172,0
DA:173,0
DA:174,0
DA:178,0
DA:179,0
DA:180,0
DA:181,0
DA:182,0
DA:183,0
DA:185,0
DA:189,0
DA:190,0
DA:191,0
DA:193,0
DA:194,0
DA:197,0
DA:198,0
DA:199,0
DA:201,0
DA:202,0
DA:205,0
DA:219,0
DA:241,0
DA:278,0
DA:285,0
DA:316,0
DA:332,0
LF:50
LH:0
BRDA:96,0,0,0
BRDA:96,0,1,0
BRDA:108,1,0,0
BRDA:108,1,1,0
BRDA:121,2,0,0
BRDA:121,2,1,0
BRDA:165,3,0,0
BRDA:165,3,1,0
BRDA:173,4,0,0
BRDA:173,4,1,0
BRDA:178,5,0,0
BRDA:181,6,0,0
BRDA:181,6,1,0
BRDA:190,7,0,0
BRDA:190,7,1,0
BRDA:190,8,0,0
BRDA:190,8,1,0
BRDA:209,9,0,0
BRDA:209,9,1,0
BRDA:223,10,0,0
BRDA:223,10,1,0
BRDA:296,11,0,0
BRDA:296,11,1,0
BRF:23
BRH:0
end_of_record
TN:
SF:src\components\Login\User\validation.js
FN:1,(anonymous_0)
FNF:1
FNH:0
FNDA:0,(anonymous_0)
DA:1,0
DA:2,0
DA:4,0
DA:5,0
DA:6,0
DA:7,0
DA:8,0
DA:9,0
DA:11,0
DA:13,0
DA:14,0
DA:15,0
DA:16,0
DA:17,0
DA:18,0
DA:19,0
DA:20,0
DA:21,0
DA:22,0
DA:23,0
DA:24,0
DA:25,0
DA:26,0
DA:27,0
DA:28,0
DA:30,0
DA:32,0
DA:33,0
DA:34,0
DA:35,0
DA:37,0
DA:39,0
DA:40,0
DA:42,0
DA:44,0
DA:45,0
DA:46,0
DA:48,0
DA:49,0
DA:50,0
DA:52,0
DA:53,0
DA:54,0
DA:55,0
DA:57,0
DA:59,0
DA:60,0
DA:62,0
DA:63,0
DA:64,0
DA:65,0
DA:70,0
DA:72,0
DA:74,0
DA:77,0
LF:55
LH:0
BRDA:2,0,0,0
BRDA:2,0,1,0
BRDA:2,0,2,0
BRDA:2,0,3,0
BRDA:2,0,4,0
BRDA:2,0,5,0
BRDA:2,0,6,0
BRDA:4,1,0,0
BRDA:4,1,1,0
BRDA:6,2,0,0
BRDA:6,2,1,0
BRDA:8,3,0,0
BRDA:8,3,1,0
BRDA:13,4,0,0
BRDA:13,4,1,0
BRDA:15,5,0,0
BRDA:15,5,1,0
BRDA:17,6,0,0
BRDA:17,6,1,0
BRDA:19,7,0,0
BRDA:19,7,1,0
BRDA:21,8,0,0
BRDA:21,8,1,0
BRDA:23,9,0,0
BRDA:23,9,1,0
BRDA:25,10,0,0
BRDA:25,10,1,0
BRDA:27,11,0,0
BRDA:27,11,1,0
BRDA:32,12,0,0
BRDA:32,12,1,0
BRDA:34,13,0,0
BRDA:34,13,1,0
BRDA:39,14,0,0
BRDA:39,14,1,0
BRDA:45,15,0,0
BRDA:45,15,1,0
BRDA:49,16,0,0
BRDA:49,16,1,0
BRDA:54,17,0,0
BRDA:54,17,1,0
BRDA:54,18,0,0
BRDA:54,18,1,0
BRDA:59,19,0,0
BRDA:59,19,1,0
BRDA:65,20,0,0
BRDA:65,20,1,0
BRDA:66,21,0,0
BRDA:66,21,1,0
BRDA:66,21,2,0
BRF:50
BRH:0
end_of_record
TN:
SF:src\components\Login\User\components\ProfileCard.jsx
FN:3,ProfileCard
FNF:1
FNH:0
FNDA:0,ProfileCard
DA:4,0
LF:1
LH:0
BRF:0
BRH:0
end_of_record
TN:
SF:src\components\User\Sidebar.jsx
FN:28,(anonymous_0)
FN:31,(anonymous_1)
FN:32,(anonymous_2)
FN:48,(anonymous_3)
FN:50,(anonymous_4)
FN:53,(anonymous_5)
FN:56,(anonymous_6)
FN:90,(anonymous_7)
FN:99,(anonymous_8)
FN:102,(anonymous_9)
FN:111,(anonymous_10)
FN:138,(anonymous_11)
FN:142,(anonymous_12)
FN:154,Sidebar
FN:172,(anonymous_14)
FN:181,(anonymous_15)
FN:184,(anonymous_16)
FN:188,(anonymous_17)
FN:199,(anonymous_18)
FN:213,(anonymous_19)
FN:220,(anonymous_20)
FN:227,(anonymous_21)
FN:233,(anonymous_22)
FN:239,(anonymous_23)
FN:245,(anonymous_24)
FN:257,(anonymous_25)
FN:261,(anonymous_26)
FN:267,(anonymous_27)
FN:276,(anonymous_28)
FN:278,(anonymous_29)
FN:281,(anonymous_30)
FN:288,(anonymous_31)
FN:289,(anonymous_32)
FN:296,(anonymous_33)
FN:302,(anonymous_34)
FN:303,(anonymous_35)
FN:323,(anonymous_36)
FN:397,(anonymous_37)
FN:405,(anonymous_38)
FNF:39
FNH:0
FNDA:0,(anonymous_0)
FNDA:0,(anonymous_1)
FNDA:0,(anonymous_2)
FNDA:0,(anonymous_3)
FNDA:0,(anonymous_4)
FNDA:0,(anonymous_5)
FNDA:0,(anonymous_6)
FNDA:0,(anonymous_7)
FNDA:0,(anonymous_8)
FNDA:0,(anonymous_9)
FNDA:0,(anonymous_10)
FNDA:0,(anonymous_11)
FNDA:0,(anonymous_12)
FNDA:0,Sidebar
FNDA:0,(anonymous_14)
FNDA:0,(anonymous_15)
FNDA:0,(anonymous_16)
FNDA:0,(anonymous_17)
FNDA:0,(anonymous_18)
FNDA:0,(anonymous_19)
FNDA:0,(anonymous_20)
FNDA:0,(anonymous_21)
FNDA:0,(anonymous_22)
FNDA:0,(anonymous_23)
FNDA:0,(anonymous_24)
FNDA:0,(anonymous_25)
FNDA:0,(anonymous_26)
FNDA:0,(anonymous_27)
FNDA:0,(anonymous_28)
FNDA:0,(anonymous_29)
FNDA:0,(anonymous_30)
FNDA:0,(anonymous_31)
FNDA:0,(anonymous_32)
FNDA:0,(anonymous_33)
FNDA:0,(anonymous_34)
FNDA:0,(anonymous_35)
FNDA:0,(anonymous_36)
FNDA:0,(anonymous_37)
FNDA:0,(anonymous_38)
DA:8,0
DA:18,0
DA:28,0
DA:29,0
DA:31,0
DA:32,0
DA:33,0
DA:34,0
DA:35,0
DA:36,0
DA:38,0
DA:42,0
DA:45,0
DA:48,0
DA:49,0
DA:50,0
DA:53,0
DA:55,0
DA:56,0
DA:59,0
DA:90,0
DA:99,0
DA:100,0
DA:101,0
DA:103,0
DA:108,0
DA:111,0
DA:139,0
DA:142,0
DA:162,0
DA:163,0
DA:164,0
DA:165,0
DA:166,0
DA:167,0
DA:168,0
DA:169,0
DA:170,0
DA:172,0
DA:173,0
DA:174,0
DA:175,0
DA:176,0
DA:178,0
DA:181,0
DA:182,0
DA:184,0
DA:185,0
DA:188,0
DA:189,0
DA:190,0
DA:191,0
DA:192,0
DA:196,0
DA:199,0
DA:200,0
DA:203,0
DA:206,0
DA:207,0
DA:209,0
DA:213,0
DA:214,0
DA:215,0
DA:219,0
DA:220,0
DA:228,0
DA:234,0
DA:240,0
DA:246,0
DA:257,0
DA:262,0
DA:267,0
DA:275,0
DA:277,0
DA:279,0
DA:281,0
DA:288,0
DA:289,0
DA:295,0
DA:297,0
DA:302,0
DA:303,0
DA:304,0
DA:306,0
DA:324,0
DA:325,0
DA:330,0
DA:398,0
DA:406,0
DA:427,0
DA:441,0
DA:459,0
LF:92
LH:0
BRDA:50,0,0,0
BRDA:50,0,1,0
BRDA:55,1,0,0
BRDA:55,1,1,0
BRDA:56,2,0,0
BRDA:56,2,1,0
BRDA:62,3,0,0
BRDA:62,3,1,0
BRDA:66,4,0,0
BRDA:66,4,1,0
BRDA:71,5,0,0
BRDA:71,5,1,0
BRDA:77,6,0,0
BRDA:77,6,1,0
BRDA:100,7,0,0
BRDA:100,7,1,0
BRDA:100,8,0,0
BRDA:100,8,1,0
BRDA:100,8,2,0
BRDA:103,9,0,0
BRDA:103,9,1,0
BRDA:115,10,0,0
BRDA:115,10,1,0
BRDA:125,11,0,0
BRDA:125,11,1,0
BRDA:136,12,0,0
BRDA:136,12,1,0
BRDA:191,13,0,0
BRDA:191,13,1,0
BRDA:200,14,0,0
BRDA:200,14,1,0
BRDA:214,15,0,0
BRDA:214,15,1,0
BRDA:324,16,0,0
BRDA:324,16,1,0
BRDA:385,17,0,0
BRDA:385,17,1,0
BRF:37
BRH:0
end_of_record
TN:
SF:src\components\User\UserContext.jsx
FN:5,(anonymous_0)
FN:9,(anonymous_1)
FN:21,(anonymous_2)
FN:22,(anonymous_3)
FN:25,(anonymous_4)
FN:33,(anonymous_5)
FN:37,(anonymous_6)
FN:45,(anonymous_7)
FN:46,(anonymous_8)
FN:62,(anonymous_9)
FNF:10
FNH:0
FNDA:0,(anonymous_0)
FNDA:0,(anonymous_1)
FNDA:0,(anonymous_2)
FNDA:0,(anonymous_3)
FNDA:0,(anonymous_4)
FNDA:0,(anonymous_5)
FNDA:0,(anonymous_6)
FNDA:0,(anonymous_7)
FNDA:0,(anonymous_8)
FNDA:0,(anonymous_9)
DA:3,0
DA:5,0
DA:6,0
DA:9,0
DA:10,0
DA:15,0
DA:16,0
DA:21,0
DA:22,0
DA:23,0
DA:24,0
DA:25,0
DA:32,0
DA:33,0
DA:37,0
DA:38,0
DA:39,0
DA:40,0
DA:41,0
DA:45,0
DA:46,0
DA:51,0
DA:52,0
DA:53,0
DA:55,0
DA:62,0
LF:26
LH:0
BRDA:13,0,0,0
BRDA:13,0,1,0
BRDA:15,1,0,0
BRDA:15,1,1,0
BRDA:23,2,0,0
BRDA:23,2,1,0
BRDA:24,3,0,0
BRDA:24,3,1,0
BRDA:51,4,0,0
BRDA:51,4,1,0
BRDA:52,5,0,0
BRDA:52,5,1,0
BRDA:53,6,0,0
BRDA:53,6,1,0
BRF:14
BRH:0
end_of_record
TN:
SF:src\components\User\UserDashboard.jsx
FN:15,UserDashboard
FN:39,(anonymous_1)
FN:40,(anonymous_2)
FN:71,(anonymous_3)
FN:75,(anonymous_4)
FN:78,(anonymous_5)
FN:83,(anonymous_6)
FN:88,(anonymous_7)
FN:96,(anonymous_8)
FN:97,(anonymous_9)
FN:106,(anonymous_10)
FN:107,(anonymous_11)
FN:119,(anonymous_12)
FN:122,(anonymous_13)
FN:122,(anonymous_14)
FN:124,(anonymous_15)
FN:126,(anonymous_16)
FN:148,(anonymous_17)
FN:151,(anonymous_18)
FN:154,(anonymous_19)
FN:167,(anonymous_20)
FN:190,(anonymous_21)
FN:199,(anonymous_22)
FN:217,(anonymous_23)
FN:242,(anonymous_24)
FN:246,(anonymous_25)
FN:275,(anonymous_26)
FN:312,(anonymous_27)
FN:332,(anonymous_28)
FN:378,(anonymous_29)
FN:386,(anonymous_30)
FN:394,(anonymous_31)
FN:399,(anonymous_32)
FN:409,(anonymous_33)
FN:417,(anonymous_34)
FN:420,(anonymous_35)
FN:423,(anonymous_36)
FN:427,(anonymous_37)
FN:430,(anonymous_38)
FN:450,(anonymous_39)
FN:465,(anonymous_40)
FN:517,(anonymous_41)
FN:521,(anonymous_42)
FN:525,(anonymous_43)
FNF:44
FNH:0
FNDA:0,UserDashboard
FNDA:0,(anonymous_1)
FNDA:0,(anonymous_2)
FNDA:0,(anonymous_3)
FNDA:0,(anonymous_4)
FNDA:0,(anonymous_5)
FNDA:0,(anonymous_6)
FNDA:0,(anonymous_7)
FNDA:0,(anonymous_8)
FNDA:0,(anonymous_9)
FNDA:0,(anonymous_10)
FNDA:0,(anonymous_11)
FNDA:0,(anonymous_12)
FNDA:0,(anonymous_13)
FNDA:0,(anonymous_14)
FNDA:0,(anonymous_15)
FNDA:0,(anonymous_16)
FNDA:0,(anonymous_17)
FNDA:0,(anonymous_18)
FNDA:0,(anonymous_19)
FNDA:0,(anonymous_20)
FNDA:0,(anonymous_21)
FNDA:0,(anonymous_22)
FNDA:0,(anonymous_23)
FNDA:0,(anonymous_24)
FNDA:0,(anonymous_25)
FNDA:0,(anonymous_26)
FNDA:0,(anonymous_27)
FNDA:0,(anonymous_28)
FNDA:0,(anonymous_29)
FNDA:0,(anonymous_30)
FNDA:0,(anonymous_31)
FNDA:0,(anonymous_32)
FNDA:0,(anonymous_33)
FNDA:0,(anonymous_34)
FNDA:0,(anonymous_35)
FNDA:0,(anonymous_36)
FNDA:0,(anonymous_37)
FNDA:0,(anonymous_38)
FNDA:0,(anonymous_39)
FNDA:0,(anonymous_40)
FNDA:0,(anonymous_41)
FNDA:0,(anonymous_42)
FNDA:0,(anonymous_43)
DA:17,0
DA:18,0
DA:20,0
DA:21,0
DA:22,0
DA:24,0
DA:25,0
DA:26,0
DA:27,0
DA:28,0
DA:29,0
DA:30,0
DA:31,0
DA:32,0
DA:33,0
DA:34,0
DA:35,0
DA:36,0
DA:37,0
DA:39,0
DA:40,0
DA:41,0
DA:43,0
DA:44,0
DA:45,0
DA:47,0
DA:48,0
DA:49,0
DA:52,0
DA:53,0
DA:56,0
DA:57,0
DA:61,0
DA:64,0
DA:68,0
DA:71,0
DA:72,0
DA:73,0
DA:75,0
DA:76,0
DA:78,0
DA:80,0
DA:83,0
DA:84,0
DA:85,0
DA:86,0
DA:87,0
DA:88,0
DA:89,0
DA:90,0
DA:91,0
DA:96,0
DA:97,0
DA:98,0
DA:100,0
DA:101,0
DA:104,0
DA:106,0
DA:107,0
DA:109,0
DA:110,0
DA:112,0
DA:116,0
DA:119,0
DA:121,0
DA:122,0
DA:124,0
DA:126,0
DA:127,0
DA:129,0
DA:140,0
DA:142,0
DA:148,0
DA:151,0
DA:152,0
DA:154,0
DA:155,0
DA:156,0
DA:163,0
DA:167,0
DA:168,0
DA:176,0
DA:180,0
DA:181,0
DA:183,0
DA:186,0
DA:187,0
DA:190,0
DA:191,0
DA:192,0
DA:195,0
DA:196,0
DA:199,0
DA:200,0
DA:218,0
DA:219,0
DA:220,0
DA:233,0
DA:236,0
DA:238,0
DA:240,0
DA:241,0
DA:242,0
DA:243,0
DA:244,0
DA:246,0
DA:247,0
DA:249,0
DA:268,0
DA:269,0
DA:271,0
DA:272,0
DA:275,0
DA:276,0
DA:278,0
DA:299,0
DA:302,0
DA:303,0
DA:312,0
DA:313,0
DA:315,0
DA:333,0
DA:334,0
DA:335,0
DA:339,0
DA:340,0
DA:342,0
DA:343,0
DA:345,0
DA:359,0
DA:361,0
DA:362,0
DA:378,0
DA:379,0
DA:380,0
DA:381,0
DA:382,0
DA:383,0
DA:384,0
DA:386,0
DA:387,0
DA:388,0
DA:389,0
DA:390,0
DA:391,0
DA:394,0
DA:397,0
DA:399,0
DA:403,0
DA:404,0
DA:405,0
DA:406,0
DA:409,0
DA:410,0
DA:413,0
DA:414,0
DA:417,0
DA:418,0
DA:420,0
DA:421,0
DA:423,0
DA:424,0
DA:425,0
DA:427,0
DA:428,0
DA:430,0
DA:431,0
DA:432,0
DA:433,0
DA:435,0
DA:451,0
DA:452,0
DA:466,0
DA:467,0
DA:468,0
DA:517,0
DA:521,0
DA:525,0
LF:178
LH:0
BRDA:41,0,0,0
BRDA:41,0,1,0
BRDA:47,1,0,0
BRDA:47,1,1,0
BRDA:56,2,0,0
BRDA:56,2,1,0
BRDA:89,3,0,0
BRDA:89,3,1,0
BRDA:98,4,0,0
BRDA:98,4,1,0
BRDA:121,5,0,0
BRDA:121,5,1,0
BRDA:140,6,0,0
BRDA:140,6,1,0
BRDA:152,7,0,0
BRDA:152,7,1,0
BRDA:155,8,0,0
BRDA:155,8,1,0
BRDA:160,9,0,0
BRDA:160,9,1,0
BRDA:167,10,0,0
BRDA:167,10,1,0
BRDA:195,11,0,0
BRDA:195,11,1,0
BRDA:218,12,0,0
BRDA:218,12,1,0
BRDA:219,13,0,0
BRDA:219,13,1,0
BRDA:241,14,0,0
BRDA:241,14,1,0
BRDA:313,15,0,0
BRDA:313,15,1,0
BRDA:313,16,0,0
BRDA:313,16,1,0
BRDA:333,17,0,0
BRDA:333,17,1,0
BRDA:333,18,0,0
BRDA:333,18,1,0
BRDA:361,19,0,0
BRDA:361,19,1,0
BRDA:387,20,0,0
BRDA:387,20,1,0
BRDA:397,21,0,0
BRDA:397,21,1,0
BRDA:399,22,0,0
BRDA:399,22,1,0
BRDA:403,23,0,0
BRDA:403,23,1,0
BRDA:446,24,0,0
BRDA:446,24,1,0
BRDA:456,25,0,0
BRDA:456,25,1,0
BRDA:461,26,0,0
BRDA:461,26,1,0
BRDA:467,27,0,0
BRDA:467,27,1,0
BRDA:482,28,0,0
BRDA:482,28,1,0
BRDA:490,29,0,0
BRDA:490,29,1,0
BRDA:514,30,0,0
BRDA:514,30,1,0
BRDA:520,31,0,0
BRDA:520,31,1,0
BRDA:523,32,0,0
BRDA:523,32,1,0
BRF:66
BRH:0
end_of_record
TN:
SF:src\components\User\UserPages.jsx
FN:5,UserPages
FNF:1
FNH:0
FNDA:0,UserPages
DA:6,0
LF:1
LH:0
BRF:0
BRH:0
end_of_record
TN:
SF:src\components\User\components\Quiz\Placeholder.jsx
FN:3,Placeholder
FNF:1
FNH:0
FNDA:0,Placeholder
DA:4,0
LF:1
LH:0
BRF:0
BRH:0
end_of_record
TN:
SF:src\components\User\components\Quiz\QuizControls.jsx
FN:5,(anonymous_0)
FNF:1
FNH:0
FNDA:0,(anonymous_0)
DA:5,0
DA:18,0
DA:47,0
LF:3
LH:0
BRDA:22,0,0,0
BRDA:22,0,1,0
BRDA:25,1,0,0
BRDA:25,1,1,0
BRDA:25,2,0,0
BRDA:25,2,1,0
BRF:6
BRH:0
end_of_record
TN:
SF:src\components\User\components\Quiz\QuizForm.jsx
FN:4,(anonymous_0)
FN:19,(anonymous_1)
FNF:2
FNH:0
FNDA:0,(anonymous_0)
FNDA:0,(anonymous_1)
DA:4,0
DA:14,0
DA:20,0
DA:21,0
DA:61,0
LF:5
LH:0
BRDA:26,0,0,0
BRDA:26,0,1,0
BRDA:36,1,0,0
BRDA:36,1,1,0
BRDA:43,2,0,0
BRDA:43,2,1,0
BRDA:48,3,0,0
BRDA:48,3,1,0
BRDA:48,3,2,0
BRF:9
BRH:0
end_of_record
TN:
SF:src\components\User\components\Quiz\QuizInterface.jsx
FN:5,(anonymous_0)
FNF:1
FNH:0
FNDA:0,(anonymous_0)
DA:5,0
DA:20,0
DA:65,0
LF:3
LH:0
BRDA:37,0,0,0
BRDA:37,0,1,0
BRF:2
BRH:0
end_of_record
TN:
SF:src\components\User\components\Sidebar\DailyRewards.jsx
FN:4,(anonymous_0)
FN:15,(anonymous_1)
FN:19,(anonymous_2)
FN:22,(anonymous_3)
FN:26,(anonymous_4)
FN:30,(anonymous_5)
FN:42,(anonymous_6)
FN:50,(anonymous_7)
FN:71,(anonymous_8)
FN:139,(anonymous_9)
FN:147,(anonymous_10)
FN:165,(anonymous_11)
FN:173,(anonymous_12)
FN:183,(anonymous_13)
FN:275,(anonymous_14)
FN:291,(anonymous_15)
FN:305,(anonymous_16)
FN:314,(anonymous_17)
FNF:18
FNH:0
FNDA:0,(anonymous_0)
FNDA:0,(anonymous_1)
FNDA:0,(anonymous_2)
FNDA:0,(anonymous_3)
FNDA:0,(anonymous_4)
FNDA:0,(anonymous_5)
FNDA:0,(anonymous_6)
FNDA:0,(anonymous_7)
FNDA:0,(anonymous_8)
FNDA:0,(anonymous_9)
FNDA:0,(anonymous_10)
FNDA:0,(anonymous_11)
FNDA:0,(anonymous_12)
FNDA:0,(anonymous_13)
FNDA:0,(anonymous_14)
FNDA:0,(anonymous_15)
FNDA:0,(anonymous_16)
FNDA:0,(anonymous_17)
DA:4,0
DA:11,0
DA:12,0
DA:13,0
DA:14,0
DA:15,0
DA:16,0
DA:19,0
DA:20,0
DA:21,0
DA:22,0
DA:23,0
DA:26,0
DA:30,0
DA:31,0
DA:32,0
DA:34,0
DA:35,0
DA:38,0
DA:40,0
DA:41,0
DA:42,0
DA:44,0
DA:46,0
DA:47,0
DA:50,0
DA:51,0
DA:54,0
DA:56,0
DA:59,0
DA:62,0
DA:71,0
DA:72,0
DA:74,0
DA:75,0
DA:76,0
DA:77,0
DA:79,0
DA:90,0
DA:91,0
DA:93,0
DA:94,0
DA:96,0
DA:97,0
DA:100,0
DA:101,0
DA:104,0
DA:106,0
DA:107,0
DA:109,0
DA:110,0
DA:127,0
DA:130,0
DA:139,0
DA:140,0
DA:141,0
DA:147,0
DA:148,0
DA:149,0
DA:150,0
DA:151,0
DA:152,0
DA:154,0
DA:155,0
DA:158,0
DA:159,0
DA:162,0
DA:165,0
DA:166,0
DA:167,0
DA:170,0
DA:171,0
DA:172,0
DA:173,0
DA:174,0
DA:175,0
DA:178,0
DA:179,0
DA:181,0
DA:182,0
DA:183,0
DA:184,0
DA:186,0
DA:188,0
DA:252,0
DA:276,0
DA:277,0
DA:278,0
DA:292,0
DA:293,0
DA:294,0
DA:306,0
DA:314,0
LF:93
LH:0
BRDA:20,0,0,0
BRDA:20,0,1,0
BRDA:20,1,0,0
BRDA:20,1,1,0
BRDA:20,1,2,0
BRDA:34,2,0,0
BRDA:34,2,1,0
BRDA:40,3,0,0
BRDA:40,3,1,0
BRDA:72,4,0,0
BRDA:72,4,1,0
BRDA:76,5,0,0
BRDA:76,5,1,0
BRDA:77,6,0,0
BRDA:77,6,1,0
BRDA:100,7,0,0
BRDA:100,7,1,0
BRDA:101,8,0,0
BRDA:101,8,1,0
BRDA:104,9,0,0
BRDA:104,9,1,0
BRDA:132,10,0,0
BRDA:132,10,1,0
BRDA:140,11,0,0
BRDA:140,11,1,0
BRDA:140,12,0,0
BRDA:140,12,1,0
BRDA:142,13,0,0
BRDA:142,13,1,0
BRDA:142,13,2,0
BRDA:167,14,0,0
BRDA:167,14,1,0
BRDA:167,15,0,0
BRDA:167,15,1,0
BRDA:174,16,0,0
BRDA:174,16,1,0
BRDA:191,17,0,0
BRDA:191,17,1,0
BRDA:191,18,0,0
BRDA:191,18,1,0
BRDA:195,19,0,0
BRDA:195,19,1,0
BRDA:195,20,0,0
BRDA:195,20,1,0
BRDA:200,21,0,0
BRDA:200,21,1,0
BRDA:200,22,0,0
BRDA:200,22,1,0
BRDA:205,23,0,0
BRDA:205,23,1,0
BRDA:210,24,0,0
BRDA:210,24,1,0
BRDA:229,25,0,0
BRDA:229,25,1,0
BRDA:234,26,0,0
BRDA:234,26,1,0
BRDA:234,26,2,0
BRDA:239,27,0,0
BRDA:239,27,1,0
BRDA:239,27,2,0
BRDA:244,28,0,0
BRDA:244,28,1,0
BRF:62
BRH:0
end_of_record
TN:
SF:src\components\User\components\Sidebar\ProfilePictureModal.jsx
FN:4,(anonymous_0)
FN:17,(anonymous_1)
FN:26,(anonymous_2)
FN:44,(anonymous_3)
FN:51,(anonymous_4)
FN:74,(anonymous_5)
FNF:6
FNH:0
FNDA:0,(anonymous_0)
FNDA:0,(anonymous_1)
FNDA:0,(anonymous_2)
FNDA:0,(anonymous_3)
FNDA:0,(anonymous_4)
FNDA:0,(anonymous_5)
DA:4,0
DA:11,0
DA:12,0
DA:13,0
DA:14,0
DA:15,0
DA:17,0
DA:18,0
DA:19,0
DA:20,0
DA:21,0
DA:22,0
DA:26,0
DA:27,0
DA:28,0
DA:29,0
DA:30,0
DA:31,0
DA:32,0
DA:35,0
DA:36,0
DA:37,0
DA:40,0
DA:41,0
DA:43,0
DA:44,0
DA:45,0
DA:47,0
DA:51,0
DA:52,0
DA:53,0
DA:54,0
DA:55,0
DA:58,0
DA:59,0
DA:60,0
DA:62,0
DA:63,0
DA:65,0
DA:66,0
DA:75,0
DA:78,0
DA:82,0
DA:84,0
DA:85,0
DA:86,0
DA:87,0
DA:89,0
DA:92,0
DA:93,0
DA:99,0
DA:103,0
DA:105,0
LF:53
LH:0
BRDA:18,0,0,0
BRDA:18,0,1,0
BRDA:28,1,0,0
BRDA:28,1,1,0
BRDA:30,2,0,0
BRDA:30,2,1,0
BRDA:35,3,0,0
BRDA:35,3,1,0
BRDA:53,4,0,0
BRDA:53,4,1,0
BRDA:82,5,0,0
BRDA:82,5,1,0
BRDA:89,6,0,0
BRDA:89,6,1,0
BRDA:94,7,0,0
BRDA:94,7,1,0
BRDA:94,7,2,0
BRDA:103,8,0,0
BRDA:103,8,1,0
BRDA:120,9,0,0
BRDA:120,9,1,0
BRDA:123,10,0,0
BRDA:123,10,1,0
BRDA:123,10,2,0
BRDA:147,11,0,0
BRDA:147,11,1,0
BRDA:159,12,0,0
BRDA:159,12,1,0
BRDA:165,13,0,0
BRDA:165,13,1,0
BRDA:167,14,0,0
BRDA:167,14,1,0
BRF:32
BRH:0
end_of_record
TN:
SF:src\components\User\components\Sidebar\ProgressDisplay.jsx
FN:10,ProgressDisplay
FN:19,(anonymous_1)
FN:31,(anonymous_2)
FN:32,(anonymous_3)
FN:69,(anonymous_4)
FN:78,(anonymous_5)
FN:85,(anonymous_6)
FN:94,(anonymous_7)
FN:132,(anonymous_8)
FN:148,(anonymous_9)
FN:151,(anonymous_10)
FN:165,(anonymous_11)
FN:178,(anonymous_12)
FN:220,(anonymous_13)
FNF:14
FNH:0
FNDA:0,ProgressDisplay
FNDA:0,(anonymous_1)
FNDA:0,(anonymous_2)
FNDA:0,(anonymous_3)
FNDA:0,(anonymous_4)
FNDA:0,(anonymous_5)
FNDA:0,(anonymous_6)
FNDA:0,(anonymous_7)
FNDA:0,(anonymous_8)
FNDA:0,(anonymous_9)
FNDA:0,(anonymous_10)
FNDA:0,(anonymous_11)
FNDA:0,(anonymous_12)
FNDA:0,(anonymous_13)
DA:11,0
DA:12,0
DA:13,0
DA:19,0
DA:20,0
DA:21,0
DA:22,0
DA:23,0
DA:24,0
DA:27,0
DA:31,0
DA:32,0
DA:35,0
DA:37,0
DA:38,0
DA:39,0
DA:43,0
DA:47,0
DA:51,0
DA:52,0
DA:53,0
DA:57,0
DA:58,0
DA:59,0
DA:63,0
DA:69,0
DA:70,0
DA:71,0
DA:72,0
DA:74,0
DA:78,0
DA:79,0
DA:80,0
DA:81,0
DA:85,0
DA:86,0
DA:87,0
DA:88,0
DA:89,0
DA:91,0
DA:94,0
DA:95,0
DA:96,0
DA:98,0
DA:99,0
DA:100,0
DA:103,0
DA:104,0
DA:107,0
DA:132,0
DA:149,0
DA:151,0
DA:165,0
DA:178,0
DA:221,0
DA:295,0
LF:56
LH:0
BRDA:12,0,0,0
BRDA:12,0,1,0
BRDA:20,1,0,0
BRDA:20,1,1,0
BRDA:23,2,0,0
BRDA:23,2,1,0
BRDA:35,3,0,0
BRDA:35,3,1,0
BRDA:35,3,2,0
BRDA:35,3,3,0
BRDA:35,3,4,0
BRDA:35,3,5,0
BRDA:39,4,0,0
BRDA:39,4,1,0
BRDA:43,5,0,0
BRDA:43,5,1,0
BRDA:47,6,0,0
BRDA:47,6,1,0
BRDA:51,7,0,0
BRDA:51,7,1,0
BRDA:52,8,0,0
BRDA:52,8,1,0
BRDA:53,9,0,0
BRDA:53,9,1,0
BRDA:57,10,0,0
BRDA:57,10,1,0
BRDA:58,11,0,0
BRDA:58,11,1,0
BRDA:59,12,0,0
BRDA:59,12,1,0
BRDA:71,13,0,0
BRDA:71,13,1,0
BRDA:71,14,0,0
BRDA:71,14,1,0
BRDA:81,15,0,0
BRDA:81,15,1,0
BRDA:86,16,0,0
BRDA:86,16,1,0
BRDA:88,17,0,0
BRDA:88,17,1,0
BRDA:95,18,0,0
BRDA:95,18,1,0
BRDA:103,19,0,0
BRDA:103,19,1,0
BRDA:121,20,0,0
BRDA:121,20,1,0
BRDA:155,21,0,0
BRDA:155,21,1,0
BRDA:156,22,0,0
BRDA:156,22,1,0
BRDA:169,23,0,0
BRDA:169,23,1,0
BRDA:170,24,0,0
BRDA:170,24,1,0
BRDA:182,25,0,0
BRDA:182,25,1,0
BRDA:183,26,0,0
BRDA:183,26,1,0
BRDA:202,27,0,0
BRDA:202,27,1,0
BRDA:205,28,0,0
BRDA:205,28,1,0
BRDA:212,29,0,0
BRDA:212,29,1,0
BRDA:224,30,0,0
BRDA:224,30,1,0
BRDA:253,31,0,0
BRDA:253,31,1,0
BRDA:259,32,0,0
BRDA:259,32,1,0
BRF:70
BRH:0
end_of_record
TN:
SF:src\components\User\components\Sidebar\RankingDisplay.jsx
FN:13,RankingsDisplay
FN:23,(anonymous_1)
FN:24,(anonymous_2)
FN:46,(anonymous_3)
FN:66,(anonymous_4)
FN:72,(anonymous_5)
FN:75,(anonymous_6)
FN:140,(anonymous_7)
FN:147,(anonymous_8)
FN:154,(anonymous_9)
FN:161,(anonymous_10)
FN:168,(anonymous_11)
FN:196,(anonymous_12)
FN:199,(anonymous_13)
FN:216,(anonymous_14)
FNF:15
FNH:0
FNDA:0,RankingsDisplay
FNDA:0,(anonymous_1)
FNDA:0,(anonymous_2)
FNDA:0,(anonymous_3)
FNDA:0,(anonymous_4)
FNDA:0,(anonymous_5)
FNDA:0,(anonymous_6)
FNDA:0,(anonymous_7)
FNDA:0,(anonymous_8)
FNDA:0,(anonymous_9)
FNDA:0,(anonymous_10)
FNDA:0,(anonymous_11)
FNDA:0,(anonymous_12)
FNDA:0,(anonymous_13)
FNDA:0,(anonymous_14)
DA:14,0
DA:21,0
DA:22,0
DA:23,0
DA:24,0
DA:25,0
DA:26,0
DA:27,0
DA:29,0
DA:37,0
DA:39,0
DA:43,0
DA:46,0
DA:47,0
DA:49,0
DA:50,0
DA:60,0
DA:66,0
DA:72,0
DA:73,0
DA:76,0
DA:78,0
DA:134,0
DA:140,0
DA:147,0
DA:154,0
DA:161,0
DA:168,0
DA:172,0
DA:197,0
DA:199,0
DA:217,0
LF:32
LH:0
BRDA:49,0,0,0
BRDA:49,0,1,0
BRDA:83,1,0,0
BRDA:83,1,1,0
BRDA:91,2,0,0
BRDA:91,2,1,0
BRDA:95,3,0,0
BRDA:95,3,1,0
BRDA:97,4,0,0
BRDA:97,4,1,0
BRDA:113,5,0,0
BRDA:113,5,1,0
BRDA:201,6,0,0
BRDA:201,6,1,0
BRDA:220,7,0,0
BRDA:220,7,1,0
BRF:16
BRH:0
end_of_record
TN:
SF:src\components\User\components\Sidebar\Title.jsx
FN:3,Title
FNF:1
FNH:0
FNDA:0,Title
DA:4,0
LF:1
LH:0
BRF:0
BRH:0
end_of_record
TN:
SF:src\components\User\components\Sidebar\UserInfo.jsx
FN:6,UserInfo
FN:22,(anonymous_1)
FN:23,(anonymous_2)
FN:40,(anonymous_3)
FN:51,(anonymous_4)
FN:79,(anonymous_5)
FN:90,(anonymous_6)
FN:162,(anonymous_7)
FNF:8
FNH:0
FNDA:0,UserInfo
FNDA:0,(anonymous_1)
FNDA:0,(anonymous_2)
FNDA:0,(anonymous_3)
FNDA:0,(anonymous_4)
FNDA:0,(anonymous_5)
FNDA:0,(anonymous_6)
FNDA:0,(anonymous_7)
DA:16,0
DA:18,0
DA:19,0
DA:22,0
DA:23,0
DA:24,0
DA:26,0
DA:27,0
DA:31,0
DA:32,0
DA:35,0
DA:36,0
DA:37,0
DA:40,0
DA:42,0
DA:44,0
DA:48,0
DA:51,0
DA:52,0
DA:54,0
DA:55,0
DA:62,0
DA:79,0
DA:91,0
DA:92,0
DA:162,0
DA:170,0
LF:27
LH:0
BRDA:24,0,0,0
BRDA:24,0,1,0
BRDA:31,1,0,0
BRDA:31,1,1,0
BRDA:54,2,0,0
BRDA:54,2,1,0
BRDA:85,3,0,0
BRDA:85,3,1,0
BRF:8
BRH:0
end_of_record
