TN:
SF:src\App.jsx
FN:5,App
FNF:1
FNH:0
FNDA:0,App
DA:6,0
LF:1
LH:0
BRF:0
BRH:0
end_of_record
TN:
SF:src\main.jsx
FNF:0
FNH:0
DA:7,0
LF:1
LH:0
BRF:0
BRH:0
end_of_record
TN:
SF:src\components\Pages.jsx
FN:9,Pages
FNF:1
FNH:0
FNDA:0,Pages
DA:10,0
LF:1
LH:0
BRF:0
BRH:0
end_of_record
TN:
SF:src\components\Admin\AdminPages.jsx
FN:8,AdminPages
FNF:1
FNH:0
FNDA:0,AdminPages
DA:9,0
LF:1
LH:0
BRF:0
BRH:0
end_of_record
TN:
SF:src\components\Admin\AdminSidebar.jsx
FN:4,AdminSidebar
FNF:1
FNH:0
FNDA:0,AdminSidebar
DA:5,0
LF:1
LH:0
BRF:0
BRH:0
end_of_record
TN:
SF:src\components\Admin\CRUD\AdminDashboard.jsx
FN:8,AdminDashboard
FNF:1
FNH:0
FNDA:0,AdminDashboard
DA:9,0
LF:1
LH:0
BRF:0
BRH:0
end_of_record
TN:
SF:src\components\Admin\CRUD\CreateQuiz.jsx
FN:3,(anonymous_0)
FN:9,(anonymous_1)
FN:13,(anonymous_2)
FN:19,(anonymous_3)
FN:31,(anonymous_4)
FN:34,(anonymous_5)
FN:40,(anonymous_6)
FN:46,(anonymous_7)
FN:51,(anonymous_8)
FN:58,(anonymous_9)
FNF:10
FNH:0
FNDA:0,(anonymous_0)
FNDA:0,(anonymous_1)
FNDA:0,(anonymous_2)
FNDA:0,(anonymous_3)
FNDA:0,(anonymous_4)
FNDA:0,(anonymous_5)
FNDA:0,(anonymous_6)
FNDA:0,(anonymous_7)
FNDA:0,(anonymous_8)
FNDA:0,(anonymous_9)
DA:3,0
DA:4,0
DA:5,0
DA:9,0
DA:10,0
DA:13,0
DA:14,0
DA:15,0
DA:16,0
DA:19,0
DA:23,0
DA:31,0
DA:35,0
DA:41,0
DA:42,0
DA:43,0
DA:47,0
DA:52,0
DA:53,0
DA:54,0
DA:58,0
LF:21
LH:0
BRF:0
BRH:0
end_of_record
TN:
SF:src\components\Admin\CRUD\ManageQuiz.jsx
FN:3,(anonymous_0)
FN:6,(anonymous_1)
FN:9,(anonymous_2)
FN:10,(anonymous_3)
FN:18,(anonymous_4)
FNF:5
FNH:0
FNDA:0,(anonymous_0)
FNDA:0,(anonymous_1)
FNDA:0,(anonymous_2)
FNDA:0,(anonymous_3)
FNDA:0,(anonymous_4)
DA:3,0
DA:4,0
DA:6,0
DA:8,0
DA:9,0
DA:10,0
DA:13,0
DA:19,0
LF:8
LH:0
BRF:0
BRH:0
end_of_record
TN:
SF:src\components\Admin\CRUD\ManageUsers.jsx
FN:2,(anonymous_0)
FN:5,(anonymous_1)
FN:8,(anonymous_2)
FN:9,(anonymous_3)
FN:16,(anonymous_4)
FNF:5
FNH:0
FNDA:0,(anonymous_0)
FNDA:0,(anonymous_1)
FNDA:0,(anonymous_2)
FNDA:0,(anonymous_3)
FNDA:0,(anonymous_4)
DA:2,0
DA:3,0
DA:5,0
DA:7,0
DA:8,0
DA:9,0
DA:12,0
DA:17,0
LF:8
LH:0
BRF:0
BRH:0
end_of_record
TN:
SF:src\components\Login\Forms.jsx
FN:7,(anonymous_0)
FN:24,(anonymous_1)
FN:42,(anonymous_2)
FN:73,(anonymous_3)
FN:84,(anonymous_4)
FN:107,(anonymous_5)
FN:125,(anonymous_6)
FN:142,(anonymous_7)
FN:166,(anonymous_8)
FN:182,(anonymous_9)
FN:203,(anonymous_10)
FN:211,(anonymous_11)
FN:222,(anonymous_12)
FN:238,(anonymous_13)
FN:343,(anonymous_14)
FN:354,(anonymous_15)
FNF:16
FNH:13
FNDA:19,(anonymous_0)
FNDA:3,(anonymous_1)
FNDA:2,(anonymous_2)
FNDA:4,(anonymous_3)
FNDA:2,(anonymous_4)
FNDA:2,(anonymous_5)
FNDA:3,(anonymous_6)
FNDA:2,(anonymous_7)
FNDA:8,(anonymous_8)
FNDA:3,(anonymous_9)
FNDA:0,(anonymous_10)
FNDA:0,(anonymous_11)
FNDA:2,(anonymous_12)
FNDA:0,(anonymous_13)
FNDA:1,(anonymous_14)
FNDA:32,(anonymous_15)
DA:7,1
DA:16,19
DA:17,19
DA:18,19
DA:19,19
DA:20,19
DA:21,19
DA:24,19
DA:25,3
DA:27,3
DA:28,0
DA:29,3
DA:30,0
DA:31,3
DA:32,0
DA:35,3
DA:36,0
DA:39,3
DA:42,19
DA:43,2
DA:45,2
DA:46,0
DA:47,2
DA:48,0
DA:49,2
DA:50,0
DA:54,2
DA:57,2
DA:60,2
DA:61,0
DA:65,2
DA:68,2
DA:70,2
DA:73,19
DA:74,4
DA:75,0
DA:76,4
DA:77,0
DA:78,4
DA:79,0
DA:81,4
DA:84,19
DA:85,2
DA:86,2
DA:87,0
DA:91,2
DA:92,2
DA:93,0
DA:97,2
DA:98,2
DA:100,2
DA:101,0
DA:104,2
DA:107,19
DA:108,2
DA:109,0
DA:111,2
DA:112,2
DA:113,2
DA:114,2
DA:119,0
DA:121,2
DA:125,19
DA:126,3
DA:128,3
DA:130,3
DA:134,3
DA:136,3
DA:137,3
DA:142,19
DA:143,2
DA:146,2
DA:147,2
DA:148,2
DA:149,2
DA:150,2
DA:151,2
DA:153,2
DA:162,2
DA:165,2
DA:166,8
DA:169,2
DA:170,2
DA:178,0
DA:182,19
DA:183,3
DA:184,3
DA:186,3
DA:187,3
DA:190,3
DA:196,2
DA:197,2
DA:201,2
DA:203,2
DA:204,0
DA:207,0
DA:211,2
DA:212,0
DA:215,1
DA:216,1
DA:218,3
DA:222,19
DA:223,2
DA:225,2
DA:226,2
DA:229,2
DA:232,2
DA:233,2
DA:238,2
DA:239,0
DA:242,0
DA:244,0
DA:249,2
DA:253,19
DA:343,1
DA:354,1
DA:355,32
DA:369,1
LF:118
LH:95
BRDA:27,0,0,0
BRDA:27,0,1,3
BRDA:29,1,0,0
BRDA:29,1,1,3
BRDA:31,2,0,0
BRDA:31,2,1,3
BRDA:35,3,0,0
BRDA:35,3,1,3
BRDA:45,4,0,0
BRDA:45,4,1,2
BRDA:47,5,0,0
BRDA:47,5,1,2
BRDA:49,6,0,0
BRDA:49,6,1,2
BRDA:60,7,0,0
BRDA:60,7,1,2
BRDA:73,8,0,2
BRDA:74,9,0,0
BRDA:74,9,1,4
BRDA:76,10,0,0
BRDA:76,10,1,4
BRDA:78,11,0,0
BRDA:78,11,1,4
BRDA:78,12,0,4
BRDA:78,12,1,2
BRDA:86,13,0,0
BRDA:86,13,1,2
BRDA:92,14,0,0
BRDA:92,14,1,2
BRDA:100,15,0,0
BRDA:100,15,1,2
BRDA:100,16,0,2
BRDA:100,16,1,2
BRDA:108,17,0,0
BRDA:108,17,1,2
BRDA:114,18,0,0
BRDA:114,18,1,2
BRDA:115,19,0,2
BRDA:115,19,1,2
BRDA:115,19,2,0
BRDA:136,20,0,3
BRDA:136,20,1,0
BRDA:169,21,0,2
BRDA:169,21,1,0
BRDA:187,22,0,1
BRDA:187,22,1,2
BRDA:196,23,0,2
BRDA:196,23,1,0
BRDA:196,24,0,2
BRDA:196,24,1,2
BRDA:196,24,2,0
BRDA:198,25,0,1
BRDA:198,25,1,1
BRDA:204,26,0,0
BRDA:204,26,1,0
BRDA:226,27,0,1
BRDA:226,27,1,1
BRDA:234,28,0,1
BRDA:234,28,1,1
BRDA:246,29,0,0
BRDA:246,29,1,0
BRDA:256,30,0,7
BRDA:256,30,1,12
BRDA:259,31,0,7
BRDA:259,31,1,12
BRDA:260,32,0,3
BRDA:260,32,1,4
BRDA:263,33,0,3
BRDA:263,33,1,9
BRDA:269,34,0,19
BRDA:269,34,1,0
BRDA:272,35,0,19
BRDA:272,35,1,2
BRDA:275,36,0,0
BRDA:275,36,1,2
BRDA:285,37,0,19
BRDA:285,37,1,2
BRDA:292,38,0,19
BRDA:292,38,1,17
BRDA:292,38,2,15
BRDA:294,39,0,5
BRDA:294,39,1,10
BRDA:306,40,0,10
BRDA:306,40,1,3
BRDA:309,41,0,3
BRDA:309,41,1,7
BRDA:315,42,0,3
BRDA:315,42,1,7
BRDA:320,43,0,10
BRDA:320,43,1,3
BRDA:327,44,0,10
BRDA:327,44,1,3
BRDA:329,45,0,10
BRDA:329,45,1,3
BRDA:338,46,0,19
BRDA:338,46,1,17
BRDA:338,46,2,15
BRDA:341,47,0,5
BRDA:341,47,1,10
BRDA:365,48,0,32
BRDA:365,48,1,2
BRF:101
BRH:74
end_of_record
TN:
SF:src\components\Login\Login.jsx
FN:4,(anonymous_0)
FN:11,(anonymous_1)
FN:19,(anonymous_2)
FN:45,(anonymous_3)
FN:52,(anonymous_4)
FN:100,(anonymous_5)
FN:107,(anonymous_6)
FNF:7
FNH:0
FNDA:0,(anonymous_0)
FNDA:0,(anonymous_1)
FNDA:0,(anonymous_2)
FNDA:0,(anonymous_3)
FNDA:0,(anonymous_4)
FNDA:0,(anonymous_5)
FNDA:0,(anonymous_6)
DA:4,0
DA:5,0
DA:6,0
DA:7,0
DA:8,0
DA:9,0
DA:11,0
DA:12,0
DA:13,0
DA:14,0
DA:17,0
DA:18,0
DA:19,0
DA:22,0
DA:45,0
DA:52,0
DA:100,0
DA:107,0
LF:18
LH:0
BRDA:11,0,0,0
BRDA:11,1,0,0
BRDA:12,2,0,0
BRDA:12,2,1,0
BRDA:74,3,0,0
BRDA:74,3,1,0
BRF:6
BRH:0
end_of_record
TN:
SF:src\components\User\BinaryAlgo.jsx
FN:3,BinaryAlgo
FN:46,(anonymous_1)
FN:60,(anonymous_2)
FN:74,(anonymous_3)
FNF:4
FNH:0
FNDA:0,BinaryAlgo
FNDA:0,(anonymous_1)
FNDA:0,(anonymous_2)
FNDA:0,(anonymous_3)
DA:4,0
DA:47,0
DA:61,0
DA:75,0
LF:4
LH:0
BRF:0
BRH:0
end_of_record
TN:
SF:src\components\User\SortingAlgo.jsx
FN:3,SortingAlgo
FNF:1
FNH:0
FNDA:0,SortingAlgo
DA:4,0
LF:1
LH:0
BRF:0
BRH:0
end_of_record
TN:
SF:src\components\User\UserDashboard.jsx
FN:3,UserDashboard
FNF:1
FNH:0
FNDA:0,UserDashboard
DA:4,0
LF:1
LH:0
BRF:0
BRH:0
end_of_record
